waṗiye	waṗiwaye	V;SG;1;PRS
ohitike	uŋyhitikapi	V;PL;1;PRS
icimani ye	icimani ye	V;SG;3;PRS
héc̣a	auŋc̣a	V;PL;1+INCL;PRS
ṡapye	uŋkṡapye	V;PL;1+INCL;PRS
ḣtani ye	ḣtani uŋye	V;PL;1+INCL;PRS
okicide	bdkicide	V;SG;1;PRS
nataŋ	wanataŋ	V;SG;1;PRS
hdasaŋ	hdasaŋ	V;SG;3;PRS
ḣa	ḣa	V;SG;3;PRS
kaḳi	yakaḳipi	V;PL;2;PRS
hde	yahdapi	V;PL;2;PRS
ihdohde	yaihdohde	V;SG;2;PRS
aohaha	waaohaha	V;SG;1;PRS
aḳi	yaaḳipi	V;PL;2;PRS
ic̣'icaġe	uŋkic̣'icaġe	V;PL;1+INCL;PRS
watopa	uŋwatopapi	V;PL;1;PRS
ibotu	ibouŋyapi	V;PL;1;PRS
pasdohaŋ	wapasdohaŋ	V;SG;1;PRS
snihda	sniyahda	V;SG;2;PRS
c̣antewaṡte	c̣antewyakiye	V;SG;2;PRS
icewakte	waicewakte	V;SG;1;PRS
iyauŋpe	uŋyyauŋpe	V;PL;1+INCL;PRS
ṭi	uŋṭi	V;PL;1+INCL;PRS
iḳope	iḳope	V;SG;3;PRS
waḣpanice	wawaḣpanice	V;SG;1;PRS
núni	dúnipi	V;PL;2;PRS
ṗáhiŋ kícisuŋ	ṗáhiŋ uŋkicuŋ	V;PL;1+INCL;PRS
wópeṭuŋ	wópeyahda	V;SG;2;PRS
wic̣ada	wic̣awaye	V;SG;1;PRS
aḣpeya	uŋaḣpeya	V;PL;1+INCL;PRS
épaṭaŋ	uŋépaṭaŋpi	V;PL;1;PRS
yazaŋ	yazaŋpi	V;PL;3;PRS
hiŋhde	uŋkhiŋhde	V;PL;1+INCL;PRS
hdicu	uŋhdicupi	V;PL;1;PRS
ohitike	uŋyhitike	V;PL;1+INCL;PRS
kabubu	yakabubupi	V;PL;2;PRS
kíciyuieska	kciyuiyuhe	V;SG;3;PRS
u	u	V;SG;3;PRS
tógeḣpekiye	tógeḣpeyakiye	V;SG;2;PRS
wac̣ekiye	wac̣ekiyaye	V;SG;2;PRS
yuḣpe	bduḣpe	V;SG;1;PRS
kai	wakai	V;SG;1;PRS
mnaye	mnayapi	V;PL;3;PRS
iyekiciye	iyeweciy	V;SG;1;PRS
ihakab	bdhakae	V;SG;1;PRS
yużipa	uŋyużipapi	V;PL;1;PRS
hoḣpa	ayaḣpa	V;SG;2;PRS
kahiŋte	kahiŋtapi	V;PL;3;PRS
ohnake	dhnake	V;SG;2;PRS
ksúye	ksúye	V;SG;3;PRS
ksápe	yaksápe	V;SG;2;PRS
eyokiya	eyokiyapi	V;PL;3;PRS
naḣma abdeza	yanaḣma abdezapi	V;PL;2;PRS
awaciŋ	awaciŋpi	V;PL;3;PRS
yuṭokca	yuṭokca	V;SG;3;PRS
bdokaske	ickaske	V;SG;3;PRS
hduṡdoka	uŋhduṡdoka	V;PL;1+INCL;PRS
ihdużaża	yaihdużaża	V;SG;2;PRS
aṗe	auŋyapi	V;PL;1;PRS
kic̣o	yakic̣opi	V;PL;2;PRS
yahomni	yahomni	V;SG;3;PRS
hdaḣepe	wahdaḣepe	V;SG;1;PRS
wóżaża	yawóżażapi	V;PL;2;PRS
ihni	owani	V;SG;1;PRS
ṗidakiye	ṗidauŋkiyapi	V;PL;1;PRS
ihni	oni	V;SG;3;PRS
pataŋ	yapataŋ	V;SG;2;PRS
iyakaṡke	nayaakaṡkapi	V;PL;2;PRS
ṭioanate	uŋṭioanatapi	V;PL;1;PRS
da	dapi	V;PL;3;PRS
kaku	kakupi	V;PL;3;PRS
oḳ'u	dḳ'u	V;SG;2;PRS
yac̣o	dac̣opi	V;PL;2;PRS
iwaŋke	doŋkapi	V;PL;3;PRS
tebye	tebuŋyapi	V;PL;1;PRS
ite icu	ite icu	V;SG;3;PRS
eye	ewaye	V;SG;1;PRS
wópeṭuŋ i	wawópeṭuŋ e	V;SG;1;PRS
wod i	yawod e	V;SG;2;PRS
c̣aŋzeye	c̣aŋuŋkiye	V;PL;1+INCL;PRS
yúṭe	dúṭe	V;SG;2;PRS
yuġaŋ	uŋyuġaŋ	V;PL;1+INCL;PRS
hdou	wahdou	V;SG;1;PRS
yamnumnuġe	damnumnuġapi	V;PL;2;PRS
okaḣniġe	uŋkokaḣniġe	V;PL;1+INCL;PRS
suŋ	yasuŋpi	V;PL;2;PRS
yuhomni	yuhomni	V;SG;3;PRS
mnaye	mnaye	V;SG;3;PRS
anataŋ	waanataŋ	V;SG;1;PRS
ahdapṡiyaŋ waŋke	ahdapṡiyaŋ uŋwaṡtepi	V;PL;1;PRS
o	uŋo	V;PL;1+INCL;PRS
osdohaŋ kic̣'uŋ	osdohaŋ icye	V;SG;3;PRS
ohdake	dhdakapi	V;PL;2;PRS
spaye	spayapi	V;PL;3;PRS
ayatkaŋ	yaayatkaŋpi	V;PL;2;PRS
kaptaŋye	kaptaŋyapi	V;PL;3;PRS
yuinaḣni	yuinaḣnipi	V;PL;3;PRS
tebkiye	tebkiyapi	V;PL;3;PRS
ḳ'e	uŋḳ'e	V;PL;1+INCL;PRS
akaṡtaŋ	dkaṡtaŋ	V;SG;2;PRS
naġiyeye	naġiyeyaye	V;SG;2;PRS
au	yaau	V;SG;2;PRS
owa	uŋywapi	V;PL;1;PRS
ḣtani i	ḣtaniuŋye	V;PL;1+INCL;PRS
awaŋhdake	uŋawaŋhdakapi	V;PL;1;PRS
nataŋ	yanataŋpi	V;PL;2;PRS
icaġe	uŋicaġapi	V;PL;1;PRS
yuinaḣni	yuinaḣni	V;SG;3;PRS
kabdeca	uŋkabdeca	V;PL;1+INCL;PRS
iṡtohmuze	waiṡtohmuze	V;SG;1;PRS
ḳ'iŋ	ḳ'iŋpi	V;PL;3;PRS
ihdake	yhdake	V;SG;3;PRS
(ob) wóhdake	ipya wóhdake	V;SG;2;PRS
dus máni	dus máni	V;SG;2;PRS
ḳoṗehda	ḳoṗee	V;SG;3;PRS
yuhomni	yuhomnipi	V;PL;3;PRS
oihdake	uŋyihdake	V;PL;1+INCL;PRS
épaṭaŋ	waépaṭaŋ	V;SG;1;PRS
wic̣ada	wic̣auŋye	V;PL;1+INCL;PRS
ihdoye	yaihdoye	V;SG;2;PRS
ḣtani	ḣtauŋyapi	V;PL;1;PRS
pażużu	pażużupi	V;PL;3;PRS
ye	uŋkye	V;PL;1+INCL;PRS
íṗi	uŋíṗipi	V;PL;1;PRS
yuwaṡakadaŋ	wayuwaṡakadaŋ	V;SG;1;PRS
iṡtiŋme	waiṡtiŋme	V;SG;1;PRS
katoto	yakatoto	V;SG;2;PRS
naḣtake	ayaḣtake	V;SG;2;PRS
kic̣o	uŋkic̣o	V;PL;1+INCL;PRS
kaptaŋye	yakaptaŋye	V;SG;2;PRS
ḣtani	ḣtaye	V;SG;3;PRS
ite icu	yaite icu	V;SG;2;PRS
éṭuŋwe	dṭuŋwapi	V;PL;2;PRS
uŋspe	uŋkuŋspe	V;PL;1+INCL;PRS
hi kpażaża	hi kpażaża	V;SG;3;PRS
katoto	yakatotopi	V;PL;2;PRS
ie	iapi	V;PL;3;PRS
yaŋke	uŋyaŋke	V;PL;1+INCL;PRS
ṗikiye	uŋṗikiyapi	V;PL;1;PRS
aku	akupi	V;PL;3;PRS
ksúye	ksúwaye	V;SG;1;PRS
wóḳ'u	yawóḳ'upi	V;PL;2;PRS
hoḳuwa ye	hoḳuwa uŋyapi	V;PL;1;PRS
ḣic̣ahaŋ	ḣic̣ahaŋpi	V;PL;3;PRS
c̣aŋzeye	c̣aŋkiye	V;SG;3;PRS
inażiŋ	inażiŋpi	V;PL;3;PRS
yużipa	yużipa	V;SG;3;PRS
kasota	uŋkasota	V;PL;1+INCL;PRS
hiŋhde	hiŋhdapi	V;PL;3;PRS
anataŋ	yaanataŋ	V;SG;2;PRS
ṭi	yaṭipi	V;PL;2;PRS
c̣oṗa	c̣ouŋye	V;PL;1+INCL;PRS
wayawa ye	wayawa waye	V;SG;1;PRS
yużiŋce	yużiŋce	V;SG;3;PRS
yuḣdoke	duḣdoke	V;SG;2;PRS
hdúte	wahdúte	V;SG;1;PRS
pasdohaŋ	yapasdohaŋ	V;SG;2;PRS
ohiye	ohiyaye	V;SG;2;PRS
kabubu	uŋkabubu	V;PL;1+INCL;PRS
okiyake	bdkiyake	V;SG;1;PRS
épaṭaŋ	épaṭaŋpi	V;PL;3;PRS
ke	yake	V;SG;2;PRS
naṗe	nayayapi	V;PL;2;PRS
paṭaŋ	paṭaŋpi	V;PL;3;PRS
ḣuḣnaḣye	ḣuḣnauŋhda	V;PL;1+INCL;PRS
ahde	yaahdapi	V;PL;2;PRS
naḣtake	wamaḣtake	V;SG;1;PRS
okicide	uŋykicidepi	V;PL;1;PRS
yuṡiŋṡiŋ	duṡiŋṡiŋ	V;SG;2;PRS
hdi	uŋhdi	V;PL;1+INCL;PRS
kahde	kahdepi	V;PL;3;PRS
yuṭ'iŋze	duṭ'iŋze	V;SG;2;PRS
ḳ'iŋ	yaḳ'iŋpi	V;PL;2;PRS
eced iyeye	eced iyeyapi	V;PL;3;PRS
waŋke	waŋkapi	V;PL;3;PRS
iyowa	uŋiyowa	V;PL;1+INCL;PRS
ḣic̣ahaŋ	ḣic̣ahaŋ	V;SG;3;PRS
iyauŋpe	yyauŋpapi	V;PL;3;PRS
paṭuże	wapaṭuże	V;SG;1;PRS
ípuze	ypuzapi	V;PL;3;PRS
yuṭ'iŋze	uŋyuṭ'iŋze	V;PL;1+INCL;PRS
ptecedaŋ	waptecedaŋ	V;SG;1;PRS
oḳaŋ ṡni	niṡape ṡni	V;SG;2;PRS
kíciyuṡdoka	kciyuṡdoka	V;SG;3;PRS
hoḳuwa i	uŋhoḳuwa i	V;PL;1+INCL;PRS
pusye	pusye	V;SG;3;PRS
waṡ'ake	yawaṡ'akapi	V;PL;2;PRS
ḳadhde	yaḳadhde	V;SG;2;PRS
żo	uŋżopi	V;PL;1;PRS
hdicu	yahdicu	V;SG;2;PRS
ic̣apte	uŋaptiwaŋkapi	V;PL;1;PRS
oyake	yaoyakapi	V;PL;2;PRS
iwaŋke	bdowaŋke	V;SG;1;PRS
itohomni	bdtohomni	V;SG;1;PRS
yaŋke	daŋke	V;SG;2;PRS
waṡ'ake ṡni	owaṡ'ake ṡni	V;SG;1;PRS
ihduwi	yaihduwi	V;SG;2;PRS
iyoṗeye	iyoṗeye	V;SG;3;PRS
bdokiṭ'e	uŋkiṭ'iwaŋkapi	V;PL;1;PRS
yużuŋ	yużuŋ	V;SG;3;PRS
iwaṡtedaŋ kaḣapa	iwaṡtedaŋ kaḣapapi	V;PL;3;PRS
eciŋ	yaeciŋ	V;SG;2;PRS
ṗáhiŋ hdasto	yaṗáhiŋ hdastapi	V;PL;2;PRS
kíciyuieska	wciyuiyuhe	V;SG;1;PRS
iwaṡtedaŋ kaḣapa	waiwaṡtedaŋ kaḣapa	V;SG;1;PRS
ayuwaṡte	uŋayuwaṡte	V;PL;1+INCL;PRS
bakpaŋ	ouŋkpaŋpi	V;PL;1;PRS
aie	yaaiapi	V;PL;2;PRS
yaŋke	uŋyaŋkapi	V;PL;1;PRS
aṗe	ayaye	V;SG;2;PRS
yuṡdoke	uŋyuṡdoke	V;PL;1+INCL;PRS
ḣtani ye	ḣtani ye	V;SG;3;PRS
pataŋ	pataŋpi	V;PL;3;PRS
hi	hipi	V;PL;3;PRS
ic̣aŋc̣aŋ	uŋic̣aŋc̣aŋpi	V;PL;1;PRS
yaḣepe	daḣepapi	V;PL;2;PRS
waṡpaŋye	waṡpaŋyayapi	V;PL;2;PRS
uŋspeic̣'ic̣iye	yauŋspeic̣'ic̣iyapi	V;PL;2;PRS
yamnumnuġe	damnumnuġe	V;SG;2;PRS
ksúye	ksúyaye	V;SG;2;PRS
yuwic̣ake	yuwic̣awaye	V;SG;1;PRS
wóḳ'u	wóḳ'u	V;SG;3;PRS
ḣba	ḣba	V;SG;3;PRS
níya	waníya	V;SG;1;PRS
wayawa hi	wayawa yaye	V;SG;2;PRS
yukca	dukcapi	V;PL;2;PRS
ḣuḣnaḣye	ḣuḣnayahdapi	V;PL;2;PRS
kahde	wakahde	V;SG;1;PRS
ihduhomni	uŋihduhomnipi	V;PL;1;PRS
we	wapi	V;PL;3;PRS
dus íyaŋka	dus íyaŋka	V;SG;2;PRS
wayawa i	uŋwayawa api	V;PL;1;PRS
ihdohde	uŋihdohdapi	V;PL;1;PRS
yuṡpu	uŋyuṡpu	V;PL;1+INCL;PRS
hdaḣepe	uŋhdaḣepapi	V;PL;1;PRS
ṭemni	omnipi	V;PL;3;PRS
naḣme	nahdapi	V;PL;3;PRS
akaṡtaŋ	dkaṡtaŋpi	V;PL;2;PRS
ihni	oyanipi	V;PL;2;PRS
ahde	yaahde	V;SG;2;PRS
Daḳota	waDaḳota	V;SG;1;PRS
waṡpaŋye	waṡpaŋyaye	V;SG;2;PRS
oḳaŋ	dḳaŋpi	V;PL;2;PRS
yuptaŋye	yayuptaŋye	V;SG;2;PRS
hdohi	uŋhdohipi	V;PL;1;PRS
yuoko	uŋyuoko	V;PL;1+INCL;PRS
wóżu	uŋwóżupi	V;PL;1;PRS
ṡkate	uŋkṡkate	V;PL;1+INCL;PRS
wiyopeye	wiyopewaye	V;SG;1;PRS
ahdepe	uŋkahdepe	V;PL;1+INCL;PRS
ihdoi	waihdoi	V;SG;1;PRS
akiḣaŋ	uŋakiḣaŋ	V;PL;1+INCL;PRS
ihduhomni	uŋihduhomni	V;PL;1+INCL;PRS
ayuṡtaŋ	uŋayuṡtaŋpi	V;PL;1;PRS
bakse	uŋkbakse	V;PL;1+INCL;PRS
yusdohaŋ	uŋyusdohaŋ	V;PL;1+INCL;PRS
wic̣ake	uŋkwic̣ake	V;PL;1+INCL;PRS
waŋyag ye	waŋyag uŋye	V;PL;1+INCL;PRS
akiktuŋże	akiktuŋże	V;SG;3;PRS
yuptaŋye	yuptaŋye	V;SG;3;PRS
ḳ'e	ḳ'e	V;SG;3;PRS
akiktuŋże	yaakiktuŋże	V;SG;2;PRS
papsuŋ	uŋpapsuŋpi	V;PL;1;PRS
psic̣e	yapsic̣e	V;SG;2;PRS
c̣aŋzeye	c̣aŋyakiyapi	V;PL;2;PRS
iwohdake	uŋywohdakapi	V;PL;1;PRS
waṡteda	uŋwaṡteda	V;PL;1+INCL;PRS
waṗiye	waṗiuŋye	V;PL;1+INCL;PRS
ḳoyaḣe	yaḳoyaḣapi	V;PL;2;PRS
yatke	datkapi	V;PL;2;PRS
c̣iŋ	c̣waye	V;SG;1;PRS
ic̣aḣtake	doyaaḣtake	V;SG;2;PRS
iyaye	iyawaye	V;SG;1;PRS
opeṭuŋ	opeṭuŋ	V;SG;3;PRS
ṡakiye	waṡakiye	V;SG;1;PRS
wac̣i	uŋwac̣ipi	V;PL;1;PRS
ṡtudye	ṡtudwaye	V;SG;1;PRS
c̣aŋteṡice	c̣aŋtekiyapi	V;PL;3;PRS
yuḣdeca	duḣdecapi	V;PL;2;PRS
ḳte	e	V;SG;3;PRS
oḳaŋ	uŋyḳaŋpi	V;PL;1;PRS
wayawa i	wayawa api	V;PL;3;PRS
wakta ṡni	ycid ṡni	V;SG;2;PRS
kakse	kakse	V;SG;3;PRS
watopa	yawatopa	V;SG;2;PRS
yuḳ'oġe	duḳ'oġapi	V;PL;2;PRS
bakpaŋ	oyakpaŋpi	V;PL;2;PRS
sdaye	sdayayapi	V;PL;2;PRS
kacoco	kacocopi	V;PL;3;PRS
ṗiye	ṗiye	V;SG;3;PRS
ḳ'e	ḳ'epi	V;PL;3;PRS
ṡapkiye	yaṡapkiye	V;SG;2;PRS
yuide	duidapi	V;PL;2;PRS
ṡaye	ṡawaye	V;SG;1;PRS
(kci) wóte	dkci) wóte	V;SG;2;PRS
ṡpaŋkiye	ṡpaŋkiye	V;SG;3;PRS
oḳuwa	yḳuwa	V;SG;3;PRS
úŋṡike	uŋúŋṡikapi	V;PL;1;PRS
waṡ'agic̣'iye	waṡ'agic̣'iyapi	V;PL;3;PRS
ṡíce	yaṡícapi	V;PL;2;PRS
wáṗi	wáuŋyapi	V;PL;1;PRS
dus íyaŋka	bdus íyaŋka	V;SG;1;PRS
sdipe	uŋksdipe	V;PL;1+INCL;PRS
níya	uŋníyapi	V;PL;1;PRS
omaniked uŋ	omaniked uŋye	V;PL;1+INCL;PRS
Daḳotia wóhdake	Daḳotia wóhdakapi	V;PL;3;PRS
ihdohdi	yaihdohdi	V;SG;2;PRS
(ob) ye	(obkiye	V;SG;3;PRS
yuḣdoke	yuḣdoke	V;SG;3;PRS
naṭake	nauŋṭakapi	V;PL;1;PRS
wac̣iŋye	wac̣iŋuŋye	V;PL;1+INCL;PRS
kapṡuŋ	kapṡuŋpi	V;PL;3;PRS
ṡapkiye	ṡapkiye	V;SG;3;PRS
iṡtakakpa	iayaakakpa	V;SG;2;PRS
ihdoku	ihdokupi	V;PL;3;PRS
kipazo	wakipazo	V;SG;1;PRS
c̣eṭi	c̣eye	V;SG;3;PRS
yuṭ'iŋze	uŋyuṭ'iŋzapi	V;PL;1;PRS
niwe	niyapi	V;PL;3;PRS
aku	yaakupi	V;PL;2;PRS
yawa	yawapi	V;PL;3;PRS
kaḣuġa	yakaḣuġa	V;SG;2;PRS
asni	dsni	V;SG;2;PRS
iṡtiŋme	yaiṡtiŋme	V;SG;2;PRS
nażiŋ	uŋnażiŋpi	V;PL;1;PRS
iyauŋpe	bdyauŋpe	V;SG;1;PRS
yuḳ'oġe	uŋyuḳ'oġapi	V;PL;1;PRS
yubaze	dubaze	V;SG;2;PRS
ókiye	uŋkiiye	V;PL;1+INCL;PRS
pamaŋ	uŋpamaŋ	V;PL;1+INCL;PRS
úŋṡike	yaúŋṡikapi	V;PL;2;PRS
kaṡda	kaṡda	V;SG;3;PRS
iyeḣca	uŋiyeḣcapi	V;PL;1;PRS
yuṡtaŋ	bduṡtaŋ	V;SG;1;PRS
awaŋhdake	yaawaŋhdakapi	V;PL;2;PRS
teḣiŋda	wateḣiŋda	V;SG;1;PRS
huwe ye	huwe yayapi	V;PL;2;PRS
dus íyaŋka	yus íyaŋkapi	V;PL;3;PRS
ohiye	ohiye	V;SG;3;PRS
ayatkaŋ	uŋayatkaŋpi	V;PL;1;PRS
ṭ'ehoye	waṭ'ehoye	V;SG;1;PRS
iyakaṡke	uŋkiakaṡke	V;PL;1+INCL;PRS
ic̣aŋc̣aŋ	waic̣aŋc̣aŋ	V;SG;1;PRS
wíṗi	wíyaye	V;SG;2;PRS
úŋṡike	uŋkúŋṡike	V;PL;1+INCL;PRS
ayupte	oyauptepi	V;PL;2;PRS
ho icu	waho icu	V;SG;1;PRS
kci i	yakci ipi	V;PL;2;PRS
hdasaŋ	yahdasaŋ	V;SG;2;PRS
adi	adi	V;SG;3;PRS
okaṡtaŋ	uŋokaṡtaŋpi	V;PL;1;PRS
ṡpaŋkiye	ṡpaŋuŋkiyapi	V;PL;1;PRS
nakce	nae	V;SG;3;PRS
itohomni	ytohomni	V;SG;3;PRS
ṡkaŋ	uŋṡkaŋpi	V;PL;1;PRS
kapṡuŋ	wakapṡuŋ	V;SG;1;PRS
teḣiŋda	uŋteḣiŋdapi	V;PL;1;PRS
naṭ'e	nayahdapi	V;PL;2;PRS
ḳíġe	ḳe	V;SG;3;PRS
hdoku	yahdoku	V;SG;2;PRS
waṡpaŋye	waṡpaŋuŋyapi	V;PL;1;PRS
póskid yuze	póskid yakiye	V;SG;2;PRS
yaŋke	yaŋke	V;SG;3;PRS
zani	uŋzani	V;PL;1+INCL;PRS
ṭ'ehoye	uŋṭ'ehoyapi	V;PL;1;PRS
opeic̣'iṭuŋ	uŋopeic̣'iṭuapi	V;PL;1;PRS
naḣdoke	wanaḣdoke	V;SG;1;PRS
każużu	uŋkażużupi	V;PL;1;PRS
waṡ'ake ṡni	auŋṡ'ake ṡni	V;PL;1+INCL;PRS
(kci) wóhdake	wa(kci) wóhdake	V;SG;1;PRS
yac̣eye	yac̣eyayapi	V;PL;2;PRS
okicide	dkicidepi	V;PL;2;PRS
éṭi	éṭi	V;SG;3;PRS
ġiye	ġiuŋyapi	V;PL;1;PRS
yuonihaŋ	bduonihaŋ	V;SG;1;PRS
ai	yaai	V;SG;2;PRS
aohaha	uŋaohaha	V;PL;1+INCL;PRS
héc̣a	oc̣a	V;SG;3;PRS
aohaha	aohaha	V;SG;3;PRS
waḣpanice	yawaḣpanicapi	V;PL;2;PRS
yukse	yukse	V;SG;3;PRS
ayuṡtaŋ	waayuṡtaŋ	V;SG;1;PRS
ṭamaheca	ṭamahecapi	V;PL;3;PRS
paṭaŋ	uŋpaṭaŋpi	V;PL;1;PRS
nakseye	naksewaye	V;SG;1;PRS
ṡkate	waṡkate	V;SG;1;PRS
hoḣpa	oḣpapi	V;PL;3;PRS
éṭi	waéṭi	V;SG;1;PRS
anaġoptaŋ	waanaġoptaŋ	V;SG;1;PRS
ṭemni	owamni	V;SG;1;PRS
waṡte	uŋwaṡte	V;PL;1+INCL;PRS
yac̣eye	yac̣euŋyapi	V;PL;1;PRS
ihdou	uŋihdoupi	V;PL;1;PRS
hdużaża	uŋhdużaża	V;PL;1+INCL;PRS
ob i	waob e	V;SG;1;PRS
yuwic̣ake	yuwic̣auŋyapi	V;PL;1;PRS
óṗe	óuŋyapi	V;PL;1;PRS
yubdaye	yubdayapi	V;PL;3;PRS
kci i	wakci i	V;SG;1;PRS
ihdaco	yaihdaco	V;SG;2;PRS
we	uŋwapi	V;PL;1;PRS
każaża	każażapi	V;PL;3;PRS
waŋyag i	uŋwaŋyag api	V;PL;1;PRS
yuḣdeca	yuḣdecapi	V;PL;3;PRS
iyecetu	iyeyakiyapi	V;PL;2;PRS
éṭi	yaéṭipi	V;PL;2;PRS
zani	uŋzanipi	V;PL;1;PRS
yawa	uŋyawapi	V;PL;1;PRS
eye	eye	V;SG;3;PRS
ksápe	yaksápapi	V;PL;2;PRS
iṡtohmuze	iṡtohmuze	V;SG;3;PRS
hdohi	hdohipi	V;PL;3;PRS
épazo	uŋypazo	V;PL;1+INCL;PRS
hdúte	uŋhdútapi	V;PL;1;PRS
wótehda	wótehuŋyapi	V;PL;1;PRS
apabdu	uŋapabdu	V;PL;1+INCL;PRS
hdoye	uŋkhdoye	V;PL;1+INCL;PRS
iyakaṡke	wamaakaṡke	V;SG;1;PRS
Daḳotia wóhdake	yaDaḳotia wóhdake	V;SG;2;PRS
owapi	yaowapi	V;SG;2;PRS
kaḣdoke	uŋkaḣdokapi	V;PL;1;PRS
wayawa hi	wayawa uŋye	V;PL;1+INCL;PRS
pasdohaŋ	pasdohaŋpi	V;PL;3;PRS
wakta ṡni	cid ṡnipi	V;PL;2;PRS
ayupte	ayaupte	V;SG;2;PRS
ihaḣni	dhaḣni	V;SG;2;PRS
kabdeca	wakabdeca	V;SG;1;PRS
snihda	sniyahdapi	V;PL;2;PRS
hótada kic̣'uŋ	hótada nicyapi	V;PL;2;PRS
yubaze	uŋyubazapi	V;PL;1;PRS
yuṡpuṡpu	bduṡpuṡpu	V;SG;1;PRS
iyuṭe	yaiyuṭapi	V;PL;2;PRS
ozikiye	ouŋikiyepi	V;PL;1;PRS
naṭ'e	nayahda	V;SG;2;PRS
kaye	kayapi	V;PL;3;PRS
kaḣdoke	wakaḣdoke	V;SG;1;PRS
kíciyuza	ociyuza	V;SG;3;PRS
iwohdake	dwohdake	V;SG;2;PRS
ahde	ahdapi	V;PL;3;PRS
áye	áwaye	V;SG;1;PRS
ṡapye	yaṡapyapi	V;PL;2;PRS
c̣aŋniye	c̣aŋuŋkiyapi	V;PL;1;PRS
ayuṡtaŋ	yaayuṡtaŋpi	V;PL;2;PRS
yuṭ'iŋze	yuṭ'iŋzapi	V;PL;3;PRS
yasmi	yasmipi	V;PL;3;PRS
iṡtohmuze	uŋiṡtohmuzapi	V;PL;1;PRS
ohoda	waohoda	V;SG;1;PRS
wod hi	wawod hi	V;SG;1;PRS
wayawa	uŋwayawapi	V;PL;1;PRS
ptecedaŋ	ptecedaŋpi	V;PL;3;PRS
ic̣iŋye	ic̣iŋuŋye	V;PL;1+INCL;PRS
ḳ'u	yaḳ'u	V;SG;2;PRS
paṭ'iŋze	uŋyaṭ'iŋzapi	V;PL;1;PRS
kasota	yakasotapi	V;PL;2;PRS
ihdużaża	yaihdużażapi	V;PL;2;PRS
yazaŋ	yayazaŋ	V;SG;2;PRS
wac̣i	yawac̣i	V;SG;2;PRS
kaṡda	yakaṡda	V;SG;2;PRS
wíhni	wawíhni	V;SG;1;PRS
yuoko	duoko	V;SG;2;PRS
iyowa	iyowa	V;SG;3;PRS
ihdoḳi	waihdoḳi	V;SG;1;PRS
iyekiciye	iyeyahdakcapi	V;PL;2;PRS
bakpaŋ	owakpaŋ	V;SG;1;PRS
ḳiŋhde	waḳiŋhde	V;SG;1;PRS
hdáwa	yahdáwa	V;SG;2;PRS
awaciŋ	awaciŋ	V;SG;3;PRS
hiyuye	yahiyuye	V;SG;2;PRS
katoto	katoto	V;SG;3;PRS
ic̣apte	bdowaapte	V;SG;1;PRS
mas'aṗe	ayas'aṗe	V;SG;2;PRS
iyauŋpe	uŋyyauŋpapi	V;PL;1;PRS
icaḣye	icaḣyaye	V;SG;2;PRS
yuhda	uŋyuhda	V;PL;1+INCL;PRS
ḣa	uŋḣapi	V;PL;1;PRS
yukape	dukape	V;SG;2;PRS
yuṭokca	bduṭokca	V;SG;1;PRS
ihduṡdoke	ihduṡdokapi	V;PL;3;PRS
póġaŋ	uŋpóġaŋpi	V;PL;1;PRS
tebkiye	tebyakiyapi	V;PL;2;PRS
ihdoye	uŋkihdoye	V;PL;1+INCL;PRS
eyokiya	eyoyakiyapi	V;PL;2;PRS
ahdepe	yaahdepapi	V;PL;2;PRS
niwe	niuŋye	V;PL;1+INCL;PRS
hdusote	hdusotapi	V;PL;3;PRS
ḳte	wahda	V;SG;1;PRS
ite icu	yaite icupi	V;PL;2;PRS
okiyake	dkiyakapi	V;PL;2;PRS
wíṗi	wíye	V;SG;3;PRS
ṗikiye	ṗikiyapi	V;PL;3;PRS
opeṭuŋ	yaopeṭuŋpi	V;PL;2;PRS
pazo	yapazopi	V;PL;2;PRS
sdodye	uŋksdodye	V;PL;1+INCL;PRS
aṗe	aye	V;SG;3;PRS
wod i	yawod api	V;PL;2;PRS
yaġope	yaġopapi	V;PL;3;PRS
yaiyowaza	wayaiyowaza	V;SG;1;PRS
naḣme	nayahda	V;SG;2;PRS
pamaŋ	pamaŋ	V;SG;3;PRS
apabdu	yaapabdupi	V;PL;2;PRS
aie	yaaie	V;SG;2;PRS
ibotu	iboyapi	V;PL;3;PRS
waṡteda	yawaṡteda	V;SG;2;PRS
ímna	dmnapi	V;PL;2;PRS
opeic̣'iṭuŋ	yaopeic̣'iṭuapi	V;PL;2;PRS
ḳíze	ḳwahda	V;SG;1;PRS
ec̣uŋ ṡi	waec̣uŋ ṡi	V;SG;1;PRS
żo	yażo	V;SG;2;PRS
ṭi	ṭi	V;SG;3;PRS
kaḳoḳoke	wakaḳoḳoke	V;SG;1;PRS
i	yaipi	V;PL;2;PRS
c̣aŋniye	c̣aŋkiye	V;SG;3;PRS
iyekiciye	iyekicye	V;SG;3;PRS
yuṡna	bduṡna	V;SG;1;PRS
c̣eṭi	c̣eyayapi	V;PL;2;PRS
yuḣice	yuḣicapi	V;PL;3;PRS
icaġe	yaicaġe	V;SG;2;PRS
wayatke	wawayatke	V;SG;1;PRS
opeic̣'iṭuŋ	opeic̣'iṭuapi	V;PL;3;PRS
dus íyaŋka	yus íyaŋka	V;SG;3;PRS
c̣epa	c̣eyaye	V;SG;2;PRS
ksápe	ksápe	V;SG;3;PRS
wac̣ekiye	wac̣ekiye	V;SG;3;PRS
aḣpeya	waaḣpeya	V;SG;1;PRS
psic̣e	psic̣api	V;PL;3;PRS
(he) wóiġaġe	ip wóiġaġe	V;SG;3;PRS
ihdohdi	ihdohdi	V;SG;3;PRS
papsuŋ	uŋpapsuŋ	V;PL;1+INCL;PRS
iyokṗi	iyyakiyapi	V;PL;2;PRS
yuinina	yuinina	V;SG;3;PRS
ṡape	uŋṡapapi	V;PL;1;PRS
c̣aŋnuŋpe	c̣aŋnyakiye	V;SG;2;PRS
yúṭe	yúṭapi	V;PL;3;PRS
yuonihaŋ	yuonihaŋpi	V;PL;3;PRS
hdohdi	yahdohdi	V;SG;2;PRS
úŋṡike	yaúŋṡike	V;SG;2;PRS
wayawa i	wawayawa e	V;SG;1;PRS
úŋṡida	úŋṡidapi	V;PL;3;PRS
kasota	wakasota	V;SG;1;PRS
ihdake	dhdakapi	V;PL;2;PRS
yuwic̣ake	yuwic̣ayaye	V;SG;2;PRS
wic̣ake	yawic̣ake	V;SG;2;PRS
spaye	spawaye	V;SG;1;PRS
naṗe	nauŋye	V;PL;1+INCL;PRS
ke	kepi	V;PL;3;PRS
ksúye	ksúyayapi	V;PL;2;PRS
ġuye	ġuwaye	V;SG;1;PRS
ḣtani hi	ḣtani ye	V;SG;3;PRS
kaḳi	kaḳipi	V;PL;3;PRS
au	uŋaupi	V;PL;1;PRS
paḣdoke	yapaḣdokapi	V;PL;2;PRS
kabubu	wakabubu	V;SG;1;PRS
ṗiye	ṗiyapi	V;PL;3;PRS
íyotaŋka	wamaotaŋke	V;SG;1;PRS
ḳ'u	yaḳ'upi	V;PL;2;PRS
nataŋ	nataŋ	V;SG;3;PRS
wayazaŋke	wayazaŋkapi	V;PL;3;PRS
iwaṡtedaŋ kaḣapa	yaiwaṡtedaŋ kaḣapa	V;SG;2;PRS
oṗe	ouŋye	V;PL;1+INCL;PRS
ho icu	yaho icu	V;SG;2;PRS
ihdużaża	ihdużażapi	V;PL;3;PRS
hdoḳi	yahdoḳi	V;SG;2;PRS
adi	uŋadipi	V;PL;1;PRS
owapi	owapipi	V;PL;3;PRS
kabdeca	kabdeca	V;SG;3;PRS
iyecetu	iyeuŋkiye	V;PL;1+INCL;PRS
ṡakiye	yaṡakiye	V;SG;2;PRS
okide	ykide	V;SG;3;PRS
ómna	uŋymna	V;PL;1+INCL;PRS
ye	waye	V;SG;1;PRS
iṡtiŋme	iṡtiŋme	V;SG;3;PRS
icewakte	uŋkicewakte	V;PL;1+INCL;PRS
íṗi	uŋíṗi	V;PL;1+INCL;PRS
yuġaŋ	yuġaŋpi	V;PL;3;PRS
(ho) ḳuyake	wa(ho) ḳuyake	V;SG;1;PRS
icaḣye	icaḣwaye	V;SG;1;PRS
au	yaaupi	V;PL;2;PRS
iḳope	yaiḳopapi	V;PL;2;PRS
ṡkaŋ	ṡkaŋpi	V;PL;3;PRS
ahiṭuŋwe	yaahiṭuŋwe	V;SG;2;PRS
naṭ'e	nawahda	V;SG;1;PRS
ḣpaŋye	ḣpaŋye	V;SG;3;PRS
waŋyake	uŋwaŋyakapi	V;PL;1;PRS
iṡteca	uŋiṡtecapi	V;PL;1;PRS
ihdohdi	waihdohdi	V;SG;1;PRS
kipazo	uŋkipazopi	V;PL;1;PRS
niwe	niye	V;SG;3;PRS
ḳ'u	ḳ'u	V;SG;3;PRS
każużu	każużupi	V;PL;3;PRS
hde	hde	V;SG;3;PRS
kakiże	kakiżapi	V;PL;3;PRS
ohiye	ohiuŋye	V;PL;1+INCL;PRS
ḣpaŋye	waḣpaŋye	V;SG;1;PRS
ihaḣni	uŋyhaḣni	V;PL;1+INCL;PRS
waṡpaŋye	waṡpaŋwaye	V;SG;1;PRS
patitaŋ	patitaŋ	V;SG;3;PRS
ayatkaŋ	ayatkaŋpi	V;PL;3;PRS
yuinaḣni	bduinaḣni	V;SG;1;PRS
pataŋ	yapataŋpi	V;PL;2;PRS
hdasaŋ	yahdasaŋpi	V;PL;2;PRS
yuṭani	uŋyuṭani	V;PL;1+INCL;PRS
waṡ'agic̣'iye	yawaṡ'agic̣'iye	V;SG;2;PRS
ṡíce	yaṡíce	V;SG;2;PRS
iṡtohmuze	yaiṡtohmuzapi	V;PL;2;PRS
hdusote	wahdusote	V;SG;1;PRS
yuṡiŋṡiŋ	duṡiŋṡiŋpi	V;PL;2;PRS
c̣éye	c̣éwaye	V;SG;1;PRS
apabdu	yaapabdu	V;SG;2;PRS
ḳiŋhde	ḳiŋhdapi	V;PL;3;PRS
hdicu	yahdicupi	V;PL;2;PRS
ípuze	dpuzapi	V;PL;2;PRS
ożu	yaożu	V;SG;2;PRS
hinażiŋ	yahinażiŋpi	V;PL;2;PRS
ḣtani ye	ḣtani uŋyapi	V;PL;1;PRS
c̣éye	c̣éuŋye	V;PL;1+INCL;PRS
kahdi	kahdipi	V;PL;3;PRS
akaṡtaŋ	uŋykaṡtaŋpi	V;PL;1;PRS
yuwaṡakadaŋ	uŋyuwaṡakadaŋpi	V;PL;1;PRS
yutitaŋ	bdutitaŋ	V;SG;1;PRS
héc̣a	ayac̣a	V;SG;2;PRS
eced iyeye	eced iyeyaye	V;SG;2;PRS
hdohi	wahdohi	V;SG;1;PRS
yuinaḣni	uŋyuinaḣnipi	V;PL;1;PRS
akaṡtaŋ	bdkaṡtaŋ	V;SG;1;PRS
anataŋ	anataŋpi	V;PL;3;PRS
yuṡdoke	duṡdoke	V;SG;2;PRS
iwaṡtedaŋ ec̣uŋ	iwaṡtedauŋkicuŋ	V;PL;1+INCL;PRS
iyokṗi	iyuŋkiye	V;PL;1+INCL;PRS
(ob) wóta	ob) yapi	V;PL;3;PRS
okaṡtaŋ	okaṡtaŋpi	V;PL;3;PRS
otkeye	otkeyapi	V;PL;3;PRS
akiḣaŋ	akiḣaŋpi	V;PL;3;PRS
ṗidakiye	ṗidakiyapi	V;PL;3;PRS
naḣice	naḣuŋhda	V;PL;1+INCL;PRS
yaḣtake	uŋyaḣtakapi	V;PL;1;PRS
(ob) wóta	ob) dapi	V;PL;2;PRS
au	uŋau	V;PL;1+INCL;PRS
pusye	puswaye	V;SG;1;PRS
ġikiye	nayakiyapi	V;PL;2;PRS
c̣éye	c̣éyayapi	V;PL;2;PRS
yuze	uŋyuzapi	V;PL;1;PRS
iḳopehde	iḳopehuŋyapi	V;PL;1;PRS
uŋspeḳiye	uŋspeyakiyapi	V;PL;2;PRS
hiŋhde	yahiŋhde	V;SG;2;PRS
dus kaḣapa	wadus kaḣapa	V;SG;1;PRS
snihda	sniuŋḣapi	V;PL;1;PRS
hoḳuwa ye	hoḳuwa waye	V;SG;1;PRS
wayawa	yawayawapi	V;PL;2;PRS
otkeye	otkeye	V;SG;3;PRS
kíciyuhe	ouŋciyuhepi	V;PL;1;PRS
ókiye	naiye	V;SG;3;PRS
c̣aŋteṡice	c̣aŋtewakiye	V;SG;1;PRS
uŋspeḳiye	uŋspekiyapi	V;PL;3;PRS
yaoṭaŋiŋ	yaoṭaŋiŋpi	V;PL;3;PRS
yuṭaŋka	uŋyuṭaŋka	V;PL;1+INCL;PRS
yuwic̣ake	yuwic̣ayayapi	V;PL;2;PRS
kaṡke	yakaṡkapi	V;PL;2;PRS
ohdake	dhdake	V;SG;2;PRS
yuieska	uŋyuieskapi	V;PL;1;PRS
okaḣniġe	uŋokaḣniġapi	V;PL;1;PRS
yaġope	bdaġope	V;SG;1;PRS
wayazaŋke	yawayazaŋkapi	V;PL;2;PRS
waŋke	uŋkwaŋke	V;PL;1+INCL;PRS
icaḣye	icaḣyapi	V;PL;3;PRS
ṡapye	ṡapyapi	V;PL;3;PRS
íyotaŋka	naotaŋkapi	V;PL;3;PRS
napce	nayahdapi	V;PL;2;PRS
ye	yapi	V;PL;3;PRS
yaḣepe	yaḣepapi	V;PL;3;PRS
wayawa hi	wayawa uŋyapi	V;PL;1;PRS
yubaze	dubazapi	V;PL;2;PRS
wópeṭuŋ ye	wópeṭuŋ ye	V;SG;3;PRS
ṭi	yaṭi	V;SG;2;PRS
c̣aṗe	c̣ayaye	V;SG;2;PRS
kíciyuġaŋ	ayaciyuġaŋ	V;SG;2;PRS
paṭ'iŋze	daṭ'iŋzapi	V;PL;2;PRS
omaniked uŋ	omaniked yaye	V;SG;2;PRS
hdoḳi	yahdoḳipi	V;PL;2;PRS
hdoku	hdokupi	V;PL;3;PRS
iḣa	yaiḣa	V;SG;2;PRS
ohdake	yhdake	V;SG;3;PRS
iyokṗi	iyyakiye	V;SG;2;PRS
okaṡtaŋ	waokaṡtaŋ	V;SG;1;PRS
kaṡda	wakaṡda	V;SG;1;PRS
ohoda	uŋohodapi	V;PL;1;PRS
okiwa	ykiwa	V;SG;3;PRS
yuṡdoke	yuṡdoke	V;SG;3;PRS
naṗe	nayapi	V;PL;3;PRS
wáṗi	wáwaye	V;SG;1;PRS
naṭake	naṭakapi	V;PL;3;PRS
sdodkiye	sdodkiwaye	V;SG;1;PRS
nice	nice	V;SG;3;PRS
Daḳota	uŋDaḳotapi	V;PL;1;PRS
yuhiŋte	duhiŋtapi	V;PL;2;PRS
ḳte	yahda	V;SG;2;PRS
ihduwi	uŋihduwipi	V;PL;1;PRS
c̣aŋnuŋpe	c̣aŋnuŋkiye	V;PL;1+INCL;PRS
kasota	uŋkasotapi	V;PL;1;PRS
waŋke	yawaŋke	V;SG;2;PRS
yuṡkice	uŋyuṡkicapi	V;PL;1;PRS
hoḳuwa i	uŋhoḳuwa ipi	V;PL;1;PRS
ode	yaodepi	V;PL;2;PRS
hdoye	yahdoyapi	V;PL;2;PRS
wópeṭuŋ ye	wópeṭuŋ uŋyapi	V;PL;1;PRS
iḳope	iḳopapi	V;PL;3;PRS
ḣpaŋye	uŋḣpaŋyapi	V;PL;1;PRS
wópeṭuŋ i	yawópeṭuŋ api	V;PL;2;PRS
ḳíze	ḳuŋhda	V;PL;1+INCL;PRS
adi	uŋadi	V;PL;1+INCL;PRS
ṗidaye	ṗidauŋyapi	V;PL;1;PRS
waṡtedake	yawaṡtedake	V;SG;2;PRS
kabdeca	yakabdecapi	V;PL;2;PRS
ṡpaŋkiye	ṡpaŋyakiyapi	V;PL;2;PRS
ai	yaaipi	V;PL;2;PRS
nice	yanicapi	V;PL;2;PRS
waŋyag ye	waŋyag yaye	V;SG;2;PRS
i	ipi	V;PL;3;PRS
wópeṭuŋ i	uŋkwópeṭuŋ e	V;PL;1+INCL;PRS
kíciyuhe	auŋciyuhe	V;PL;1+INCL;PRS
yuṡpi	yuṡpi	V;SG;3;PRS
yubdaye	dubdayapi	V;PL;2;PRS
óṗe	óyaye	V;SG;2;PRS
kamna	yamnapi	V;PL;3;PRS
c̣iŋ	c̣uŋyapi	V;PL;1;PRS
kíciyuḣdoke	ayaciyuḣdoke	V;SG;2;PRS
ṡ'a	uŋṡ'api	V;PL;1;PRS
yaoṭaŋiŋ	uŋyaoṭaŋiŋpi	V;PL;1;PRS
(takuda) wóiġaġe ṡni	ya(takuda) wóiġaġe ṡnapi	V;PL;2;PRS
ihdou	ihdoupi	V;PL;3;PRS
yatke	yatkapi	V;PL;3;PRS
waṡ'agic̣'iye	uŋwaṡ'agic̣'iyapi	V;PL;1;PRS
yuwaṡakadaŋ	yayuwaṡakadaŋ	V;SG;2;PRS
yubdaye	dubdaye	V;SG;2;PRS
ḣtani ye	ḣtani waye	V;SG;1;PRS
owa	dwapi	V;PL;2;PRS
tógeḣpekiye	tógeḣpewakiye	V;SG;1;PRS
ideye	idewaye	V;SG;1;PRS
ku	uŋkupi	V;PL;1;PRS
yubdaye	bdubdaye	V;SG;1;PRS
oḳaŋ	yḳaŋ	V;SG;3;PRS
kíciyuṡdoka	kciyuṡdokapi	V;PL;3;PRS
ihdoi	ihdoipi	V;PL;3;PRS
waḣpanice	waḣpanice	V;SG;3;PRS
kaġeġe	yakaġeġapi	V;PL;2;PRS
mazakoza kic̣'uŋ	mazakoza uŋkicuŋpi	V;PL;1;PRS
ibotu	ibowaye	V;SG;1;PRS
kaḳi	wakaḳi	V;SG;1;PRS
u	uŋu	V;PL;1+INCL;PRS
wiyopeye	wiyopeyaye	V;SG;2;PRS
