dagiː	dagiːf	ADJ;PSS1S
ukunmiː	ukunmiːwə	N;ACC;DEF;SG
kərgə	kərgəlin	N;NOM;PL;PSS3S
beːγaltan	beːγaltan	ADJ
ə		V;IPFV;FIN;IND;PL;2;ACT
hokori		V;FIN;IND;SG;2;PST;PASS
amaːkaː	amaːkaːw	N;NOM;SG;PSS1S
ʃamanitkaːn	ʃamanitkaːn	N;NOM;SG
haːrgi	haːrgil	N;NOM;PL
ə	əďən	V;FIN;IND;SG;3;FUT+IMMED;ACT
bega	begajə	N;ACC;INDF;SG
gərbiːśiː	gərbiːśiːduː	ADJ;DAT
dantaki	dantakilwə	N;ACC;DEF;PL
aγata	aγataduk	N;ABL;SG
amar	amartpi	N;INS;SG;PSSRS
kaʃuna	kaʃunarə	V;FIN;IND;PL;3;PST;ACT
uśit	uśitrən	V;FIN;IND;SG;3;PST;ACT
urə	urəlduː	N;DAT;PL
doːldiː	doːldiːm	V;FIN;IND;SG;1;PST;ACT
əkspeditsiji	əkspeditsijil	N;NOM;PL
guːɲ	guːɲďərə	V;IPFV;FIN;IND;PL;3;PRS;ACT
aːnŋət	aːnŋətrəw	V;FIN;IND;PL;1+EXCL;PST;ACT
noː	noːkəldu	V;FIN;IMP;PL;2;ACT
guďeːj	guďeːj	ADJ
śəwərnaj	śəwərnajlaː	N;TERM;SG
inŋəktəśi	inŋəktəśi	ADJ
ďəp	ďəpdaŋnərə	V;HAB+IPFV;FIN;IND;PL;3;PRS;ACT
lu	lulwə	N;ACC;DEF;PL
kaltaka	kaltakan	N;NOM;SG;PSS3S
uďa	uďaliːtin	N;PROL;SG;PSS3P
uŋtuwun	uŋtuwunji	N;SG;PSSRS+ACC
əmə	əməďəŋoːw	V;FIN;IND;SG;1;FUT;ACT
ďəptilə	ďəptilətin	N;NOM;SG;PSS3P
hoktə	hoktət	N;INS;SG
bargidaː	bargidaːduk	N;ABL;SG
inoŋi	inoŋil	N;NOM;PL
umun	umunduː	N;DAT;SG
əkśə	əkśərə	V;FIN;IND;PL;3;PST;ACT
duː	duːlaː	N;TERM;SG
hawal	hawalďəŋnərəwun	V;HAB+IPFV;FIN;IND;PL;1+EXCL;PRS;ACT
ɲuŋi	ɲuŋin	ADJ;PSS3S
goro	gorowə	N;ACC;DEF;SG
ərdi	ərdin	ADJ;PSS3S
tuksa	tuksahinə	V;SEMEL;FIN;IND;PL;3;PST;ACT
ďəlakiːwəl	ďəlakiːwəl	N;NOM;SG
peːreːm	peːreːm	ADJ
hukti	huktiwoːt	V;FIN;IMP;PL;1+INCL;ACT
haː	haːm	V;FIN;IND;SG;1;PST;ACT
hutə	hutəji	N;SG;PSSRS+ACC
t͡ʃok	t͡ʃokm	V;FIN;IND;SG;1;PST;ACT
hitəːn	hitəːnlaː	N;TERM;SG
muldiːka	muldiːkal	N;NOM;PL
ijo	ijo	N;NOM;SG
inŋəni	inŋənil	N;NOM;PL
hukti	huktiďərən	V;IPFV;FIN;IND;SG;3;PRS;ACT
putoran	putoranduː	N;DAT;SG
bi	biďərən	V;IPFV;FIN;IND;SG;3;PRS;ACT
homoːtiː	homoːtiː	N;NOM;SG
haː	haːm	V;FIN;IND;SG;1;PST;ACT
tuŋaɲama	tuŋaɲama	N;NOM;SG
ili	iliŋkiːwun	V;FIN;IND;PL;1+EXCL;PST+RMT;ACT
otojo	otojoďərən	V;IPFV;FIN;IND;SG;3;PRS;ACT
ulgut͡ʃəː	ulgut͡ʃəːďəm	V;IPFV;FIN;IND;SG;1;PRS;ACT
duku	dukuďəm	V;FIN;IND;SG;1;FUT+IMMED;ACT
əki	əkiw	N;NOM;SG;PSS1S
hokto		N;PROL;SG;PSS1S
hilba		V;IPFV;FIN;IND;SG;2;ACT
doːldiː	doːldiːrən	V;FIN;IND;SG;3;PST;ACT
ďuː	ďuːlaːwər	N;TERM;SG;PSSRP
awa	awa	N;NOM;SG
əmkəŋoti	əmkəŋoti	N;NOM;SG
irəksə	irəksəŋilbi	N;PL;PSSRS+ACC+ALN
umnə	umnət	N;INS;SG
inməruk	inmərukdukpi	N;ABL;SG;PSSRS
doːldiː	doːldiːrəw	V;FIN;IND;PL;1+EXCL;PST;ACT
gurusmoːdə		V;COM;FIN;IND;PL;ACT
tikəɲiː	tikəɲiːl	ADJ;PL
doːɲťa	doːɲťaďəŋkiːn	V;IPFV;FIN;IND;SG;3;PST+RMT;ACT
adili	adililwə	N;ACC;DEF;PL
bagdama	bagdamaalb	ADJ;ACC;DEF;PL
hawal	hawalďəŋnəm	V;HAB+IPFV;FIN;IND;SG;1;PRS;ACT
ŋəli	ŋəli	ADJ
kalan	kalanduː	N;DAT;SG
ulgut͡ʃoːn	ulgut͡ʃoːnďəŋoːw	V;FIN;IND;SG;1;FUT;ACT
nəkun	nəkunwi	N;NOM;SG;PSSRS
in	inďit͡ʃoːtin	V;IPFV;FIN;IND;PL;3;PST;ACT
papal	papal	N;NOM;SG
kahi	kahirgaə	V;FIN;IND;PST;ANTIP
tuksaː	tuksaːďərən	V;IPFV;FIN;IND;SG;3;PRS;ACT
adiːkuː	adiːkuːl	ADJ;PL
ŋənə	ŋənəďit͡ʃoːwun	V;IPFV;FIN;IND;PL;1+EXCL;PST;ACT
bi	bit͡ʃoːtin	V;FIN;IND;PSS3P;PST;ACT
taptigin	taptigin	N;NOM;SG
tuliː	tuliːliː	N;PROL;SG
bimɲin	bimɲin	N;NOM;SG
swarśik	swarśikduː	N;DAT;SG
ŋinakin	ŋinakinw	N;NOM;SG;PSS1S
baďaːlə	baďaːlə	ADJ
dukto	duktonun	N;COM;SG
ga	garən	V;FIN;IND;SG;3;PST;ACT
jənt͡ʃəmbu	jənt͡ʃəmbuliː	N;PROL;SG
uru	urujə	N;ACC;INDF;SG
huju	hujuďəŋoːn	V;FIN;IND;SG;3;FUT;ACT
armije	armijelaː	N;TERM;SG
arnold	arnold	N;NOM;SG
birigadir	birigadir	N;NOM;SG
ti	ti	N;NOM;SG
toγo	toγowi	N;NOM;SG;PSSRS
bulta	bultaŋkiːwun	V;FIN;IND;PL;1+EXCL;PST+RMT;ACT
əniːn	əniːndukpi	N;ABL;SG;PSSRS
bəjŋoː	bəjŋoːlďi	N;INS;PL
ila	ilarə	V;FIN;IND;PL;3;PST;ACT
moːtiː	moːtiːlə	N;ACC;INDF;PL
əməgənə	əməgənən	N;NOM;SG;PSS3S
tikt͡ʃaki	tikt͡ʃakiwə	N;ACC;DEF;SG
baldi	baldiďit͡ʃoːwun	V;IPFV;FIN;IND;PL;1+EXCL;PST;ACT
ilmakta	ilmaktawə	N;ACC;DEF;SG
hərəki	hərəkim	V;FIN;IND;SG;1;PST;ACT
əmə	əməŋnərəw	V;HAB;FIN;IND;PL;1+EXCL;PST;ACT
ŋoːlə		V;DUR;FIN;IND;PL;3;PST;CAUS;ACT
kuŋaka	kuŋakalwi	N;NOM;PL;PSS1S
ďuwu	ďuwurəw	V;FIN;IND;PL;1+EXCL;PST;ACT
uliː	uliːďəŋoːn	V;FIN;IND;SG;3;FUT;ACT
uku		V;IPFV;FIN;IMP;SG;3;CAUS;ACT
kaŋki	kaŋkitin	ADJ;PSS3P
tətigə	tətigəjə	N;ACC;INDF;SG
hoːŋə	hoːŋətin	N;NOM;SG;PSS3P
ŋaːlə	ŋaːləlďiwi	N;INS;PL;PSSRS
aja		ADJ;ABL;SG
hulu	hulul	ADJ;PL
oldo		N;ALL;PL;PSSRP
ʃoːmnaː	ʃoːmnaːhinəm	V;SEMEL;FIN;IND;SG;1;PST;ACT
lu	lujə	N;ACC;INDF;SG
it͡ʃə		V;FIN;IND;SG;3;PST+RMT;CAUS;ACT
təpkə	təpkərən	V;FIN;IND;SG;3;PST;ACT
trafim	trafim	N;NOM;SG
teːteː	teːteːlaː	N;TERM;SG
buru	buruŋnəm	V;HAB;FIN;IND;SG;1;PST;ACT
ulgur	ulgurji	N;SG;PSSRS+ACC
tuksaːn	tuksaːnkəl	V;FIN;IMP;SG;2;ACT
aďili	aďililə	N;ACC;INDF;PL
ti	tirəw	V;FIN;IND;PL;1+EXCL;PST;ACT
kartiʃka		V;SEMEL;FIN;IND;PL;3;PST+RMT;ACT
ulgut͡ʃoːn	ulgut͡ʃoːnďərən	V;IPFV;FIN;IND;SG;3;PRS;ACT
pəktirəːwun	pəktirəːwunwər	N;NOM;SG;PSSRP
in	inďət͡ʃoːn	V;IPFV;FIN;IND;SG;3;PST;ACT
ekologit͡ʃeskaji	ekologit͡ʃeskajil	ADJ;PL
ŋənə	ŋənəďərə	V;IPFV;FIN;IND;PL;3;PRS;ACT
hərə	hərəduː	N;DAT;SG
bargidaː	bargidaːwan	N;ACC;DEF;SG;PSS3S
in	induːji	N;DAT;SG;PSSRS
tas	tashinəw	V;SEMEL;FIN;IND;PL;1+EXCL;PST;ACT
t͡ʃanku	t͡ʃankulduː	N;DAT;PL
əŋəhiː	əŋəhiːn	V;FIN;IND;SG;3;ACT
ďiktə	ďiktəlwə	N;ACC;DEF;PL
hokto	hoktoliːtin	N;PROL;SG;PSS3P
ʃuru	ʃururən	V;FIN;IND;SG;3;PST;ACT
o	ot͡ʃəw	V;FIN;IND;SG;1;PRS;ACT
benzin	benzinlwə	N;ACC;DEF;PL
waśilij	waśilij	N;NOM;SG
mukətə	mukətəliːn	N;PROL;SG;PSS3S
di	diŋkiːwun	V;FIN;IND;PL;1+EXCL;PST+RMT;ACT
musaːn	musaːnrəw	V;FIN;IND;PL;1+EXCL;PST;ACT
obligatsə	obligatsəwə	N;ACC;DEF;SG
it͡ʃənoː	it͡ʃənoːkəl	V;FIN;IMP;SG;2;ACT
umukta	umuktawə	N;ACC;DEF;SG
oldo	oldol	N;NOM;PL
lambaraː	lambaraːrə	V;FIN;IND;PL;3;PST;ACT
adili	adililwə	N;ACC;DEF;PL
bu	burən	V;FIN;IND;SG;3;PST;ACT
nəptalə	nəptalə	ADJ
tara	tarawə	N;ACC;DEF;SG
ďa	ďarwi	N;NOM;PL;PSSRS
uːt͡ʃak	uːt͡ʃakji	N;SG;PSSRS+ACC
it͡ʃə	it͡ʃəttaw	V;DUR;FIN;IND;SG;1;PST;ACT
ut͡ʃaːmi	ut͡ʃaːmilaː	N;TERM;SG
hawalmɲiː	hawalmɲiːtin	N;NOM;SG;PSS3P
ŋəliwśipt͡ʃu	ŋəliwśipt͡ʃu	ADJ
təwu	təwulə	N;ACC;INDF;PL
gunə	gunəm	V;FIN;IND;SG;1;PST;ACT
pamiɲať	pamiɲať	N;NOM;SG
ŋoːlə	ŋoːləm	V;FIN;IND;SG;1;PST;ACT
uldə	uldəjə	N;ACC;INDF;SG
ogdiŋo	ogdiŋo	ADJ
hanŋukta	hanŋuktarən	V;FIN;IND;SG;3;PST;ACT
ətəjə	ətəjəďə	V;IPFV;FIN;IND;ACT
hawal	hawalďət͡ʃoːn	V;IPFV;FIN;IND;SG;3;PST;ACT
t͡ʃuɲa	t͡ʃuɲatkiː	N;ALL;SG
tuŋə	tuŋəwə	N;ACC;DEF;SG
huru	huruďəŋoːw	V;FIN;IND;SG;1;FUT;ACT
tunŋaďat͡ʃi	tunŋaďat͡ʃiduː	ADJ;DAT
uːt͡ʃak	uːt͡ʃak	N;NOM;SG
bi	biďəŋkiːw	V;IPFV;FIN;IND;SG;1;PST+RMT;ACT
hawa	hawalaːji	N;TERM;SG;PSSRS
ɲəŋɲə	ɲəŋɲə	ADJ
oː	oːrən	V;FIN;IND;SG;3;PST;ACT
śevərgidaː	śevərgidaːtkiː	N;ALL;SG
heːn	heːnwan	N;ACC;DEF;SG;PSS3S
teːteː	teːteːtkiː	N;ALL;SG
ɲama	ɲamawə	N;ACC;DEF;SG
duli	duli	N;NOM;SG
dili	dilin	N;NOM;SG;PSS3S
butilka	butilkaduː	N;DAT;SG
əməgən	əməgən	N;NOM;SG
jəgor	jəgor	N;NOM;SG
samoloti	samolotit	N;INS;SG
nəːku	nəːku	N;NOM;SG
omolgiː	omolgiː	N;NOM;SG
awadiwal	awadiwal	ADJ
hulda	huldalə	N;ACC;INDF;PL
həgdi	həgdi	ADJ
buru	buruďəm	V;FIN;IND;SG;1;FUT+IMMED;ACT
mari	maril	N;NOM;PL
bi	birən	V;FIN;IND;SG;3;PST;ACT
haŋiː	haŋiːttən	V;DUR;FIN;IND;SG;3;PST;ACT
oː	oː	N;NOM;SG
ďupkun	ďupkuntkiː	N;ALL;SG
o	om	V;FIN;IND;SG;1;PST;ACT
həgdi	həgdiwətin	N;ACC;DEF;SG;PSS3P
grus	grus	N;NOM;SG
ďəw	ďəwďərən	V;IPFV;FIN;IND;SG;3;PRS;ACT
guluwun	guluwun	N;NOM;SG
kərgə	kərgəl	N;NOM;PL
bəjŋoː	bəjŋoːlwə	N;ACC;DEF;PL
uːt͡ʃak	uːt͡ʃakduː	N;DAT;SG
darimaː	darimaːhinən	V;SEMEL;FIN;IND;SG;3;PST;ACT
prokop	prokop	N;NOM;SG
moːkaːn	moːkaːnwə	N;ACC;DEF;SG
pəktəruː	pəktəruːrən	V;FIN;IND;SG;3;PST;ACT
moː	moːduː	N;DAT;SG
haŋaːri	haŋaːril	N;NOM;PL
urkə	urkəlaː	N;TERM;SG
itiki	itikilwi	N;PL;PSSRS+ACC
goro	gorogit	N;IN+ABL;SG
ďaw	ďawduː	N;DAT;SG
lapta	laptawə	N;ACC;DEF;SG
ətirkoːt͡ʃə	ətirkoːt͡ʃəl	N;NOM;PL
əďiːloː	əďiːloː	N;NOM;SG
ŋənə	ŋənəďərə	V;IPFV;FIN;IND;PL;3;PRS;ACT
luďi	luďi	N;NOM;SG
oro	oroltikiː	N;ALL;PL
umukta	umuktawə	N;ACC;DEF;SG
ďirikat͡ʃaːn	ďirikat͡ʃaːn	N;NOM;SG
ŋənə	ŋənəďəŋnərəwun	V;HAB+IPFV;FIN;IND;PL;1+EXCL;PRS;ACT
hutə	hutəlwun	N;NOM;PL;PSS1PE
akini	akiniw	N;NOM;SG;PSS1S
oro	orolduːwi	N;DAT;PL;PSSRS
aminŋaha	aminŋaha	N;NOM;SG
t͡ʃajiŋ	t͡ʃajiŋrəw	V;FIN;IND;PL;1+EXCL;PST;ACT
śiɲťabr	śiɲťabrduː	N;DAT;SG
vərhnəimbaskə	vərhnəimbaskəduː	N;DAT;SG
talu	talulduk	N;ABL;PL
halga	halgalwə	N;ACC;DEF;PL
amaskaː	amaskaːlaːji	N;TERM;SG;PSSRS
də	də	N;NOM;SG
in	inďit͡ʃoːwun	V;IPFV;FIN;IND;PL;1+EXCL;PST;ACT
ŋinakisi	ŋinakisil	ADJ;PL
ŋolomo	ŋolomo	N;NOM;SG
homoːti		N;ABL;POT;SG
t͡ʃiskowoj	t͡ʃiskowoj	N;NOM;SG
ďawi	ďawitin	N;NOM;SG;PSS3P
ďu	ďujaji	N;ACC;INDF;SG;PSSRS
kərgəni	kərgənin	N;NOM;SG;PSS3S
hulukun	hulukunduːw	N;DAT;SG;PSS1S
ďoromo	ďoromom	V;FIN;IND;SG;1;PST;ACT
hulda	huldalwatin	N;ACC;DEF;PL;PSS3P
dukuwu	dukuwulwə	N;ACC;DEF;PL
imuːkśə	imuːkśəwə	N;ACC;DEF;SG
həktəwu	həktəwulduː	N;DAT;PL
həgdiko	həgdikol	ADJ;PL
waː	waːďəŋoːw	V;FIN;IND;SG;1;FUT;ACT
noː	noːŋkiːn	V;FIN;IND;SG;3;PST+RMT;ACT
huru	hurukəl	V;FIN;IMP;SG;2;ACT
atirkaːn	atirkaːnji	N;SG;PSSRS+ACC
jivo	jivo	ADJ
izbuʃka	izbuʃkalaːji	N;TERM;SG;PSSRS
bira	biralaː	N;TERM;SG
əɲiːn	əɲiːnw	N;NOM;SG;PSS1S
hawal	hawalďəm	V;IPFV;FIN;IND;SG;1;PRS;ACT
ulumo	ulumoŋnərəw	V;HAB;FIN;IND;PL;1+EXCL;PST;ACT
həlakiː	həlakiːlə	N;ACC;INDF;PL
akini	akiniw	N;NOM;SG;PSS1S
hoγorkiː	hoγorkiː	N;NOM;SG
o	oďərəw	V;IPFV;FIN;IND;PL;1+EXCL;PRS;ACT
soː	soː	ADJ
meːwan	meːwandukin	N;ABL;SG;PSS3S
bi	biwə	N;ACC;DEF;SG
ďu	ďulaː	N;TERM;SG
amar	amarduːn	N;DAT;SG;PSS3S
iďoʃ	iďoʃ	N;NOM;SG
tozəfka	tozəfkaji	N;SG;PSSRS+ACC
ďuktə	ďuktəwə	N;ACC;DEF;SG
ďirika	ďirikalduk	N;ABL;PL
taw	tawďəďən	V;IPFV;FIN;IND;SG;3;ACT
hukuləːmɲi	hukuləːmɲil	N;NOM;PL
adilisi	adilisiŋnəm	V;HAB;FIN;IND;SG;1;PST;ACT
ut͡ʃami	ut͡ʃami	N;NOM;SG
ŋəːlə	ŋəːlərən	V;FIN;IND;SG;3;PST;ACT
koŋimnə	koŋimnəwətin	N;ACC;DEF;SG;PSS3P
biraja	birajalduliː	N;PROL;PL
t͡ʃenokoːn	t͡ʃenokoːnwan	N;ACC;DEF;SG;PSS3S
ili	ilitt͡ʃoːwun	V;DUR;FIN;IND;PL;1+EXCL;PST;ACT
ʃargaśin	ʃargaśin	ADJ;EQTV
dulini	dulinin	N;NOM;SG;PSS3S
dəgilməːktə	dəgilməːktəduː	N;DAT;SG
buː	buːrə	V;FIN;IND;PL;3;PST;ACT
gorod	gorod	N;NOM;SG
dəptiləː	dəptiləːlwə	N;ACC;DEF;PL
ďuː	ďuːlaːtin	N;TERM;SG;PSS3P
o	orən	V;FIN;IND;SG;3;PST;ACT
uj	ujrən	V;FIN;IND;SG;3;PST;ACT
ŋəːləkəhiː	ŋəːləkəhiːw	N;NOM;SG;PSS1S
uːt͡ʃaki	uːt͡ʃakilduːwər	N;DAT;PL;PSSRP
moːtiː	moːtiːwə	N;ACC;DEF;SG
t͡ʃoknaː	t͡ʃoknaːwoːt	V;FIN;IMP;PL;1+INCL;ACT
dərə	dərəlaːtin	N;TERM;SG;PSS3P
ďə	ďəďərən	V;IPFV;FIN;IND;SG;3;PRS;ACT
urkə	urkə	N;NOM;SG
bəjŋoː	bəjŋoːwə	N;ACC;DEF;SG
braʃka	braʃkawə	N;ACC;DEF;SG
kaɲeʃna	kaɲeʃna	N;NOM;SG
ŋəli	ŋəlifkoːnďəŋoːw	V;FIN;IND;SG;1;FUT;CAUS;ACT
hoːŋə	hoːŋətin	N;NOM;SG;PSS3P
amakaː	amakaː	N;NOM;SG
gu	gurə	V;FIN;IND;PL;3;PST;ACT
mu	mu	N;NOM;SG
əmə	əməhinə	V;SEMEL;FIN;IND;PL;3;PST;ACT
aliksandr	aliksandr	N;NOM;SG
in	inďərə	V;IPFV;FIN;IND;PL;3;PRS;ACT
warwara	warwara	N;NOM;SG
hawal	hawalďərən	V;IPFV;FIN;IND;SG;3;PRS;ACT
tuk	tukďən	V;FIN;IND;SG;3;FUT+IMMED;ACT
baka	bakarəw	V;FIN;IND;PL;1+EXCL;PST;ACT
ŋəlifśə	ŋəlifśə	ADJ
geː	geːlaː	N;TERM;SG
śinťabr	śinťabrduː	N;DAT;SG
tan		V;STAT;FIN;IMP;SG;2;ACT
təγə	təγət͡ʃəlim	V;DUR+STAT;FIN;IND;SG;1;PST;ACT
amiːni	amiːnin	N;NOM;SG;PSS3S
əwədi	əwədi	ADJ
it͡ʃə		V;IPFV;FIN;IND;SG;1;PRS;CAUS;ACT
t͡ʃikti	t͡ʃikti	N;NOM;SG
klasi	klasil	N;NOM;PL
ilalda	ilaldawə	N;ACC;DEF;SG
ahi	ahi	N;NOM;SG
noːku	noːkuduː	N;DAT;SG
moː	moːlə	N;ACC;INDF;PL
bəjə	bəjəjə	N;ACC;INDF;SG
hihə	hihəwə	N;ACC;DEF;SG
bi	biďərən	V;IPFV;FIN;IND;SG;3;PRS;ACT
hiŋkəriː	hiŋkəriːďərən	V;IPFV;FIN;IND;SG;3;PRS;ACT
hulaki	hulakil	N;NOM;PL
dap	dapďərə	V;IPFV;FIN;IND;PL;3;PRS;ACT
əmə	əməw	V;FIN;IND;PL;1+EXCL;PST;CAUS;ACT
ďəfkit		N;ALL;SG;PSS1PE
hutə		N;COM;PL;PSS2S
timatnə	timatnəlaː	N;TERM;SG
kuklaka	kuklakalďi	N;INS;PL
o	orə	V;FIN;IND;PL;3;PST;ACT
rimontəkaːn	rimontəkaːnwə	N;ACC;DEF;SG
ulumiː	ulumiːďit͡ʃoːtin	V;IPFV;FIN;IND;PL;3;PST;ACT
hirbaː	hirbaːwə	N;ACC;DEF;SG
amtiːl	amtiːllaːji	N;TERM;SG;PSSRS
aŋani	aŋaniduː	N;DAT;SG
turu	turuduː	N;DAT;SG
hiː	hiːwan	N;ACC;DEF;SG;PSS3S
oː	oːrəw	V;FIN;IND;PL;1+EXCL;PST;ACT
soloγuː	soloγuː	N;NOM;SG
amki	amkil	N;NOM;PL
huliŋ	huliŋ	ADJ
hagdi	hagdil	ADJ;PL
ŋənə	ŋənərən	V;FIN;IND;SG;3;PST;ACT
ɲaŋta	ɲaŋtalə	N;ACC;INDF;PL
dawa	dawaŋnərəw	V;HAB;FIN;IND;PL;1+EXCL;PST;ACT
uldə	uldəŋil	N;NOM;PL;ALN
aj	ajrən	V;FIN;IND;SG;3;PST;ACT
pramhos	pramhosduː	N;DAT;SG
ŋənə		V;DUR;HAB+IPFV;FIN;IND;PL;1+EXCL;PRS;ACT
halga	halgaltin	N;NOM;PL;PSS3P
bi	biďəkəldu	V;IPFV;FIN;IMP;PL;2;ACT
t͡ʃapumə	t͡ʃapuməl	ADJ;PL
ďiwə	ďiwəhinən	V;SEMEL;FIN;IND;SG;3;PST;ACT
əmkə	əmkəə	N;ACC;DEF;SG;PSS1S
turu	turulaː	N;TERM;SG
ila	ilaliː	N;PROL;SG
himuːrga	himuːrgarən	V;FIN;IND;SG;3;PST;ACT
həhəni	həhəniŋkiːn	V;FIN;IND;SG;3;PST+RMT;ACT
aŋaɲiː	aŋaɲiːs	N;NOM;SG;PSS2S
toγo	toγojə	N;ACC;INDF;SG
haːrgi	haːrgi	N;NOM;SG
tuksa	tuksahinəm	V;SEMEL;FIN;IND;SG;1;PST;ACT
kilometr	kilometr	N;NOM;SG
koto	kotojə	N;ACC;INDF;SG
irgi	irgin	N;NOM;SG;PSS3S
nurgoːwul	nurgoːwulwə	N;ACC;DEF;SG
hawali	hawalitt͡ʃərən	V;DUR;IPFV;FIN;IND;SG;3;PRS;ACT
burdukariki	burdukarikil	ADJ;PL
əmə	əməhinəm	V;SEMEL;FIN;IND;SG;1;PST;ACT
dəruːmkisa	dəruːmkisaďəm	V;IPFV;FIN;IND;SG;1;PRS;ACT
ili	ilim	V;FIN;IND;SG;1;PST;ACT
nul	nulrən	V;FIN;IND;SG;3;PST;ACT
atirkaːn	atirkaːnnun	N;COM;SG
tukalan	tukalanwə	N;ACC;DEF;SG
saːtirə	saːtirə	N;NOM;SG
əmə	əmən	V;FIN;IND;SG;3;ACT
nikolajiʃ	nikolajiʃ	N;NOM;SG
lukiː	lukiːlwan	N;ACC;DEF;PL;PSS3S
amargu		ADJ;INS
kor	korduk	N;ABL;SG
umukoːn	umukoːnwan	N;ACC;DEF;SG;PSS3S
bultakit	bultakittkiːji	N;ALL;SG;PSSRS
ďukə	ďukə	ADJ
valenťinovit͡ʃ	valenťinovit͡ʃ	N;NOM;SG
geːw	geːwrən	V;FIN;IND;SG;3;PST;ACT
gaksaː	gaksaːŋitin	N;NOM;SG;ALN+PSS3P
oron	oronŋitin	N;NOM;SG;ALN+PSS3P
girani	giranim	V;FIN;IND;SG;1;PST;ACT
dimeɲťjəf	dimeɲťjəf	N;NOM;SG
trenin	treninduː	N;DAT;SG
kutu	kutujə	N;ACC;INDF;SG
əməːn	əməːnwran	V;FIN;IND;SG;3;PST;PASS
lurgi	lurgirən	V;FIN;IND;SG;3;PST;ACT
heːlakiː	heːlakiːnun	N;COM;SG
wiťakaːn	wiťakaːnwə	N;ACC;DEF;SG
nado	nado	V;FIN;IND;ACT
pəťorkə	pəťorkəlwə	N;ACC;DEF;PL
koːŋaːktə	koːŋaːktəwan	N;ACC;DEF;SG;PSS3S
ami	amiw	N;NOM;SG;PSS1S
tunŋaďar	tunŋaďarduː	N;DAT;SG
amini	aminiw	N;NOM;SG;PSS1S
staːdə	staːdəwətin	N;ACC;DEF;SG;PSS3P
noː	noːśiŋkiːn	V;DUR;FIN;IND;SG;3;PST+RMT;ACT
irəksə	irəksəwan	N;ACC;DEF;SG;PSS3S
bira	bira	N;NOM;SG
bi	biŋkiːn	V;FIN;IND;SG;3;PST+RMT;ACT
anŋaniː	anŋaniːs	N;NOM;SG;PSS2S
gəwariť	gəwariť	N;NOM;SG
huto	hutodulaːji	N;TERM;PL;PSSRS
mere	meretpi	N;INS;SG;PSSRS
ohotit	ohotitďərə	V;IPFV;FIN;IND;PL;3;PRS;ACT
goro	gorogit	N;IN+ABL;SG
suglan	suglan	N;NOM;SG
ďu	ďuduːn	N;DAT;SG;PSS3S
urə	urəwə	N;ACC;DEF;SG
halgan	halgannuin	N;COM;SG;PSS3S
wirtoloti	wirtolotit	N;INS;SG
təwuː	təwuːďət͡ʃoːn	V;IPFV;FIN;IND;SG;3;PST;ACT
uγa	uγaďəŋnərəwun	V;HAB+IPFV;FIN;IND;PL;1+EXCL;PRS;ACT
ŋənə	ŋənəďəŋnəm	V;HAB+IPFV;FIN;IND;SG;1;PRS;ACT
kira	kiraduː	N;DAT;SG
bi	birəw	V;FIN;IND;PL;1+EXCL;PST;ACT
daurskij	daurskij	N;NOM;SG
adil	adil	N;NOM;SG
himiktə	himiktəlwə	N;ACC;DEF;PL
kətə	kətəwə	N;ACC;DEF;SG
ɲiruśan	ɲiruśan	N;NOM;SG
jukələ	jukələwə	N;ACC;DEF;SG
irgit͡ʃiː	irgit͡ʃiːl	N;NOM;PL
ak	akkəldu	V;FIN;IMP;PL;2;ACT
hawal	hawalďət͡ʃoːn	V;IPFV;FIN;IND;SG;3;PST;ACT
pa	pa	N;NOM;SG
bi	birən	V;FIN;IND;SG;3;PST;ACT
tuγəniː	tuγəniːduː	N;DAT;SG
inmək	inməkwətin	N;ACC;DEF;SG;PSS3P
amari		N;TERM;SG;ALN+PSSRP
ulguśoːn	ulguśoːnrən	V;FIN;IND;SG;3;PST;ACT
hurkoːkoːśoːn	hurkoːkoːśoːn	N;NOM;SG
n	n	N;NOM;SG
tan	tanďərən	V;IPFV;FIN;IND;SG;3;PRS;ACT
hunaːďi	hunaːďiw	N;NOM;SG;PSS1S
suru	suruďəp	V;FIN;IND;PL;1+INCL;FUT+IMMED;ACT
ga	gaŋkiːn	V;FIN;IND;SG;3;PST+RMT;ACT
ahatka	ahatkarnun	N;COM;PL
alba	albaďərəw	V;IPFV;FIN;IND;PL;1+EXCL;PRS;ACT
bagdakə	bagdakəlduː	N;DAT;PL
moːtiː	moːtiːwə	N;ACC;DEF;SG
tamnaː		V;DUR+SEMEL;HAB;FIN;IND;PL;1+EXCL;PST;ACT
ullə	ulləduː	N;DAT;SG
ganna	gannarəw	V;FIN;IND;PL;1+EXCL;PST;ACT
wirtolot	wirtolotlaː	N;TERM;SG
ʃapka	ʃapkaŋnərə	V;HAB;FIN;IND;PL;3;PST;ACT
ďən	ďənŋiďtn	N;IN+ABL;SG;PSS3P
uγiː	uγiːt	N;INS;SG
buː	buːŋnəm	V;HAB;FIN;IND;SG;1;PST;ACT
ďaw	ďawduːwun	N;DAT;SG;PSS1PE
oːha	oːhalwə	N;ACC;DEF;PL
tuganiː	tuganiːduː	N;DAT;SG
jakutska	jakutskaduː	N;DAT;SG
ili	iliśilŋnərw	V;DUR;HAB;FIN;IND;PL;1+EXCL;PST;ACT
sagdi		V;SPRL;FIN;IND;PL;1+EXCL;ACT
ilaniː	ilaniː	N;NOM;SG
aŋaďakoː	aŋaďakoːldulaː	N;TERM;PL
virtalot	virtalot	N;NOM;SG
ənəlŋə	ənəlŋə	ADJ;PSS2S
ʃiγun	ʃiγun	N;NOM;SG
unta	untarnun	N;COM;PL
ga	garə	V;FIN;IND;PL;3;PST;ACT
pəktiru	pəktirurəw	V;FIN;IND;PL;1+EXCL;PST;ACT
iśə	iśəkəldu	V;FIN;IMP;PL;2;ACT
nanmakta	nanmaktal	N;NOM;PL
naːŋmakta	naːŋmaktaduː	N;DAT;SG
omoːn	omoːnrəw	V;FIN;IND;PL;1+EXCL;PST;ACT
wəki	wəkit	N;INS;SG
kapkaśi	kapkaśiŋnərəw	V;HAB;FIN;IND;PL;1+EXCL;PST;ACT
ahiː	ahiːs	N;NOM;SG;PSS2S
dəg	dəgďərən	V;IPFV;FIN;IND;SG;3;PRS;ACT
tuganiː	tuganiːwə	N;ACC;DEF;SG
musu	musurən	V;FIN;IND;SG;3;PST;ACT
həgdi	həgdil	ADJ;PL
śuːkə	śuːkəlwə	N;ACC;DEF;PL
ďapda	ďapda	N;NOM;SG
ŋoːnimi	ŋoːnimil	ADJ;PL
kəŋiloː	kəŋiloːl	N;NOM;PL
virtaloťi	virtaloťi	N;NOM;SG
ďəwu		V;HAB;FIN;IND;PL;2;PST;ACT
buran	buran	N;NOM;SG
ŋənə	ŋənəďiktə	V;IPFV;FIN;IMP;SG;1;ACT
əniːn	əniːnwi	N;NOM;SG;PSSRS
togo	togoduː	N;DAT;SG
tiksa	tiksaldiwər	N;INS;PL;PSSRP
dawi	dawilďi	N;INS;PL
ďuːtaː	ďuːtaːďəŋoːt	V;IPFV;FIN;IMP;PL;1+INCL;ACT
kuŋakaː	kuŋakaːlwə	N;ACC;DEF;PL
klara	klara	N;NOM;SG
ďan	ďanduk	N;ABL;SG
prezidənt	prezidənt	N;NOM;SG
əruː	əruː	ADJ
hərəkə	hərəkəmar	N;NOM;CMPR;SG
gun	gunďəm	V;FIN;IND;SG;1;FUT+IMMED;ACT
ŋənə	ŋənəďəŋkiːn	V;IPFV;FIN;IND;SG;3;PST+RMT;ACT
suglan	suglanlaː	N;TERM;SG
moːtiːkuːn	moːtiːkuːn	N;NOM;SG
toγo	toγot	N;INS;SG
ja	ja	N;NOM;SG
bi	birəw	V;FIN;IND;PL;1+EXCL;PST;ACT
buriː	buriːkəldu	V;FIN;IMP;PL;2;ACT
ɲuŋun	ɲuŋunduː	N;DAT;SG
bəjŋoː	bəjŋoː	N;NOM;SG
bəjə	bəjəduː	N;DAT;SG
ŋaːlə		N;ABL;PL;PSS1S
həraŋi	həraŋilwə	N;ACC;DEF;PL
ətets	ətets	N;NOM;SG
darkin	darkinliː	N;PROL;SG
soliːlaː	soliːlaː	N;NOM;SG
śergejif	śergejif	N;NOM;SG
ŋinaki	ŋinakilwi	N;NOM;PL;PSS1S
ďapkun	ďapkunlaː	N;TERM;SG
əmə	əmərən	V;FIN;IND;SG;3;PST;ACT
ďaw	ďawwər	N;SG;PSSRP+ACC
wibari	wibaril	N;NOM;PL
bi	birən	V;FIN;IND;SG;3;PST;ACT
amin	aminwər	N;SG;PSSRP+ACC
boroŋkon	boroŋkon	N;NOM;SG
a	aďəŋkiːtin	V;IPFV;FIN;IND;PL;3;PST+RMT;ACT
ŋənə	ŋənəďakal	V;IPFV;FIN;IMP;SG;2;ACT
moːlkə		V;DUR;IPFV;FIN;IND;SG;1;PRS;PASS
əjəː	əjəːhinə	V;SEMEL;FIN;IND;PL;3;PST;ACT
hawal	hawalďət͡ʃoːn	V;IPFV;FIN;IND;SG;3;PST;ACT
nevəďili	nevəďili	N;NOM;SG
ɲəkə	ɲəkərəw	V;FIN;IND;PL;1+EXCL;PST;ACT
ďawaptun	ďawaptun	N;NOM;SG
lihat͡ʃow	lihat͡ʃownun	N;COM;SG
tuːruːm	tuːruːmďəŋkiːn	V;IPFV;FIN;IND;SG;3;PST+RMT;ACT
aha	ahalin	N;NOM;PL;PSS3S
stado	stadoduːwun	N;DAT;SG;PSS1PE
haŋuːkt͡ʃa	haŋuːkt͡ʃaďərən	V;IPFV;FIN;IND;SG;3;PRS;ACT
uďa	uďalaːn	N;TERM;SG;PSS3S
virtolot	virtolot	N;NOM;SG
hoktə	hoktəwər	N;SG;PSSRP+ACC
oro	orolduliː	N;PROL;PL
puʃnomehowoj	puʃnomehowojduː	N;DAT;SG
mi	mi	N;NOM;SG
waː	waːrən	V;FIN;IND;SG;3;PST;ACT
ďu	ďulaːji	N;TERM;SG;PSSRS
haŋukta	haŋuktam	V;FIN;IND;SG;1;PST;ACT
logiː	logiːrən	V;FIN;IND;SG;3;PST;ACT
əɲokə	əɲokənun	N;COM;SG
ďukt͡ʃa	ďukt͡ʃaduːwər	N;DAT;SG;PSSRP
ďuː	ďuːduːwər	N;DAT;SG;PSSRP
hilki	hilkiďəŋnərəwun	V;HAB+IPFV;FIN;IND;PL;1+EXCL;PRS;ACT
kilomətər	kilomətər	N;NOM;SG
doːldi	doːldiďəm	V;IPFV;FIN;IND;SG;1;PRS;ACT
ozəro	ozəro	N;NOM;SG
guː	guːrə	V;FIN;IND;PL;3;PST;ACT
til	tilrə	V;FIN;IND;PL;3;PST;ACT
maŋiː	maŋiːl	N;NOM;PL
orokoː	orokoːlwə	N;ACC;DEF;PL
ama	amawun	V;FIN;IND;PL;1+EXCL;ACT
siŋilgən	siŋilgən	N;NOM;SG
aja		ADJ;DAT;SG
iɲiːp	iɲiːpďəŋnərəwun	V;HAB+IPFV;FIN;IND;PL;1+EXCL;PRS;ACT
huŋtu		ADJ;PSSRS
pəktiruː	pəktiruːrə	V;FIN;IND;PL;3;PST;ACT
əmə	əməďəŋnərəwun	V;HAB+IPFV;FIN;IND;PL;1+EXCL;PRS;ACT
ŋəni	ŋənin	N;NOM;SG;PSS3S
girku	girkurən	V;FIN;IND;SG;3;PST;ACT
luporoː	luporoːrən	V;FIN;IND;SG;3;PST;ACT
ɲina	ɲina	N;NOM;SG
ďuː	ďuː	N;NOM;SG
kəməďisə	kəməďisə	ADJ
uśitnaːďi	uśitnaːďiəl	V;FIN;IND;PL;ACT
əmə	əməďəŋoːn	V;FIN;IND;SG;3;FUT;ACT
ŋənə	ŋənərəw	V;FIN;IND;PL;1+EXCL;PST;ACT
iɲ	iɲďəm	V;IPFV;FIN;IND;SG;1;PRS;ACT
goroloː	goroloːwə	N;ACC;DEF;SG
həgdi	həgdi	ADJ
selhosťehɲikum	selhosťehɲikum	N;NOM;SG
hot͡ʃ	hot͡ʃ	N;NOM;SG
dəγi	dəγirən	V;FIN;IND;SG;3;PST;ACT
bultana	bultanahinə	V;SEMEL;FIN;IND;PL;3;PST;ACT
gələːktənəː	gələːktənəːhinďəŋoːw	V;SEMEL;FIN;IND;SG;1;FUT;ACT
əɲiː	əɲiːwə	N;ACC;DEF;SG
amar	amarduːn	N;DAT;SG;PSS3S
ďagda	ďagdaduː	N;DAT;SG
alaguːmniː	alaguːmniːt	N;INS;SG
saŋaːr	saŋaːrwə	N;ACC;DEF;SG
turumnəː	turumnəːŋkiːwun	V;FIN;IND;PL;1+EXCL;PST+RMT;ACT
giramda	giramdalďi	N;INS;PL
mundukan	mundukan	N;NOM;SG
bultahikta	bultahiktaduːn	N;DAT;SG;PSS3S
inti	intikəl	V;FIN;IMP;SG;2;ACT
nidələ	nidələwə	N;ACC;DEF;SG
moːtiːtkoːn	moːtiːtkoːn	N;NOM;SG
zimowjo	zimowjotkiː	N;ALL;SG
aśin	aśin	V;FIN;IND;ACT
bəjə	bəjəŋilwəm	N;ACC;DEF;PL;ALN+PSS1S
oɲo	oɲo	N;NOM;SG
toγo	toγowun	V;FIN;IND;PL;1+EXCL;ACT
bəjə	bəjəlwə	N;ACC;DEF;PL
əmə	əməŋnərəw	V;HAB;FIN;IND;PL;1+EXCL;PST;ACT
ajaː	ajaːlduliː	N;PROL;PL
ganat	ganat	N;NOM;SG
tətiː	tətiːlwi	N;PL;PSSRS+ACC
t͡ʃurgiː	t͡ʃurgiːďərən	V;IPFV;FIN;IND;SG;3;PRS;ACT
haːki	haːkilwatin	N;ACC;DEF;PL;PSS3P
bulta	bultaŋkiːw	V;FIN;IND;SG;1;PST+RMT;ACT
sewer	sewertkiː	N;ALL;SG
kalakat͡ʃaːn	kalakat͡ʃaːn	N;NOM;SG
umukkoː	umukkoːl	ADJ;PL
bolʃə	bolʃə	N;NOM;SG
abligatsə	abligatsəlwə	N;ACC;DEF;PL
əmə	əmərə	V;FIN;IND;PL;3;PST;ACT
həgdiŋo	həgdiŋo	ADJ
wrak	wrak	N;NOM;SG
ami	aminun	N;COM;SG
irgiː	irgiːďərə	V;FIN;IND;PL;3;FUT+IMMED;ACT
ər	ərrə	V;FIN;IND;PL;3;PST;ACT
soliː	soliːgit	N;IN+ABL;SG
kolədʒ	kolədʒwə	N;ACC;DEF;SG
gogo	gogorə	V;FIN;IND;PST;ACT
həgdiŋəmi	həgdiŋəmi	ADJ
huru	huruŋkiːw	V;FIN;IND;SG;1;PST+RMT;ACT
sərkəw	sərkəwduː	N;DAT;SG
ŋinaki	ŋinakiltin	N;NOM;PL;PSS3P
haː	haːrə	V;FIN;IND;PST;ACT
bələ		V;FIN;IND;SG;3;PST+RMT;CAUS;ACT
hoːŋnaː	hoːŋnaːďən	V;FIN;IND;SG;3;FUT+IMMED;ACT
ila	ilarən	V;FIN;IND;SG;3;PST;ACT
dundə	dundəltikiː	N;ALL;PL
əɲokə	əɲokəlwun	N;NOM;PL;PSS1PE
həwəkiː	həwəkiːlaː	N;TERM;SG
ďəb	ďəbďəŋoːn	V;FIN;IND;SG;3;FUT;ACT
armija	armijaduː	N;DAT;SG
ər	ərrən	V;FIN;IND;SG;3;PST;ACT
oldoko	oldokolə	N;ACC;INDF;PL
dəgilməːktə	dəgilməːktəl	N;NOM;PL
amin	amin	N;NOM;SG
akin	akinw	N;NOM;SG;PSS1S
nulgiː	nulgiːďərə	V;IPFV;FIN;IND;PL;3;PRS;ACT
ajaːwriː	ajaːwriː	ADJ
bultaγit	bultaγit	ADJ
sogdonno	sogdonnoduː	N;DAT;SG
kuwrik	kuwrikduː	N;DAT;SG
hoːksələːn	hoːksələːn	ADJ
ham	hamrə	V;FIN;IND;PL;3;PST;ACT
əniː	əniː	N;NOM;SG
girkumat	girkumat	ADJ
oloki	olokit	N;INS;SG
saďik	saďikduː	N;DAT;SG
iltəni	iltənim	V;FIN;IND;SG;1;PST;ACT
hogdiŋo	hogdiŋo	ADJ
ďurməːnďi	ďurməːnďi	ADJ
ɲama	ɲamajə	N;ACC;INDF;SG
amaːkaː	amaːkaːwə	N;ACC;DEF;SG
əpti	əptihinən	V;SEMEL;FIN;IND;SG;3;PST;ACT
huru	huruďən	V;FIN;IND;SG;3;FUT+IMMED;ACT
tuksa	tuksarə	V;FIN;IND;PL;3;PST;ACT
t͡ʃajti	t͡ʃajtirəw	V;FIN;IND;PL;1+EXCL;PST;ACT
ɲiŋtə		N;ACC;DEF;PL;ALN+PSS3P
məsto	məstoji	N;SG;PSSRS+ACC
girku	girkuďə	V;IPFV;FIN;IND;ACT
ulguson	ulgusonďət͡ʃoːn	V;IPFV;FIN;IND;SG;3;PST;ACT
əŋnəkoː	əŋnəkoːlwə	N;ACC;DEF;PL
iŋini	iŋinin	N;NOM;SG;PSS3S
ďujapt͡ʃu	ďujapt͡ʃulwə	N;ACC;DEF;PL
janwar	janwar	N;NOM;SG
omoː	omoːrəw	V;FIN;IND;PL;1+EXCL;PST;ACT
olgiː	olgiːďən	V;FIN;IND;SG;3;FUT+IMMED;ACT
duː	duːlaːwər	N;TERM;SG;PSSRP
ahi	ahinun	N;COM;SG
irgi	irgiďərə	V;FIN;IND;PL;3;FUT+IMMED;ACT
huju	hujul	ADJ;PL
kolhos	kolhosduː	N;DAT;SG
udigir	udigir	N;NOM;SG
əbəːj	əbəːj	N;NOM;SG
vətəran	vətəran	N;NOM;SG
nəkuː	nəkuːw	N;NOM;SG;PSS1S
mudaka	mudakaltin	N;NOM;PL;PSS3P
hoːgin	hoːginrən	V;FIN;IND;SG;3;PST;ACT
tigə	tigəldə	V;FIN;IND;PL;2;ACT
ʃukʃilrə	ʃukʃilrəwə	N;ACC;DEF;SG
staːdo	staːdoduk	N;ABL;SG
duləːməː	duləːməːrən	V;FIN;IND;SG;3;PST;ACT
poruh	poruhwə	N;ACC;DEF;SG
martə	martəlaː	N;TERM;SG
toγo	toγotkiː	N;ALL;SG
ɲəkə	ɲəkəďəm	V;IPFV;FIN;IND;SG;1;PRS;ACT
tirgaɲiː	tirgaɲiːwə	N;ACC;DEF;SG
aŋaɲiːśiː	aŋaɲiːśiː	ADJ
kanskij	kanskij	N;NOM;SG
ŋinaki	ŋinakilwə	N;ACC;DEF;PL
ə	əďam	V;FIN;IND;PSS1S;FUT+IMMED;ACT
biraja	birajan	V;FIN;IND;SG;3;ACT
akir	akirw	N;NOM;SG;PSS1S
moːla	moːlaďəŋoːw	V;FIN;IND;SG;1;FUT;ACT
heː	heːlwatin	N;ACC;DEF;PL;PSS3P
ɲimok	ɲimokduːwər	N;DAT;SG;PSSRP
tətiγəː	tətiγəːlon	N;ACC;INDF;PL;PSS3S
bəjətka	bəjətkal	N;NOM;PL
śədmoj	śədmojduː	N;DAT;SG
nəŋə	nəŋəďəďən	V;IPFV;FIN;IND;SG;3;FUT+IMMED;ACT
eː	eː	N;NOM;SG
oː	oːŋnəm	V;HAB;FIN;IND;SG;1;PST;ACT
kiləmetra	kiləmetra	N;NOM;SG
ga	gaďəŋkiːtin	V;IPFV;FIN;IND;PL;3;PST+RMT;ACT
ugu	uguduː	N;DAT;SG
dəgi	dəgi	N;NOM;SG
əmə	əməwoːt	V;FIN;IMP;PL;1+INCL;ACT
əɲiː	əɲiːtin	N;NOM;SG;PSS3P
oː	oːkəldu	V;FIN;IMP;PL;2;ACT
hujukuːn	hujukuːndukpi	N;ABL;SG;PSSRS
səktələďək		V;ACC;DEF;FIN;IND;PSS3P;ACT
bi	birə	V;FIN;IND;PL;3;PST;ACT
oldo	oldojə	N;ACC;INDF;SG
bi	birən	V;FIN;IND;SG;3;PST;ACT
umuːnup		V;FIN;IMP+RMT;PL;2;ACT
ɲi	ɲi	N;NOM;SG
talu	taluduː	N;DAT;SG
oro	orolwə	N;ACC;DEF;PL;PSS1S
səktə	səktəlwə	N;ACC;DEF;PL
gə	gəŋif	N;NOM;SG;ALN+PSS1S
girki	girkitin	N;NOM;SG;PSS3P
suru	suruďərə	V;FIN;IND;PL;3;FUT+IMMED;ACT
bargidaː	bargidaːduː	N;DAT;SG
tundrə	tundrəlaː	N;TERM;SG
bi	birə	V;FIN;IND;PL;3;PST;ACT
ekspeditija	ekspeditijalduː	N;DAT;PL
goro	goro	ADJ
kuŋaːkaː	kuŋaːkaːl	N;NOM;PL
naparniki	naparnikilwi	N;PL;PSSRS+ACC
əmə	əmərən	V;FIN;IND;SG;3;PST;ACT
haktiraː	haktiraːrən	V;FIN;IND;SG;3;PST;ACT
doː	doː	V;FIN;IND;ACT
kətə	kətəjə	N;ACC;INDF;SG
gələːktə	gələːktərən	V;FIN;IND;SG;3;PST;ACT
lurgi	lurgirən	V;FIN;IND;SG;3;PST;ACT
ilmakta	ilmaktalwə	N;ACC;DEF;PL
haŋkə	haŋkəlwi	N;PL;PSSRS+ACC
ďoro	ďorotpi	N;INS;SG;PSSRS
əɲiː	əɲiːduː	N;DAT;SG
bira	biralaː	N;TERM;SG
jaŋ	jaŋlaː	N;TERM;SG
dariski	dariski	N;NOM;SG
amaːkaː	amaːkaː	N;NOM;SG
uji	ujiwoːt	V;FIN;IMP;PL;1+INCL;ACT
til	tilrə	V;FIN;IND;PL;3;PST;ACT
ila		V;DUR;HAB;FIN;IMP;PL;2;ACT
aťets	aťets	N;NOM;SG
ʃo	ʃo	ADJ
ďawa	ďawarəw	V;FIN;IND;PL;1+EXCL;PST;ACT
hərəlgəːn	hərəlgəːnwə	N;ACC;DEF;SG
towuli	towulinun	N;COM;SG
bargidaː	bargidaːlaːn	N;TERM;SG;PSS3S
aːnŋə	aːnŋəduːwər	N;DAT;SG;PSSRP
bi	birə	V;FIN;IND;PL;3;PST;ACT
ismiɲi	ismiɲi	N;NOM;SG
ŋənə	ŋənərəw	V;FIN;IND;PL;1+EXCL;PST;ACT
təγə	təγəśimɲː	V;DUR;FIN;IND;ACT
amiːn	amiːnduːw	N;DAT;SG;PSS1S
staːdo	staːdolaː	N;TERM;SG
istanoki	istanokil	N;NOM;PL
aŋa	aŋawran	V;FIN;IND;SG;3;PST;PASS
ďu	ďujə	N;ACC;INDF;SG
ə	əďəndə	V;FIN;IND;SG;2;FUT+IMMED;ACT
sarśikan	sarśikanwə	N;ACC;DEF;SG
homoːtiː	homoːtiːjoj	N;VOC;SG
girku	girkuŋkiːtin	V;FIN;IND;PL;3;PST+RMT;ACT
urə	urəlaː	N;TERM;SG
hawal	hawalďət͡ʃoːn	V;IPFV;FIN;IND;SG;3;PST;ACT
talu	talulduktin	N;ABL;PL;PSS3P
oː	oːrə	V;FIN;IND;PST;ACT
doːldiː	doːldiːŋkiːw	V;FIN;IND;SG;1;PST+RMT;ACT
dil	dilγiďn	N;IN+ABL;SG;PSS3S
koŋnomo	koŋnomo	ADJ
dulin	dulin	N;NOM;SG
hunti	huntil	ADJ;PL
amini	aminin	N;NOM;SG;PSS3S
alba	albarəw	V;FIN;IND;PL;1+EXCL;PST;ACT
heːktakaː	heːktakaːlwə	N;ACC;DEF;PL
irəksə	irəksət	N;INS;SG
haːrgi	haːrgildulaː	N;TERM;PL
tərgəksə	tərgəksəlwatin	N;ACC;DEF;PL;PSS3P
vasiljəvna	vasiljəvna	N;NOM;SG
beːga	beːga	N;NOM;SG
hokto	hoktowə	N;ACC;DEF;SG
iruː	iruːďət͡ʃoːn	V;IPFV;FIN;IND;SG;3;PST;ACT
ďaďa	ďaďanunmi	N;COM;SG;PSSRS
həgdi	həgdilaːtin	N;TERM;SG;PSS3P
ŋəkə	ŋəkəm	V;FIN;IND;SG;1;PST;ACT
pensijə	pensijəduːji	N;DAT;SG;PSSRS
tuγaɲiː	tuγaɲiːduː	N;DAT;SG
bu	burən	V;FIN;IND;SG;3;PST;ACT
oro	orolduː	N;DAT;PL
adil	adiljawar	N;ACC;INDF;SG;PSSRP
bəjŋoː	bəjŋoːl	N;NOM;PL
əŋnəkəː	əŋnəkəːl	N;NOM;PL
əriː	əriːγin	V;FIN;IMP;SG;3;ACT
dur	dur	N;NOM;SG
rewolutśija	rewolutśija	N;NOM;SG
əntil	əntiltin	N;NOM;SG;PSS3P
mudani	mudaniŋif	N;NOM;SG;ALN+PSS1S
ďuganiː	ďuganiːwə	N;ACC;DEF;SG
ďu	ďuduːwər	N;DAT;SG;PSSRP
ďəptəl	ďəptəl	N;NOM;SG
ďəw		V;HAB+IPFV;FIN;IND;PL;2;PRS;ACT
kolan	kolannun	N;COM;SG
oha	ohalwə	N;ACC;DEF;PL
isə		V;FIN;IND;SG;2;FUT+IMMED;CAUS;ACT
hujukuː	hujukuːldukwər	N;ABL;PL;PSSRP
uγu	uγutkiː	N;ALL;SG
ələːkəːn	ələːkəːnn	ADJ;PSS3S
kiŋgiloːn	kiŋgiloːn	N;NOM;SG
rot	rotduː	N;DAT;SG
nulgiː	nulgiːhinə	V;SEMEL;FIN;IND;PL;3;PST;ACT
ətirkoːn	ətirkoːnduːji	N;DAT;SG;PSSRS
bər	bərji	N;SG;PSSRS+ACC
oldoː	oldoːlwə	N;ACC;DEF;PL
anŋaɲiː	anŋaɲiːwə	N;ACC;DEF;SG
dilasa	dilasa	N;NOM;SG
bagatiji	bagatijil	ADJ;PL
fśu	fśu	ADJ
huŋta	huŋta	ADJ
amtil	amtilnun	N;COM;SG
muː	muːwə	N;ACC;DEF;SG
ďuː	ďuːlduːtin	N;DAT;PL;PSS3P
don	donťaďm	V;STAT;IPFV;FIN;IND;SG;1;PRS;ACT
dəginti	dəginti	ADJ
huɲiː	huɲiːlin	N;NOM;PL;PSS3S
t͡ʃemo	t͡ʃemo	N;NOM;SG
huŋtuki	huŋtuki	ADJ
tərgəksə	tərgəksəlwatin	N;ACC;DEF;PL;PSS3P
ir	irmar	N;NOM;CMPR;SG
ďawa	ďawaďərən	V;IPFV;FIN;IND;SG;3;PRS;ACT
biːwun	biːwun	N;NOM;SG
əksə	əksəŋkiːtin	V;FIN;IND;PL;3;PST+RMT;ACT
siksiŋa	siksiŋalwə	N;ACC;DEF;PL
irgiʃi	irgiʃilwun	N;NOM;PL;PSS1PE
in	inďərə	V;IPFV;FIN;IND;PL;3;PRS;ACT
ďa	ďalduːwi	N;DAT;PL;PSSRS
ila	ilattən	V;DUR;FIN;IND;SG;3;PST;ACT
əːs	əːsrən	V;FIN;IND;SG;3;PST;ACT
hitəːn	hitəːnwə	N;ACC;DEF;SG
it͡ʃə		V;DUR+SEMEL;FIN;IND;SG;1;PST;ACT
bi	biďəp	V;FIN;IND;PL;1+INCL;FUT+IMMED;ACT
habəl	habəl	N;NOM;SG
togo	togowun	N;NOM;SG;PSS1PE
ɲimŋakaːnmə	ɲimŋakaːnmə	ADJ
talaka	talakaďəŋoːw	V;FIN;IND;SG;1;FUT;ACT
ribakil	ribakilrən	V;FIN;IND;SG;3;PST;ACT
uγut͡ʃak	uγut͡ʃakduː	N;DAT;SG
ədi	ədiduːji	N;DAT;SG;PSSRS
o	oďəŋoːːtin	V;FIN;IND;PL;3;FUT;ACT
amin	aminwan	N;ACC;DEF;SG;PSS3S
adiːraː	adiːraː	V;FIN;IND;ACT
palatka	palatkalaː	N;TERM;SG
tiksa	tiksawə	N;ACC;DEF;SG
puruliwun	puruliwunji	N;SG;PSSRS+ACC
uːt͡ʃak	uːt͡ʃakjan	N;ACC;INDF;SG;PSS3S
atirkaːn	atirkaːnwə	N;ACC;DEF;SG
kuːkti	kuːktirən	V;FIN;IND;SG;3;PST;ACT
ahami	ahamil	N;NOM;PL
wojna	wojna	N;NOM;SG
iɲ	iɲďit͡ʃoːwun	V;IPFV;FIN;IND;PL;1+EXCL;PST;ACT
alagu	alaguďəŋoːw	V;FIN;IND;SG;1;FUT;ACT
o	oďəŋkiːn	V;IPFV;FIN;IND;SG;3;PST+RMT;ACT
an	angit	N;IN+ABL;SG
tirganiː	tirganiː	N;NOM;SG
haruːkka	haruːkkal	N;NOM;PL
armija	armijawə	N;ACC;DEF;SG
oron	oronjə	N;ACC;INDF;SG
haːrgi	haːrgiduː	N;DAT;SG
ənə	ənə	N;NOM;SG
iːkəːriː	iːkəːriːwan	N;ACC;DEF;SG;PSS3S
əŋnəko	əŋnəkolduː	N;DAT;PL
iɲ	iɲďərən	V;IPFV;FIN;IND;SG;3;PRS;ACT
hukti	huktirən	V;FIN;IND;SG;3;PST;ACT
papal	papalrən	V;FIN;IND;SG;3;PST;ACT
buktarani	buktaranim	V;FIN;IND;SG;1;PST;ACT
namaː	namaːrə	V;FIN;IND;PL;3;PST;ACT
hutə	hutəduː	N;DAT;SG
ribzəvod	ribzəvodduː	N;DAT;SG
əmkə	əmkəduː	N;DAT;SG
oldo	oldolwə	N;ACC;DEF;PL
huru	huruďən	V;FIN;IND;SG;3;FUT+IMMED;ACT
halga		N;INS;PL;PSS1S
tətiγə	tətiγəlwə	N;ACC;DEF;PL
təgə	təgərə	V;FIN;IND;PL;3;PST;ACT
hərmə	hərməlduː	N;DAT;PL
ɲəkə	ɲəkərəw	V;FIN;IND;PL;1+EXCL;PST;ACT
idəhəti		V;DUR+SEMEL;FIN;IND;PL;1+EXCL;PST+RMT;ACT
kəŋiloːn	kəŋiloːn	N;NOM;SG
ojogir	ojogir	N;NOM;SG
mukoːto	mukoːton	N;NOM;SG;PSS3S
kurəː	kurəːlaːw	N;TERM;SG;PSS1S
haktiraː	haktiraːduː	N;DAT;SG
ikoː	ikoːwoːt	V;FIN;IMP;PL;1+INCL;ACT
bəjə	bəjəŋiltin	N;NOM;PL;ALN+PSS3P
ďu	ďulaːwər	N;TERM;SG;PSSRP
girku	girkuďərən	V;IPFV;FIN;IND;SG;3;PRS;ACT
kəŋginə	kəŋginərən	V;FIN;IND;SG;3;PST;ACT
howos	howoswətin	N;ACC;DEF;SG;PSS3P
ɲaŋta	ɲaŋtal	N;NOM;PL
təγə	təγərən	V;FIN;IND;SG;3;PST;ACT
amar	amarliːwun	N;PROL;SG;PSS1PE
norma	norma	N;NOM;SG
ďiko	ďikoďərə	V;IPFV;FIN;IND;PL;3;PRS;ACT
tsəntralka	tsəntralkadukpi	N;ABL;SG;PSSRS
gərbiː	gərbiːrəw	V;FIN;IND;PL;1+EXCL;PST;ACT
gogo	gogoďərən	V;IPFV;FIN;IND;SG;3;PRS;ACT
bi	biəw	V;FIN;COND;SG;1;ACT
hələ	hələlwə	N;ACC;DEF;PL
muːliː	muːliːŋnəďoːw	V;HAB;FIN;IND;SG;1;FUT;ACT
kərt͡ʃimə	kərt͡ʃiməŋiltin	N;NOM;PL;ALN+PSS3P
gorokon	gorokonwə	N;ACC;DEF;SG
ami	ami	N;NOM;SG
zajafka	zajafkajə	N;ACC;INDF;SG
bi	biŋkiːn	V;FIN;IND;PST+RMT;ACT
əɲi	əɲiw	N;NOM;SG;PSS1S
gənnoː	gənnoːhinə	V;SEMEL;FIN;IND;PL;3;PST;ACT
tumɲina		N;INS;SG;PSS3S
ga	gaďəŋoːs	V;FIN;IND;SG;2;FUT;ACT
tukʃa	tukʃamt͡ʃa	V;FIN;COND;ACT
prəʃol	prəʃol	N;NOM;SG
iɲəktə	iɲəktəďərən	V;IPFV;FIN;IND;SG;3;PRS;ACT
ɲuŋun	ɲuŋunwə	N;ACC;DEF;SG
ɲorma	ɲorma	N;NOM;SG
majgu	majgulwə	N;ACC;DEF;PL
olgiː	olgiːktə	V;FIN;IMP;SG;1;ACT
tutont͡ʃanə	tutont͡ʃanəduː	N;DAT;SG
hawa	hawajaji	N;ACC;INDF;SG;PSSRS
agiː	agiːlaː	N;TERM;SG
obeda	obedat	N;INS;SG
sergejew	sergejew	N;NOM;SG
abdun	abdunwə	N;ACC;DEF;SG
dulapti	dulaptilwan	N;ACC;DEF;PL;PSS3S
joːkə	joːkərə	V;FIN;IND;PL;3;PST;ACT
opiti	opitiw	N;NOM;SG;PSS1S
iŋin	iŋin	N;NOM;SG
bulta	bultaŋkiːn	V;FIN;IND;PST+RMT;ACT
ďərewɲə	ďərewɲəlaː	N;TERM;SG
it͡ʃə	it͡ʃətt͡ʃəm	V;DUR;FIN;IND;SG;1;FUT+IMMED;ACT
girku	girkuďət͡ʃoːn	V;IPFV;FIN;IND;SG;3;PST;ACT
ini	iniktin	V;FIN;IMP;PL;3;ACT
tuŋa	tuŋawə	N;ACC;DEF;SG
ɲamapt͡ʃu	ɲamapt͡ʃujə	ADJ;ACC;INDF
irəkśə	irəkśəlduː	N;DAT;PL
t͡ʃipkaːn	t͡ʃipkaːn	N;NOM;SG
ratsija	ratsijat	N;INS;SG
molda	moldahinən	V;SEMEL;FIN;IND;SG;3;PST;ACT
gələːktənaː	gələːktənaːďakal	V;IPFV;FIN;IMP;SG;2;ACT
t͡ʃiːwaː	t͡ʃiːwaːďən	V;IPFV;FIN;IND;SG;3;FUT;ACT
ŋələfśi	ŋələfśi	ADJ
iː	iːrən	V;FIN;IND;SG;3;PST;ACT
hamaːn	hamaːn	N;NOM;SG
dulin	dulinduːn	N;DAT;SG;PSS3S
hilba		V;DUR;FIN;IND;PSS1S;FUT;ACT
tehnikum	tehnikumduː	N;DAT;SG
ɲəkə	ɲəkəďət͡ʃaːw	V;IPFV;FIN;IND;SG;1;PST;ACT
ije	ijerdukin	N;ABL;PL;PSS3S
arakukaːn	arakukaːn	N;NOM;SG
ŋələ	ŋələrə	V;FIN;IND;PL;3;PST;ACT
huru	hururə	V;FIN;IND;PL;3;PST;ACT
irəkśə	irəkśəwə	N;ACC;DEF;SG
bagdakəː	bagdakəːlwə	N;ACC;DEF;PL
oro	orolwə	N;ACC;DEF;PL
ɲama	ɲamaďəŋoːn	V;FIN;IND;SG;3;FUT;ACT
bultahit	bultahit	ADJ
tolgokiː	tolgokiːduː	N;DAT;SG
meːwa	meːwarən	V;FIN;IND;SG;3;PST;ACT
ilkəːɲ		V;IPFV;FIN;IND;PL;PSS3P;ACT
aŋaɲiː	aŋaɲiː	N;NOM;SG
aː		V;SEMEL;ACC;INDF;FIN;IND;PSS3P;ACT
ajalə	ajalə	ADJ
boroʃi	boroʃilwə	N;ACC;DEF;PL
amiːn	amiːnw	N;NOM;SG;PSS1S
əɲiːnmə	əɲiːnmə	ADJ
hama	hama	N;NOM;SG
tulə	tuləśilŋnərw	V;DUR;HAB;FIN;IND;PL;1+EXCL;PST;ACT
girku	girkuďit͡ʃoːwun	V;IPFV;FIN;IND;PL;1+EXCL;PST;ACT
heːktakaː	heːktakaːlduk	N;ABL;PL
uldi	uldiŋnəm	V;HAB;FIN;IND;SG;1;PST;ACT
ŋəli	ŋəlisiːŋnəm	V;DUR;HAB;FIN;IND;SG;1;PST;ACT
ďebŋənə	ďebŋənəlwə	N;ACC;DEF;PL
bəjo	bəjorə	V;FIN;IND;PL;3;PST;ACT
nakanno	nakanno	N;NOM;SG
bi	birəw	V;FIN;IND;PL;1+EXCL;PST;ACT
ɲaŋta	ɲaŋtalə	N;ACC;INDF;PL
diliː	diliː	N;NOM;SG
oro	orolwər	N;PL;PSSRP+ACC
śila	śilatt͡ʃərəw	V;DUR;IPFV;FIN;IND;PL;1+EXCL;PRS;ACT
ŋinakin	ŋinakinwəun	N;ACC;DEF;SG;PSS1PE
hamɲiːka	hamɲiːkalə	N;ACC;INDF;PL
jaŋi	jaŋiltikiː	N;ALL;PL
huru	huruwoːt	V;FIN;IMP;PL;1+INCL;ACT
ə	əŋkiːwun	V;FIN;IND;PL;1+EXCL;PST+RMT;ACT
boloniː	boloniːwə	N;ACC;DEF;SG
śipkaː	śipkaː	N;NOM;SG
hujukuːn	hujukuːn	ADJ
bi	birə	V;FIN;IND;PL;3;PST;ACT
diŋniːləːn	diŋniːləːnrən	V;FIN;IND;SG;3;PST;ACT
vobʃəm	vobʃəm	ADJ
o	oktə	V;FIN;IMP;SG;1;ACT
aknil	aknilwi	N;NOM;SG;PSSRS
hutakat͡ʃaːn	hutakat͡ʃaːnjə	N;ACC;INDF;SG
agdi	agdiďərən	V;IPFV;FIN;IND;SG;3;PRS;ACT
bira	biraliː	N;PROL;SG
ŋolə	ŋoləgattə	V;DUR;FIN;IND;PL;3;PST;ACT
pə	pə	N;NOM;SG
dundə	dundəwə	N;ACC;DEF;SG
dunnə	dunnə	N;NOM;SG
ďaďa	ďaďa	N;NOM;SG
aŋanisi	aŋanisi	ADJ
umaːn	umaːnwan	N;ACC;DEF;SG;PSS3S
əbəj	əbəj	N;NOM;SG
ahatawet	ahatawetlaː	N;TERM;SG
hukulo	hukuloďərən	V;IPFV;FIN;IND;SG;3;PRS;ACT
aleksejewna	aleksejewna	N;NOM;SG
əɲin	əɲinduːji	N;DAT;SG;PSSRS
aŋani	aŋanis	N;NOM;SG;PSS2S
aːnŋə	aːnŋəgattə	V;DUR;FIN;IND;PL;3;PST;ACT
terapefťə	terapefťə	N;NOM;SG
ə	ərəw	V;FIN;IND;PL;1+EXCL;PST;ACT
ďə	ďərən	V;FIN;IND;SG;3;PST;ACT
aloʃa	aloʃa	N;NOM;SG
samolot	samolot	N;NOM;SG
ɲimoki	ɲimokidulaːji	N;TERM;PL;PSSRS
altaśi	altaśirən	V;FIN;IND;SG;3;PST;ACT
tolgoki	tolgokildulaːwər	N;TERM;PL;PSSRP
təwə	təwəkəldu	V;FIN;IMP;PL;2;ACT
beːgaśi	beːgaśi	ADJ
ili	ilittən	V;DUR;FIN;IND;SG;3;PST;ACT
ŋoːlə		V;FIN;IND;SG;1;FUT+IMMED;CAUS;ACT
ďəpti	ďəptil	N;NOM;PL
murdaː	murdaːrəw	V;FIN;IND;PL;1+EXCL;PST;ACT
ini		V;IPFV;FIN;IND;PL;2;FUT+IMMED;ACT
bi	birə	V;FIN;IND;PL;3;PST;ACT
haŋaːri	haŋaːrilwan	N;ACC;DEF;PL;PSS3S
in	induː	N;DAT;SG
sudə	sudəwə	N;ACC;DEF;SG
t͡ʃanku	t͡ʃankulwə	N;ACC;DEF;PL
ɲutə	ɲutəlwə	N;ACC;DEF;PL
umukən	umukən	ADJ
baloki	balokilduːtin	N;DAT;PL;PSS3P
dərumkiśə	dərumkiśəďakal	V;IPFV;FIN;IMP;SG;2;ACT
mənmaktə	mənmaktəl	N;NOM;PL
prəmhos	prəmhosduː	N;DAT;SG
ŋənə	ŋənəďərən	V;IPFV;FIN;IND;SG;3;PRS;ACT
ďu	ďulaːwər	N;TERM;SG;PSSRP
kapka	kapkalwi	N;PL;PSSRS+ACC
ŋoːlə	ŋoːləwsoːn	V;FIN;IND;SG;3;PST;CAUS;ACT
amiː	amiːtin	N;NOM;SG;PSS3P
aː		V;HAB+IPFV;FIN;IND;SG;2;PRS;ACT
ubdun		N;ABL;SG;3
iŋiɲipt͡ʃu	iŋiɲipt͡ʃu	ADJ
tuŋi	tuŋiwə	N;ACC;DEF;SG
itiγaː	itiγaːďəŋnərəwun	V;HAB+IPFV;FIN;IND;PL;1+EXCL;PRS;ACT
t͡ʃikti	t͡ʃiktilwə	N;ACC;DEF;PL
doldi	doldittaw	V;DUR;FIN;IND;SG;1;PST;ACT
t͡ʃokoksoːn	t͡ʃokoksoːnwə	N;ACC;DEF;SG
kəŋiloːn	kəŋiloːnjə	N;ACC;INDF;SG
ulukiː	ulukiː	N;NOM;SG
ruʒjom	ruʒjom	N;NOM;SG
ďantakiː	ďantakiːlwə	N;ACC;DEF;PL
ďəm	ďəmrəw	V;FIN;IND;PL;1+EXCL;PST;ACT
ulgot͡ʃoː	ulgot͡ʃoːďəŋkiːw	V;IPFV;FIN;IND;SG;1;PST+RMT;ACT
ďuːr	ďuːrwə	N;ACC;DEF;SG
bokonə	bokonəm	V;FIN;IND;SG;1;PST;ACT
uda	udalwan	N;ACC;DEF;PL;PSS3S
omo	omorə	V;FIN;IND;PL;3;PST;ACT
samoloːt	samoloːtduː	N;DAT;SG
birə	birəldulaː	N;TERM;PL
hujet	hujetrəw	V;FIN;IND;PL;1+EXCL;PST;ACT
orohəmə	orohəmə	ADJ
japə	japərəw	V;FIN;IND;PL;1+EXCL;PST;ACT
ohoto	ohotowə	N;ACC;DEF;SG
ďawi	ďawilwə	N;ACC;DEF;PL
kilometr	kilometrliː	N;PROL;SG
t͡ʃatti	t͡ʃattirəw	V;FIN;IND;PL;1+EXCL;PST;ACT
həgdiŋə	həgdiŋəltə	V;IPFV;FIN;IND;PL;ACT
hukśilla	hukśillalďi	N;INS;PL
moti	motilwə	N;ACC;DEF;PL
bi	bim	V;FIN;IND;SG;1;PST;ACT
oro	orolwi	N;NOM;PL;PSS1S
ɲəŋɲəɲiː	ɲəŋɲəɲiːt	N;INS;SG
amaka	amakaw	N;NOM;SG;PSS1S
buː	buːŋkiːtin	V;FIN;IND;PL;3;PST+RMT;ACT
jest	jest	N;NOM;SG
amkin	amkinjə	N;ACC;INDF;SG
hələ	hələwə	N;ACC;DEF;SG
oldo	oldolə	N;ACC;INDF;PL
ili	ilitt͡ʃəm	V;DUR;IPFV;FIN;IND;SG;1;PRS;ACT
əmə	əməďərə	V;IPFV;FIN;IND;PL;3;PRS;ACT
buː	buːŋkiːtin	V;FIN;IND;PL;3;PST+RMT;ACT
pəɲśija	pəɲśija	N;NOM;SG
tijəpkoːn		V;IPFV;FIN;IND;PSSRS;ACT
zaʃiʃati	zaʃiʃatiďəm	V;FIN;IND;SG;1;FUT+IMMED;ACT
kislokan	kislokanduː	N;DAT;SG
in	inďit͡ʃoːwun	V;IPFV;FIN;IND;PL;1+EXCL;PST;ACT
amaːkaː	amaːkaːdukpi	N;ABL;SG;PSSRS
anŋaɲiː	anŋaɲiːldulaː	N;TERM;PL
uďa	uďaliːn	N;PROL;SG;PSS3S
hamaːn	hamaːnŋduːtin	N;DAT;SG;ALN+PSS3P
bolnisa	bolnisa	N;NOM;SG
oː	oːrən	V;FIN;IND;SG;3;PST;ACT
asin	asinduː	N;DAT;SG
umuko	umuko	ADJ
ilan	ilant	N;INS;SG
haŋiː	haŋiːhinəw	V;SEMEL;FIN;IND;PL;1+EXCL;PST;ACT
śimja	śimjaduk	N;ABL;SG
zaatehnik	zaatehnik	N;NOM;SG
at͡ʃi	at͡ʃil	N;NOM;PL
grus	gruswə	N;ACC;DEF;SG
kuŋakan	kuŋakanduːji	N;DAT;SG;PSSRS
dinŋiːləː	dinŋiːləːďəŋoːn	V;FIN;IND;SG;3;FUT;ACT
a	aďəŋkiːwun	V;IPFV;FIN;IND;PL;1+EXCL;PST+RMT;ACT
pramhoz	pramhoz	N;NOM;SG
ulgut͡ʃəːni	ulgut͡ʃəːnim	V;FIN;IND;SG;1;PST;ACT
waː	waːm	V;FIN;IND;SG;1;PST;ACT
nulgiː	nulgiːhinəw	V;SEMEL;FIN;IND;PL;1+EXCL;PST;ACT
hənŋə	hənŋə	N;NOM;SG
uldə	uldəlwə	N;ACC;DEF;PL
kapkan	kapkanduːn	N;DAT;SG;PSS3S
uďa	uďalwə	N;ACC;DEF;PL;PSS1S
o	oγin	V;FIN;IMP;SG;3;ACT
marʃruti	marʃrutin	N;NOM;SG;PSS3S
ɲikə	ɲikəďərən	V;IPFV;FIN;IND;SG;3;PRS;ACT
əː	əː	N;NOM;SG
turəːni	turəːnin	N;NOM;SG;PSS3S
ənin	əninnunmi	N;COM;SG;PSS1S
tərgəksəkəː	tərgəksəkəːrwər	N;NOM;PL;PSSRP
uləː	uləːrən	V;FIN;IND;SG;3;PST;ACT
saʃka	saʃka	N;NOM;SG
naː	naːwran	V;FIN;IND;SG;3;PST;PASS
kuptu	kupturən	V;FIN;IND;SG;3;PST;ACT
ďuː	ďuːl	N;NOM;PL
kuŋakan	kuŋakanwə	N;ACC;DEF;SG
ɲimŋakaːn	ɲimŋakaːn	N;NOM;SG
produkta	produktalə	N;ACC;INDF;PL
buː	buːŋnərəw	V;HAB;FIN;IND;PL;1+EXCL;PST;ACT
bəjə	bəjərkə	V;FIN;POT;ACT
hoː	hoːŋuwatin	N;ACC;DEF;SG;ALN+PSS3P
vəťərantruda	vəťərantrudaduː	N;DAT;SG
ahiːla	ahiːlarən	V;FIN;IND;SG;3;PST;ACT
ɲimnoʃkato	ɲimnoʃkato	ADJ
ga	gaďəs	V;FIN;IND;PL;2;FUT+IMMED;ACT
amin	aminəs	N;ACC;DEF;SG;PSS2S
ətəji	ətəjit͡ʃandə	V;DUR;IPFV;FIN;IND;SG;2;PRS;ACT
baka	bakarəw	V;FIN;IND;PL;1+EXCL;PST;ACT
awgusta	awgustatkiː	N;ALL;SG
umuktaγat͡ʃini		ADJ;EQTV;PSS3S
tirəː	tirəːrən	V;FIN;IND;SG;3;PST;ACT
nulgiː	nulgiːrəw	V;FIN;IND;PL;1+EXCL;PST;ACT
ɲəkə	ɲəkəďəm	V;FIN;IND;SG;1;FUT+IMMED;ACT
uksədikəːn	uksədikəːn	ADJ;EQTV
guluwun	guluwuntkiːn	N;ALL;SG;PSS3S
buː	buː	N;NOM;SG
amaː	amaː	N;NOM;SG
ut͡ʃami	ut͡ʃamilaː	N;TERM;SG
ďuː	ďuːwi	N;NOM;SG;PSSRS
əkniːl	əkniːlw	N;NOM;SG;PSS1S
hukti	huktirən	V;FIN;IND;SG;3;PST;ACT
etitə	etitə	ADJ
ollo	ollolə	N;ACC;INDF;PL
dundə	dundəlduaːn	N;TERM;PL;PSS3S
ribat͡ʃiťtə	ribat͡ʃiťtə	ADJ
kujkiː	kujkiː	ADJ
kujiː		V;IPFV;FIN;POT;PL;3;ACT
hokto	hoktoduː	N;DAT;SG
ŋinaγiː	ŋinaγiːrəw	V;FIN;IND;PL;1+EXCL;PST;ACT
koto		N;DAT;PL;PSS2P
ďiwo	ďiworə	V;FIN;IND;PL;3;PST;ACT
sok	sokrə	V;FIN;IND;PL;3;PST;ACT
ili	iliduː	N;DAT;SG
buː	buːďəm	V;FIN;IND;SG;1;FUT+IMMED;ACT
əməːn	əməːnwďən	V;FIN;IND;SG;3;FUT+IMMED;PASS
ənŋə	ənŋəkəl	V;FIN;IMP;SG;2;ACT
bəjatsə	bəjatsə	N;NOM;SG
moː	moːlaː	N;TERM;SG
həgdiŋoko	həgdiŋokol	ADJ;PL
dulin	dulinduːn	N;DAT;SG;PSS3S
buɲiː	buɲiːlwər	N;PL;PSSRP+ACC
dəγi	dəγim	V;FIN;IND;SG;1;PST;ACT
ʒe	ʒe	N;NOM;SG
amini	aminin	N;NOM;SG;PSS3S
dəgi	dəgil	N;NOM;PL
ijəko	ijəkol	N;NOM;PL
bira	biraŋmi	N;NOM;SG;ALN+PSSRS
siŋilgən	siŋilgənt	N;INS;SG
iɲ	iɲďəm	V;IPFV;FIN;IND;SG;1;PRS;ACT
ďəpi	ďəpiŋkiːwun	V;FIN;IND;PL;1+EXCL;PST+RMT;ACT
tawu	tawuŋnərəw	V;HAB;FIN;IND;PL;1+EXCL;PST;ACT
ďaw	ďaw	N;NOM;SG
atirkaːn		N;COM+TERM;SG
huru	hururən	V;FIN;IND;SG;3;PST;ACT
irəkʃə	irəkʃəwan	N;ACC;DEF;SG;PSS3S
ugu	uguŋkiːn	V;FIN;IND;SG;3;PST+RMT;ACT
gun	gun	V;FIN;IND;ACT
ɲikə	ɲikəm	V;FIN;IND;SG;1;PST;ACT
huďi	huďiďəŋaːt	V;FIN;IND;PL;1+INCL;FUT;ACT
irgi	irgit͡ʃaŋkin	V;DUR;IPFV;FIN;IND;PL;3;PST+RMT;ACT
soːkaːn	soːkaːnďit͡ʃoːtin	V;IPFV;FIN;IND;PL;3;PST;ACT
nəkə	nəkəďəm	V;IPFV;FIN;IND;SG;1;PRS;ACT
kolan	kolan	N;NOM;SG
iśə	iśəśimɲː	V;DUR;FIN;IND;ACT
luk	lukrə	V;FIN;IND;PL;3;PST;ACT
igďamakaːn	igďamakaːn	ADJ
aha	aharnun	N;COM;PL
asi	asil	N;NOM;PL
təro	tərom	V;FIN;IND;SG;1;PST;ACT
baka	bakam	V;FIN;IND;SG;1;PST;ACT
awu	awuŋkiːw	V;FIN;IND;SG;1;PST+RMT;ACT
pastuhi	pastuhiďət͡ʃaːw	V;IPFV;FIN;IND;SG;1;PST;ACT
əmə	əmərən	V;FIN;IND;SG;3;PST;ACT
həgdiloːn	həgdiloːn	ADJ
ośin	ośin	N;NOM;SG
ŋənə	ŋənəktə	V;FIN;IMP;SG;1;ACT
ďuγuː	ďuγuːliːn	N;PROL;SG;PSS3S
turoː	turoː	N;NOM;SG
haː	haːt͡ʃos	V;FIN;IND;SG;2;PST;ACT
irkutskaj	irkutskajduː	N;DAT;SG
tawu	tawuŋnərə	V;HAB;FIN;IND;PL;3;PST;ACT
əďiː	əďiːgit	N;IN+ABL;SG
hulu	hulu	ADJ
əməːn	əməːnďən	V;FIN;IND;SG;3;FUT+IMMED;ACT
wertoloːti	wertoloːtit	N;INS;SG
kantora	kantora	N;NOM;SG
ŋinakin	ŋinakinwun	N;NOM;SG;PSS1PE
bi	birəw	V;FIN;IND;PL;1+EXCL;PST;ACT
ini	inihinəm	V;SEMEL;FIN;IND;SG;1;PST;ACT
hoːm	hoːmrən	V;FIN;IND;SG;3;PST;ACT
ili	ilitt͡ʃərəw	V;DUR;IPFV;FIN;IND;PL;1+EXCL;PRS;ACT
aŋaɲiː	aŋaɲiːn	V;FIN;IND;SG;3;ACT
majgu	majgu	N;NOM;SG
dinŋiːləːn	dinŋiːləːnďərən	V;IPFV;FIN;IND;SG;3;PRS;ACT
amut	amut	N;NOM;SG
girkumət	girkumət	ADJ
kazak	kazak	N;NOM;SG
hawal	hawalďŋoː	V;FIN;IND;FUT;ACT
mukurə	mukurərə	V;FIN;IND;PL;3;PST;ACT
ijə	ijəlwan	N;ACC;DEF;PL;PSS3S
hawal	hawalďət͡ʃaːw	V;IPFV;FIN;IND;SG;1;PST;ACT
ərdikoːn	ərdikoːn	ADJ
da	dalduːwi	N;DAT;PL;PSSRS
amin	amintin	N;NOM;SG;PSS3P
oroni	oronin	N;NOM;SG;PSS3S
hukuləː	hukuləːďərən	V;IPFV;FIN;IND;SG;3;PRS;ACT
toγo	toγon	N;NOM;SG;PSS3S
ulukiː	ulukiːwə	N;ACC;DEF;SG
hujət	hujətrəw	V;FIN;IND;PL;1+EXCL;PST;ACT
bəju	bəjulə	N;ACC;INDF;PL
aha	ahaďərə	V;IPFV;FIN;IND;PL;3;PRS;ACT
ɲiďəla	ɲiďəladuː	N;DAT;SG
dəktəndə	dəktəndəlwi	N;NOM;PL;PSS1S
moː	moːlwə	N;ACC;DEF;PL
həgdihə	həgdihəm	V;FIN;IND;SG;1;PST;ACT
plemaniki	plemanikiw	N;NOM;SG;PSS1S
ŋinaki	ŋinakilďi	N;INS;PL
tolgokiː	tolgokiːlďi	N;INS;PL
pəktirəː	pəktirəːdimoːttə	V;FIN;IND;PL;3;PST;RECP;ACT
tiha	tihaďərən	V;IPFV;FIN;IND;SG;3;PRS;ACT
təwlaː		V;SEMEL;IPFV;FIN;IND;PL;1+EXCL;PST;ACT
aminŋəhə	aminŋəhə	N;NOM;SG
ŋəli	ŋəlijoj	N;VOC;SG
ə	ərə	V;FIN;IND;PL;3;PST;ACT
əjəː	əjəːskol	V;SEMEL;FIN;IMP;SG;2;ACT
najabra	najabra	N;NOM;SG
suːko	suːkolwun	N;NOM;PL;PSS1PE
amin	aminwun	N;NOM;SG;PSS1PE
aja		ADJ;NOM;CMPR;SG
halgaliʃu	halgaliʃu	N;NOM;SG
ďu	ďuduː	N;DAT;SG
huru	hururəw	V;FIN;IND;PL;1+EXCL;PST;ACT
pəktiroː		V;ACC;DEF;FIN;IND;PL;1+EXCL;ACT
maluːgida	maluːgidatkiː	N;ALL;SG
bulta	bultan	N;NOM;SG;PSS3S
ďaďa	ďaďaw	N;NOM;SG;PSS1S
umukoːn	umukoːn	ADJ
jakut	jakut	N;NOM;SG
haktira	haktirarən	V;FIN;IND;SG;3;PST;ACT
bagdama	bagdama	ADJ
ila		V;DUR;IPFV;FIN;IMP;PL;2;ACT
ďawa	ďawaəw	V;FIN;COND;SG;1;ACT
bi	bildəp	V;FIN;IND;PL;1+INCL;PST;ACT
ərupt͡ʃu	ərupt͡ʃujə	ADJ;ACC;INDF
hamaːn	hamaːnwə	N;ACC;DEF;SG
ďugani	ďuganiduː	N;DAT;SG
pəktiron	pəktironďəŋoːs	V;FIN;IND;SG;2;FUT;ACT
biraja	birajalwə	N;ACC;DEF;PL
bi	biďit͡ʃoːwun	V;IPFV;FIN;IND;PL;1+EXCL;PST;ACT
mikt͡ʃan	mikt͡ʃanrən	V;FIN;IND;SG;3;PST;ACT
varənjə	varənjəwə	N;ACC;DEF;SG
abet	abet	N;NOM;SG
tugəɲiː	tugəɲiː	N;NOM;SG
dəγi	dəγirən	V;FIN;IND;SG;3;PST;ACT
hokto	hoktoə	N;ACC;DEF;SG;PSS1S
suːləmə	suːləmətin	ADJ;PSS3P
ilkəːɲ	ilkəːɲltə	V;IPFV;FIN;IND;PL;ACT
əvənkiju	əvənkiju	N;NOM;SG
turaːmi	turaːmiwə	N;ACC;DEF;SG
baka	bakaďəŋoːw	V;FIN;IND;SG;1;FUT;ACT
paśolok	paśoloklaː	N;TERM;SG
əɲiːŋəhə		N;NOM;SG;1
doːldiː	doːldiːttən	V;DUR;FIN;IND;SG;3;PST;ACT
uśitnaː	uśitnaːhinəm	V;SEMEL;FIN;IND;SG;1;PST;ACT
ďukt͡ʃa	ďukt͡ʃalaːn	N;TERM;SG;PSS3S
uŋku	uŋkuiďən	V;DUR;FIN;IND;SG;3;FUT+IMMED;ACT
kalhos	kalhos	N;NOM;SG
hiγi	hiγim	V;FIN;IND;SG;1;PST;ACT
kuŋakaːr	kuŋakaːr	N;NOM;SG
ďə	ďəďəm	V;IPFV;FIN;IND;SG;1;PRS;ACT
t͡ʃenokoːn	t͡ʃenokoːn	N;NOM;SG
nikalajəvit͡ʃ	nikalajəvit͡ʃ	N;NOM;SG
koːtuj	koːtuj	N;NOM;SG
miri	mirirən	V;FIN;IND;SG;3;PST;ACT
bəjətkon	bəjətkon	N;NOM;SG
gus	gus	N;NOM;SG
iɲ	iɲďət͡ʃoːn	V;IPFV;FIN;IND;SG;3;PST;ACT
amtil	amtilw	N;NOM;SG;PSS1S
saːtira	saːtirawə	N;ACC;DEF;SG
irgiśi	irgiśi	N;NOM;SG
tirə	tirəďərə	V;FIN;IND;PL;3;FUT+IMMED;ACT
ilə	iləlduː	N;DAT;PL
inə	inəŋnərəw	V;HAB;FIN;IND;PL;1+EXCL;PST;ACT
nulgi		V;SEMEL;FIN;IND;PL;3;ACT
ďumi	ďumilduː	N;DAT;PL
hərgiː	hərgiːn	N;NOM;SG;PSS3S
powar	powarďəŋkiːw	V;IPFV;FIN;IND;SG;1;PST+RMT;ACT
golo	golowə	N;ACC;DEF;SG
hukuləː	hukuləːďərən	V;IPFV;FIN;IND;SG;3;PRS;ACT
ɲəmuləmɲi	ɲəmuləmɲil	N;NOM;PL
abdun	abdundukpi	N;ABL;SG;PSSRS
pəktirəːwuni	pəktirəːwunin	N;NOM;SG;PSS3S
ir	irduk	N;ABL;SG
ihə	ihəldulaː	N;TERM;PL
tuksaː	tuksaːďəŋkiːwun	V;IPFV;FIN;IND;PL;1+EXCL;PST+RMT;ACT
oː	oːrən	V;FIN;IND;SG;3;PST;ACT
pol	polwə	N;ACC;DEF;SG
əmukin	əmukin	ADJ
hutə	hutəw	N;NOM;SG;PSS1S
hawal	hawalďəŋkiːn	V;IPFV;FIN;IND;SG;3;PST+RMT;ACT
hurunən	hurunənwə	N;ACC;DEF;SG
əmə	əməďən	V;FIN;IND;SG;3;FUT+IMMED;ACT
goro	gorowə	N;ACC;DEF;SG
hargi	hargiltikiː	N;ALL;PL
amkin	amkin	N;NOM;SG
hulakiːkuːn	hulakiːkuːn	N;NOM;SG
təďoː	təďoː	N;NOM;SG
ahiː	ahiːwan	N;ACC;DEF;SG;PSS3S
noː	noːŋnərəw	V;HAB;FIN;IND;PL;1+EXCL;PST;ACT
guluwun	guluwunlaːwər	N;TERM;SG;PSSRP
ďadaŋi	ďadaŋilduː	N;DAT;PL
hutə	hutəlduːwi	N;DAT;PL;PSSRS
hogdiŋo	hogdiŋol	ADJ;PL
luk	lukrəw	V;FIN;IND;PL;1+EXCL;PST;ACT
nulgiːmdə	nulgiːmdətin	N;NOM;SG;PSS3P
inmərukkoːn	inmərukkoːnji	N;SG;PSSRS+ACC
kiki	kikihinən	V;SEMEL;FIN;IND;SG;3;PST;ACT
dili	diliw	N;NOM;SG;PSS1S
iɲ	iɲďəŋkiːtin	V;IPFV;FIN;IND;PL;3;PST+RMT;ACT
olromi	olromiďərə	V;IPFV;FIN;IND;PL;3;PRS;ACT
guluwun	guluwunlaː	N;TERM;SG
huru	huruŋnərəw	V;HAB;FIN;IND;PL;1+EXCL;PST;ACT
ďawa	ďawaďəp	V;IPFV;FIN;IND;PL;1+INCL;PRS;ACT
tajmen	tajmenduk	N;ABL;SG
art͡ʃa	art͡ʃarən	V;FIN;IND;SG;3;PST;ACT
ərjokloː	ərjokloː	N;NOM;SG
swaďba	swaďbaďəp	V;FIN;IND;PL;1+INCL;FUT+IMMED;ACT
daːr	daːrrəw	V;FIN;IND;PL;1+EXCL;PST;ACT
ə	ərəw	V;FIN;IND;PL;1+EXCL;PST;ACT
ďapka	ďapkatkiːn	N;ALL;SG;PSS3S
təpkə	təpkəŋkiːn	V;FIN;IND;SG;3;PST+RMT;ACT
hutəkoː	hutəkoːlwun	N;NOM;PL;PSS1PE
duwukiː	duwukiːwan	N;ACC;DEF;SG;PSS3S
əɲiː	əɲiːw	N;NOM;SG;PSS1S
bi	bim	V;FIN;IND;SG;1;PST;ACT
amin	aminnuin	N;COM;SG;PSS3S
liʒi	liʒi	N;NOM;SG
dolboltonə	dolboltonəlaː	N;TERM;SG
huru	hururən	V;FIN;IND;SG;3;PST;ACT
pəktəroni	pəktəroniŋnəndə	V;HAB;FIN;IND;SG;2;PST;ACT
gala	gala	N;NOM;SG
gə	gəduː	N;DAT;SG
bi	bim	V;FIN;IND;SG;1;PST;ACT
itiγaː	itiγaːrəw	V;FIN;IND;PL;1+EXCL;PST;ACT
akini	akinin	N;NOM;SG;PSS3S
əldun	əldun	N;NOM;SG
uŋku	uŋkuďərn	V;FIN;IND;SG;3;PRS;ACT
dəγi	dəγirə	V;FIN;IND;PL;3;PST;ACT
bolʃoj	bolʃoj	N;NOM;SG
doːldiː	doːldiːrəw	V;FIN;IND;PL;1+EXCL;PST;ACT
ənəli	ənəli	V;FIN;IND;ACT
aki	akiw	N;NOM;SG;PSS1S
amaːkaːtkan	amaːkaːtkanduk	N;ABL;SG
əŋəhiː		N;ACC;INDF;SG;PSS2S
həkuːhiː	həkuːhiːt	N;INS;SG
ila	ilaŋkiːn	V;FIN;IND;SG;3;PST+RMT;ACT
o	oďərə	V;IPFV;FIN;IND;PL;3;FUT+IMMED;ACT
oron	oronwətin	N;ACC;DEF;SG;PSS3P
prədukt	prəduktlwə	N;ACC;DEF;PL
alba	albaŋnəm	V;HAB;FIN;IND;SG;1;PST;ACT
tatar	tatarwan	N;ACC;DEF;SG;PSS3S
moːtiːtkoːn	moːtiːtkoːnwə	N;ACC;DEF;SG
śirəktə	śirəktəlwi	N;PL;PSSRS+ACC
o	om	V;FIN;IND;SG;1;PST;ACT
amkin	amkinduː	N;DAT;SG
tolgoki	tolgokil	N;NOM;PL
bə	bə	N;NOM;SG
bi	bim	V;FIN;IND;SG;1;PST;ACT
warak	warak	N;NOM;SG
hulakiː	hulakiːwə	N;ACC;DEF;SG
uďa	uďalwatin	N;ACC;DEF;PL;PSS3P
ganalt͡ʃi	ganalt͡ʃi	N;NOM;SG
biraja	birajawə	N;ACC;DEF;SG
təti	tətiďəŋkiːn	V;IPFV;FIN;IND;SG;3;PST+RMT;ACT
goγo	goγorə	V;FIN;IND;PL;3;PST;ACT
ďawut͡ʃa	ďawut͡ʃaďəŋkiːn	V;IPFV;FIN;IND;SG;3;PST+RMT;ACT
poːta	poːtalwər	N;PL;PSSRP+ACC
kuŋakan	kuŋakannun	N;COM;SG
oː	oːďən	V;FIN;IND;SG;3;FUT+IMMED;ACT
baka	bakam	V;FIN;IND;SG;1;PST;ACT
uďa	uďalwə	N;ACC;DEF;PL
ə	əkəldu	V;FIN;IMP;PL;2;ACT
ɲiďela	ɲiďela	N;NOM;SG
spit͡ʃka	spit͡ʃkawə	N;ACC;DEF;SG
jigorəwiʃ	jigorəwiʃ	N;NOM;SG
ogdokoː	ogdokoːlowər	N;ACC;INDF;PL;PSSRP
əməːn	əməːnwrə	V;FIN;IND;PL;1+EXCL;PST;PASS
ollomoː	ollomoːinŋkiːwu	V;SEMEL;FIN;IND;PL;1+EXCL;PST+RMT;ACT
ŋənə	ŋənəm	V;FIN;IND;SG;1;PST;ACT
ďoni	ďoniŋnəm	V;HAB;FIN;IND;SG;1;PST;ACT
vərtalot	vərtalot	N;NOM;SG
hamɲiː	hamɲiːlə	N;ACC;INDF;PL
tuksa	tuksahinəw	V;SEMEL;FIN;IND;PL;1+EXCL;PST;ACT
ilanma	ilanma	ADJ
muː	muːduː	N;DAT;SG
ədi	ədinunmi	N;COM;SG;PSSRS
ŋənə		V;FIN;IND;PST;PASS
ďawut͡ʃa	ďawut͡ʃaďəŋkiːtin	V;IPFV;FIN;IND;PL;3;PST+RMT;ACT
ədin	ədin	N;NOM;SG
ďəw	ďəw	N;NOM;SG
uldiː	uldiːďəďən	V;IPFV;FIN;IND;SG;3;ACT
bargidaː	bargidaːliːn	N;PROL;SG;PSS3S
kormeː	kormeːdukin	N;ABL;SG;PSS3S
soliːloː	soliːloː	N;NOM;SG
oː	oːrən	V;FIN;IND;SG;3;PST;ACT
du	dutin	N;NOM;SG;PSS3P
duku	dukuŋkiːtin	V;FIN;IND;PL;3;PST+RMT;ACT
haŋkə	haŋkərwər	N;NOM;PL;PSSRP
o	orən	V;FIN;IND;SG;3;PST;ACT
ikoː	ikoːďət͡ʃoːn	V;IPFV;FIN;IND;SG;3;PST;ACT
oro	orolwə	N;ACC;DEF;PL
jaŋgu	jaŋgurə	V;FIN;IND;PL;3;PST;ACT
ollomo	ollomohinəw	V;SEMEL;FIN;IND;PL;1+EXCL;PST;ACT
oron	oronwi	N;NOM;SG;PSSRS
ətə	ətərəw	V;FIN;IND;PL;1+EXCL;FUT+IMMED;ACT
muːkoːn	muːkoːnt	N;INS;SG
waː	waːrən	V;FIN;IND;SG;3;PST;ACT
naptara	naptararə	V;FIN;IND;PL;3;PST;ACT
tukti	tuktirən	V;FIN;IND;SG;3;PST;ACT
nimɲaːkaːn	nimɲaːkaːnwə	N;ACC;DEF;SG
bi	birən	V;FIN;IND;SG;3;PST;ACT
əmə	əmərəw	V;FIN;IND;PL;1+EXCL;PST;ACT
maluː	maluːduː	N;DAT;SG
hoγorkiː	hoγorkiːliː	N;PROL;SG
baji	bajil	ADJ;PL
jewgenija	jewgenija	N;NOM;SG
uγut͡ʃak	uγut͡ʃakwər	N;NOM;SG;PSSRP
əwiːwun	əwiːwun	N;NOM;SG
gorot	gorotlaː	N;TERM;SG
o	oŋkiːwun	V;FIN;IND;PL;1+EXCL;PST+RMT;ACT
dulinma	dulinman	ADJ;PSS3S
ďəptilə	ďəptiləlwə	N;ACC;DEF;PL
hukti	huktihinəm	V;SEMEL;FIN;IND;SG;1;PST;ACT
gu	gurən	V;FIN;IND;SG;3;PST;ACT
ďələki	ďələkilwə	N;ACC;DEF;PL
lawaːdaːp	lawaːdaːpďərən	V;IPFV;FIN;IND;SG;3;PRS;ACT
abat͡ʃiː	abat͡ʃiːwə	N;ACC;DEF;SG
talu	taluwə	N;ACC;DEF;SG
ďaldaː	ďaldaːm	V;FIN;IND;SG;1;PST;ACT
in		V;IPFV;FIN;COND;PL;3;ACT
tələ	tələďəŋoːw	V;FIN;IND;SG;1;FUT;ACT
ahiː	ahiː	N;NOM;SG
nidim	nidimduː	N;DAT;SG
vnis	vnistkiː	N;ALL;SG
gənnəː	gənnəːrən	V;FIN;IND;SG;3;PST;ACT
ďəgdəː	ďəgdəː	N;NOM;SG
krasnojarska	krasnojarskalaː	N;TERM;SG
əwədit	əwədit	ADJ
ə	ərən	V;FIN;IND;SG;3;PST;ACT
oːha	oːhaŋiltin	N;NOM;PL;ALN+PSS3P
iɲ	iɲďəkəldu	V;IPFV;FIN;IMP;PL;2;ACT
bi		V;FIN;COND;SG;2;ACT
komojəmi	komojəmiwə	N;ACC;DEF;SG
tirga	tirgarən	V;FIN;IND;SG;3;PST;ACT
śiruː	śiruːw	N;NOM;SG;PSS1S
təγə		V;DUR;FIN;IMP;PL;2;ACT
holiːləː	holiːləː	N;NOM;SG
ə	ə	N;NOM;SG
waːnaː		V;SEMEL;FIN;IND;SG;2;PST;ACT
ɲikə	ɲikət͡ʃos	V;FIN;IND;SG;2;PST;ACT
ə	ərə	V;FIN;IND;PL;3;PST;ACT
gun	gunrən	V;FIN;IND;SG;3;PST;ACT
pesoki	pesokit	N;INS;SG
ulgut͡ʃoː		V;DUR;FIN;IND;PL;1+EXCL;PST;RECP;ACT
hawal	hawalďət͡ʃoːn	V;IPFV;FIN;IND;SG;3;PST;ACT
makarit͡ʃ	makarit͡ʃ	N;NOM;SG
ə	əďən	V;FIN;IND;SG;3;FUT+IMMED;ACT
ollomiːmniː	ollomiːmniːəl	V;FIN;IND;PL;ACT
kujumbə	kujumbəduː	N;DAT;SG
hiśi	hiśihinən	V;SEMEL;FIN;IND;SG;3;PST;ACT
uwaʒaśi	uwaʒaśiŋkiːtin	V;FIN;IND;PL;3;PST+RMT;ACT
ir	irtkiː	N;ALL;SG
metər	metər	N;NOM;SG
gənnə	gənnəm	V;FIN;IND;SG;1;PST;ACT
it͡ʃə	it͡ʃətt͡ʃəm	V;DUR;IPFV;FIN;IND;SG;1;PRS;ACT
uliː	uliːďəŋkiːwun	V;IPFV;FIN;IND;PL;1+EXCL;PST+RMT;ACT
ďu	ďulwi	N;NOM;PL;PSS1S
