buhin	nagbuhinna	V;PRF;PST
dalagan	nagdalaganna	V;PRF;PST
tindog	magatindog	V;PROG;FUT
butang	magabutangpa	V;PRF+PROG;FUT
lakat	nagalakatpa	V;PRF+PROG;PRS
sulit	nagsulit	V;PROG;PST
tindog	nagtindog	V;PST
pamati	nagapamatina	V;PRF;PRS
istorya	nagistorya	V;PST
abot	nagaabotpa	V;PRF+PROG;PRS
higda	nagahigdapa	V;PRF+PROG;PRS
inom	naginomna	V;PRF;PST
tuon	nagtuonna	V;PRF;PST
kita	nagkitana	V;PRF;PST
hangop/hangpan	ginhang	V;PST
himo	nagahimo	V;PRS
tindog	nagatindogpa	V;PRF+PROG;PRS
sulod	nagsulod	V;PROG;PST
hambal	hambal	V;NFIN
tulog	tulog	V;NFIN
agda	magaagda	V;FUT
basa	nagabasa	V;PROG;PRS
tandog	nagatandogpa	V;PRF+PROG;PRS
pakilala	nagpakilala	V;PROG;PST
dalagan	magadalagan	V;FUT
kinahanglan	magakinahanglanpa	V;PRF+PROG;FUT
butang	nagabutang	V;PRS
istorya	nagaistorya	V;PRS
hambal	naghambalpa	V;PRF+PROG;PST
hangop/hangpan	ginhangopa	V;PRF+PROG;PST
away	magaawayna	V;PRF;FUT
istar	magaistar	V;PROG;FUT
buka	nagabukapa	V;PRF+PROG;PRS
pamati	nagpamatina	V;PRF;PST
away	away	V;NFIN
bati/batian/pamatian		V;FUT
uyat/uyatan	nagakauyat	V;PROG;PRS
tan-aw	magatan-awna	V;PRF;FUT
padala	magapadala	V;PROG;FUT
bati/batian/pamatian		V;PRF;FUT
ginhawa	magaginhawana	V;PRF;FUT
daog	daog	V;NFIN
kinahanglan	nagkinahanglan	V;PROG;PST
gustuhan	magagustuhanpa	V;PRF+PROG;FUT
buka	nagbukapa	V;PRF+PROG;PST
bulig/buligan	nakagbuligpa	V;PRF+PROG;PST
gustuhan	naggustuhanna	V;PRF;PST
siling	magasilingna	V;PRF;FUT
istar	nagaistar	V;PROG;PRS
kadlaw	magakadlaw	V;PROG;FUT
hangop/hangpan	hang	V;NFIN
dugang	magadugang	V;FUT
tawag	nagtawag	V;PROG;PST
tindog	nagatindogna	V;PRF;PRS
hambal	magahambalna	V;PRF;FUT
inom	magainompa	V;PRF+PROG;FUT
tandog	nagatandog	V;PRS
lakat	naglakatna	V;PRF;PST
higugma/higugmaon	nahigugmauan	V;PRF;PRS
buhin	magabuhin	V;FUT
bulig/buligan		V;FUT
pamati	magapamati	V;PROG;FUT
aku	nagakupa	V;PRF+PROG;PST
dalagan	nagadalaganna	V;PRF;PRS
butang	butang	V;NFIN
kuha	magakuhapa	V;PRF+PROG;FUT
aku	magaakuna	V;PRF;FUT
agda	magaagdapa	V;PRF+PROG;FUT
kanta	nagkanta	V;PST
istorya	nagaistoryapa	V;PRF+PROG;PRS
paathag	magapaathag	V;FUT
byahe	nagbyahepa	V;PRF+PROG;PST
buksan	nagabuksanpa	V;PRF+PROG;PRS
abot	magaabotpa	V;PRF+PROG;FUT
tudlo	nagtudlopa	V;PRF+PROG;PST
halok/halukan	ginahal	V;PRS
sulit	nagsulit	V;PST
patay/tagumatayon		V;PROG;PST
saot	nagasaot	V;PROG;PRS
dula	nagadulana	V;PRF;PRS
hibalo/hibaluan	mahibalpanna	V;PRF;FUT
kaon	nagkaon	V;PST
kanta	nagakantana	V;PRF;PRS
basa	nagabasana	V;PRF;PRS
higugma/higugmaon	ginhigugmaopa	V;PRF+PROG;PST
kuha	nagkuha	V;PST
tandog	nagatandog	V;PROG;PRS
sugod	magasugodna	V;PRF;FUT
higda	nagahigda	V;PRS
tulog	magatulogna	V;PRF;FUT
aku	magaakupa	V;PRF+PROG;FUT
desisyon	desisyon	V;NFIN
sira	sira	V;NFIN
tan-aw	nagatan-aw	V;PROG;PRS
tudlo	magatudlopa	V;PRF+PROG;FUT
sulit	sulit	V;NFIN
inom	nagainompa	V;PRF+PROG;PRS
halok/halukan	mahaluanpa	V;PRF+PROG;FUT
gustuhan	naggustuhanpa	V;PRF+PROG;PST
saot	nagsaot	V;PROG;PST
kallimtan	nagkallimtanna	V;PRF;PST
batyag	nagabatyagpa	V;PRF+PROG;PRS
ginhawa	nagginhawa	V;PST
saot	nagsaotna	V;PRF;PST
kaon	magakaon	V;FUT
tulog	magatulog	V;PROG;FUT
maneho	nagamanehopa	V;PRF+PROG;PRS
istorya	nagistoryapa	V;PRF+PROG;PST
byahe	nagabyahe	V;PRS
tudlo	nagatudlopa	V;PRF+PROG;PRS
lupad	lupad	V;NFIN
buhin	magabuhinna	V;PRF;FUT
kinahanglan	magakinahanglan	V;FUT
patay	magapatay	V;FUT
sulat	sulat	V;NFIN
kita/pangita		V;PRF;PST
tulog	nagatulogpa	V;PRF+PROG;PRS
sugata	sugata	V;NFIN
inom	nagainom	V;PRS
paathag	nagpaathag	V;PROG;PST
na/naga		V;PRS
buka	nagbuka	V;PROG;PST
pamati	magapamati	V;FUT
hangop/hangpan	nahanguan	V;PRF;PRS
kabuhi	kabuhi	V;NFIN
ginhawa	magaginhawapa	V;PRF+PROG;FUT
hibi	naghibina	V;PRF;PST
patay	nagapatay	V;PRS
buksan	magabuksan	V;FUT
tapos		V;PRF;PST
gamit	nagagamit	V;PRS
tapos		V;PROG;PRS
tuon	nagatuonpa	V;PRF+PROG;PRS
hular	magahularna	V;PRF;FUT
himo	magahimo	V;PROG;FUT
desisyon	nagadesisyon	V;PROG;PRS
hunahuna	magahunahuna	V;PROG;FUT
pungko	nagpungkopa	V;PRF+PROG;PST
kallimtan	nagakallimtan	V;PRS
sabat	nagsabatpa	V;PRF+PROG;PST
tandog	magatandogna	V;PRF;FUT
ginhawa	nagginhawapa	V;PRF+PROG;PST
halok/halukan	ginhal	V;PST
hulog/kahulog	ginhuloganna	V;PRF;PST
yuhom	magayuhomna	V;PRF;FUT
kanta	magakantapa	V;PRF+PROG;FUT
kallimtan	nagkallimtan	V;PST
mangin/nangin		V;PROG;FUT
pakilala	nagpakilalapa	V;PRF+PROG;PST
tudlo	nagtudlo	V;PROG;PST
luto	magaluto	V;FUT
bakal	magabakal	V;PROG;FUT
away	nagawaypa	V;PRF+PROG;PST
hular	magahular	V;FUT
baligya	nagbaligyana	V;PRF;PST
istar	nagistar	V;PROG;PST
bati/batian/pamatian		V;PRS
kado	nagakadona	V;PRF;PRS
bakal	nagabakal	V;PROG;PRS
lakat	naglakat	V;PST
pakilala	nagpakilalana	V;PRF;PST
hunahuna	magahunahunana	V;PRF;FUT
kado	magakado	V;PROG;FUT
kallimtan	magakallimtan	V;FUT
himo	magahimo	V;FUT
sulod	sulod	V;NFIN
pamati	magapamatipa	V;PRF+PROG;FUT
obra	magaobrana	V;PRF;FUT
higugma/higugmaon	mahigugmauanpa	V;PRF+PROG;FUT
higda	naghigdapa	V;PRF+PROG;PST
halok/halukan	mahalpanna	V;PRF;FUT
sugod	nagsugod	V;PST
singgit	nagsinggitpa	V;PRF+PROG;PST
luto	naglutona	V;PRF;PST
baligya	nagbaligya	V;PST
baligya	nagabaligyapa	V;PRF+PROG;PRS
kabuhi	nagakabuhipa	V;PRF+PROG;PRS
buksan	buksan	V;NFIN
gua	magagua	V;FUT
bakal	magabakalna	V;PRF;FUT
sugata	magasugatapa	V;PRF+PROG;FUT
batyag	magabatyag	V;FUT
kadlaw	nagkadlawpa	V;PRF+PROG;PST
istorya	istorya	V;NFIN
batyag	magabatyagna	V;PRF;FUT
higugma/higugmaon	ginahigugmaukanpa	V;PRF+PROG;PRS
obra	magaobra	V;PROG;FUT
baligya	magabaligyana	V;PRF;FUT
uyat/uyatan	nauyat	V;PST
kabuhi	magakabuhina	V;PRF;FUT
kinahanglan	nagkinahanglanpa	V;PRF+PROG;PST
dula	dula	V;NFIN
kita/pangita		V;PRF+PROG;PST
hatag	magahatagpa	V;PRF+PROG;FUT
dalagan	dalagan	V;NFIN
batyag	nagabatyag	V;PROG;PRS
sira	nagsira	V;PST
aku	nagaaku	V;PRS
away	nagaway	V;PROG;PST
buksan	nagbuksan	V;PST
nagon	naganagonpa	V;PRF+PROG;PRS
nagon	naganagon	V;PRS
himo	naghimona	V;PRF;PST
pungko	magapungkona	V;PRF;FUT
hunahuna	nagahunahuna	V;PRS
siling	magasiling	V;FUT
hatag	nagahatag	V;PRS
obra	nagobra	V;PROG;PST
pamangkot	magapamangkotpa	V;PRF+PROG;FUT
sulod	nagsulodpa	V;PRF+PROG;PST
aku	aku	V;NFIN
kanta	magakanta	V;FUT
bulig/buligan		V;PRF;PRS
kado	nagakadopa	V;PRF+PROG;PRS
pamati	nagapamati	V;PRS
sulat	magasulatpa	V;PRF+PROG;FUT
higda	magahigda	V;PROG;FUT
nagon	naganagon	V;PROG;PRS
daw	nagadawna	V;PRF;PRS
batyag	nagbatyagpa	V;PRF+PROG;PST
kita	magakita	V;PROG;FUT
obra	nagobrapa	V;PRF+PROG;PST
hunahuna	hunahuna	V;NFIN
uyat/uyatan		V;PROG;FUT
byahe	nagabyahe	V;PROG;PRS
padala	nagapadalapa	V;PRF+PROG;PRS
away	nagaawayna	V;PRF;PRS
hibi	hibi	V;NFIN
dumdom	magadumdomna	V;PRF;FUT
tudlo	magatudlo	V;PROG;FUT
higugma/higugmaon	mahigugmaun	V;PROG;FUT
gua	nagagua	V;PRS
hangop/hangpan	ginahangukanpa	V;PRF+PROG;PRS
istorya	nagistoryana	V;PRF;PST
ginhawa	nagginhawa	V;PROG;PST
batyag	nagbatyag	V;PROG;PST
sulat	magasulat	V;PROG;FUT
gustuhan	nagagustuhanna	V;PRF;PRS
