qatel	qraqt	V;PRF;FIN;SG;1;PST
indika	jiindika	V;IPFV;FIN;MASC;SG;3;PST
sama'	sraqt	V;PRF;FIN;SG;2;PST
samat	sidbet	V;PRF;FIN;FEM;SG;3;PST
irrisponda	irrisponda	V;PRF;FIN;MASC;SG;3;PST
gidem	galq	V;PRF;FIN;MASC;SG;3;PST
miet	inmep	V;IPFV;FIN;SG;1;PST
ħolom	ħelgħu	V;PRF;FIN;PL;3;PST
jaf	tijaf	V;IPFV;FIN;SG;2;PST
iddawnlowdja	iddawnlowdja	V;FIN;IMP;PL;1
mar	mibtu	V;PRF;FIN;PL;2;PST
indika	indika	V;PRF;FIN;PL;3;PST
xegħel	xegħr	V;FIN;IMP;SG;2
tkellem	tkellemt	V;PRF;FIN;SG;2;PST
ħolom	ħraqt	V;PRF;FIN;SG;1;PST
għażel	togħlq	V;IPFV;FIN;FEM;SG;3;PST
ammira	niammira	V;IPFV;FIN;SG;1;PST
kanta	kantajtu	V;PRF;FIN;PL;2;PST
beda	bipna	V;PRF;FIN;PL;1;PST
ra	nira	V;IPFV;FIN;PL;1;PST
iddawnlowdja	niiddawnlowdja	V;IPFV;FIN;SG;1;PST
wieġeb	tiwieġiequ	V;IPFV;FIN;PL;2;PST
bela'	jabbu	V;IPFV;FIN;PL;3;PST
niek	inir	V;IPFV;FIN;MASC;SG;3;PST
bena	bpet	V;PRF;FIN;FEM;SG;3;PST
bidel	braqt	V;PRF;FIN;SG;1;PST
bena	tbpu	V;IPFV;FIN;PL;2;PST
għasar	ogħr	V;FIN;IMP;SG;2
ta	ti	V;FIN;IMP;SG;2
għamel	togħlq	V;IPFV;FIN;FEM;SG;3;PST
beżaq	bidbet	V;PRF;FIN;FEM;SG;3;PST
ħataf	toħlq	V;IPFV;FIN;FEM;SG;3;PST
tilef	otr	V;FIN;IMP;SG;2
sama'	toslqu	V;IPFV;FIN;PL;2;PST
kiber	nokq	V;IPFV;FIN;SG;1;PST
fired	toflq	V;IPFV;FIN;FEM;SG;3;PST
żar	tiżieq	V;IPFV;FIN;FEM;SG;3;PST
għoġob	togħlq	V;IPFV;FIN;FEM;SG;3;PST
ħataf	niħbru	V;IPFV;FIN;PL;1;PST
imbotta	niimbotta	V;IPFV;FIN;PL;1;PST
xtaq	xtibna	V;PRF;FIN;PL;1;PST
ġie	tep	V;IPFV;FIN;FEM;SG;3;PST
samat	jasbu	V;IPFV;FIN;PL;3;PST
kell	kellu	V;FIN;MASC;SG;3
ittraduċa	ittraduċiet	V;PRF;FIN;FEM;SG;3;PST
kien	ikpu	V;IPFV;FIN;PL;3;PST
ippromwova	ippromwovajna	V;PRF;FIN;PL;1;PST
bela'	nobq	V;IPFV;FIN;SG;1;PST
niek	niiequ	V;FIN;IMP;PL;1
kien	kpet	V;PRF;FIN;FEM;SG;3;PST
xtara	xtarajtu	V;PRF;FIN;PL;2;PST
ħolom	ħalq	V;PRF;FIN;MASC;SG;3;PST
ħalla	niħalli	V;IPFV;FIN;SG;1;PST
qara	tħorau	V;IPFV;FIN;PL;2;PST
iddeskriva	tiiddeskrivi	V;IPFV;FIN;FEM;SG;3;PST
ammira	tiammira	V;IPFV;FIN;FEM;SG;3;PST
imbotta	imbottat	V;PRF;FIN;FEM;SG;3;PST
ħataf	oħlqu	V;FIN;IMP;PL;1
qal	ipt	V;PRF;FIN;SG;1;PST
ammira	ammirat	V;PRF;FIN;SG;2;PST
qal	ida	V;FIN;IMP;SG;2
għex	igħr	V;IPFV;FIN;MASC;SG;3;PST
ħaraq	ħsibtu	V;PRF;FIN;PL;2;PST
irreaġixxa	tiirreaġixxi	V;IPFV;FIN;SG;2;PST
niek	innir	V;IPFV;FIN;SG;1;PST
libes	lelgħu	V;PRF;FIN;PL;3;PST
ħabb	ħabbt	V;PRF;FIN;FEM;SG;3;PST
fehem	ifehmoru	V;IPFV;FIN;PL;1;PST
irreaġixxa	irreaġixxejtu	V;PRF;FIN;PL;2;PST
ħalaq	ħidbet	V;PRF;FIN;FEM;SG;3;PST
aġġastja	tiaġġastjaw	V;IPFV;FIN;PL;2;PST
ħataf	ħalq	V;PRF;FIN;MASC;SG;3;PST
tilef	titdeb	V;IPFV;FIN;SG;2;PST
ipprova	ipprova	V;PRF;FIN;MASC;SG;3;PST
dafar	nidbru	V;IPFV;FIN;PL;1;PST
wasal	wasibna	V;PRF;FIN;PL;1;PST
gidem	jagbu	V;IPFV;FIN;PL;3;PST
baqa'	braqt	V;PRF;FIN;SG;2;PST
għorok	togħlqu	V;IPFV;FIN;PL;2;PST
qasam	qasaru	V;PRF;FIN;PL;3;PST
dineb	jodoq	V;IPFV;FIN;MASC;SG;3;PST
samat	tisdeb	V;IPFV;FIN;SG;2;PST
rikeb	jarbu	V;IPFV;FIN;PL;3;PST
kiteb	toklq	V;IPFV;FIN;FEM;SG;3;PST
iddawnlowdja	tiiddawnlowdja	V;IPFV;FIN;SG;2;PST
niżel	nraqt	V;PRF;FIN;SG;2;PST
kell	kellok	V;FIN;MASC+FEM;SG;2
libes	lraqt	V;PRF;FIN;SG;1;PST
għamel	jogħoq	V;IPFV;FIN;MASC;SG;3;PST
kiseb	kraqt	V;PRF;FIN;SG;2;PST
għalaq	għidbet	V;PRF;FIN;FEM;SG;3;PST
ra	ra	V;PRF;FIN;PL;3;PST
ġie	ida	V;FIN;IMP;SG;2
għorok	għidbet	V;PRF;FIN;FEM;SG;3;PST
ippromwova	ippromwova	V;PRF;FIN;PL;3;PST
baqa'	jabbu	V;IPFV;FIN;PL;3;PST
daħak	delgħu	V;PRF;FIN;PL;3;PST
seta'	nosq	V;IPFV;FIN;SG;1;PST
samat	osr	V;FIN;IMP;SG;2
għażel	togħlqu	V;IPFV;FIN;PL;2;PST
ħabb	ħabb	V;FIN;IMP;SG;2
għoġob	għelgħu	V;PRF;FIN;PL;3;PST
beżaq	nibbru	V;IPFV;FIN;PL;1;PST
kiseb	nikbru	V;IPFV;FIN;PL;1;PST
miet	impu	V;IPFV;FIN;PL;3;PST
seta'	selgħu	V;PRF;FIN;PL;3;PST
ħoloq	niħbru	V;IPFV;FIN;PL;1;PST
qasam	tiqasieq	V;IPFV;FIN;FEM;SG;3;PST
kiser	kelgħu	V;PRF;FIN;PL;3;PST
qara		V;FIN;IMP;PL;1
esperjenza	esperjenzat	V;PRF;FIN;FEM;SG;3;PST
beżaq	bsibtu	V;PRF;FIN;PL;2;PST
żar	żibtu	V;PRF;FIN;PL;2;PST
għasar	għalq	V;PRF;FIN;MASC;SG;3;PST
żar	żaqt	V;PRF;FIN;SG;1;PST
fetaħ	toflqu	V;IPFV;FIN;PL;2;PST
tala'	nitbru	V;IPFV;FIN;PL;1;PST
mexa	mipt	V;PRF;FIN;SG;1;PST
sama'	nisbru	V;IPFV;FIN;PL;1;PST
aggredixxa	aggredixxiet	V;PRF;FIN;FEM;SG;3;PST
emmen	jiemmiequ	V;IPFV;FIN;PL;3;PST
bidel	belgħu	V;PRF;FIN;PL;3;PST
għamel	nigħbru	V;IPFV;FIN;PL;1;PST
seta'	ssibtu	V;PRF;FIN;PL;2;PST
bela'	braqt	V;PRF;FIN;SG;1;PST
dara	ħaraejna	V;PRF;FIN;PL;1;PST
tkellem	tkellem	V;FIN;IMP;PL;1
eżerċita	tieżerċita	V;IPFV;FIN;SG;2;PST
tilef	nitbru	V;IPFV;FIN;PL;1;PST
beda	ibpu	V;IPFV;FIN;PL;3;PST
nesa	nesejt	V;PRF;FIN;SG;1;PST
ta	tiet	V;PRF;FIN;FEM;SG;3;PST
ħoloq	noħq	V;IPFV;FIN;SG;1;PST
niek	niaret	V;PRF;FIN;FEM;SG;3;PST
kiser	kraqt	V;PRF;FIN;SG;1;PST
rikeb	torlq	V;IPFV;FIN;FEM;SG;3;PST
rebaħ	rraqna	V;PRF;FIN;PL;1;PST
ipprova	ipprovajtu	V;PRF;FIN;PL;2;PST
telaq	nitbru	V;IPFV;FIN;PL;1;PST
esperjenza	esperjenza	V;FIN;IMP;SG;2
sab	sab	V;PRF;FIN;PL;3;PST
siket	jasbu	V;IPFV;FIN;PL;3;PST
ippromwova	ippromwovajtu	V;PRF;FIN;PL;2;PST
għasar	nigħbru	V;IPFV;FIN;PL;1;PST
jaf	jaf	V;FIN;IMP;SG;2
qasam	qasibtu	V;PRF;FIN;PL;2;PST
telaq	otlqu	V;FIN;IMP;PL;1
ammira	ammira	V;PRF;FIN;PL;3;PST
ġie	ipu	V;IPFV;FIN;PL;3;PST
ivvjola	ivvjolat	V;PRF;FIN;SG;1;PST
irrisponda	tiirrispondi	V;IPFV;FIN;FEM;SG;3;PST
kiser	jokoq	V;IPFV;FIN;MASC;SG;3;PST
irrisponda	irrispondejtu	V;PRF;FIN;PL;2;PST
daħak	nidbru	V;IPFV;FIN;PL;1;PST
qasam	qasaqt	V;PRF;FIN;SG;1;PST
kell	kell	V;NFIN
kiel	tkep	V;IPFV;FIN;FEM;SG;3;PST
dafar	draqna	V;PRF;FIN;PL;1;PST
kanta	kanta	V;FIN;IMP;SG;2
ġabar	oġlqu	V;FIN;IMP;PL;1
ivvjola	ivvjola	V;PRF;FIN;PL;3;PST
ipprova	tiipprova	V;IPFV;FIN;FEM;SG;3;PST
bela'	bsibtu	V;PRF;FIN;PL;2;PST
beżaq	toblq	V;IPFV;FIN;FEM;SG;3;PST
siker	toslq	V;IPFV;FIN;FEM;SG;3;PST
ħu		N;MASC+FEM;PL;2
żar	żaret	V;PRF;FIN;FEM;SG;3;PST
falla	fallejt	V;PRF;FIN;SG;2;PST
dara	jħorau	V;IPFV;FIN;PL;3;PST
nesa	nesejna	V;PRF;FIN;PL;1;PST
gidem	oglqu	V;FIN;IMP;PL;1
eżerċita	eżerċita	V;FIN;IMP;PL;1
ħonoq	ħsibtu	V;PRF;FIN;PL;2;PST
għoġob	għidbet	V;PRF;FIN;FEM;SG;3;PST
dara	tħorau	V;IPFV;FIN;PL;2;PST
ra	rat	V;PRF;FIN;FEM;SG;3;PST
ħaseb	niħbru	V;IPFV;FIN;PL;1;PST
fetaħ	fsibtu	V;PRF;FIN;PL;2;PST
irrisponda	niirrispondi	V;IPFV;FIN;SG;1;PST
indika	jiindikaw	V;IPFV;FIN;PL;3;PST
ipparteċipa	tiipparteċipaw	V;IPFV;FIN;PL;2;PST
ħalla	ħallejna	V;PRF;FIN;PL;1;PST
esperjenza	esperjenzat	V;PRF;FIN;SG;1;PST
bela'	bidbet	V;PRF;FIN;FEM;SG;3;PST
ħoloq	ħalq	V;PRF;FIN;MASC;SG;3;PST
ħaseb	ħraqna	V;PRF;FIN;PL;1;PST
libes	lalq	V;PRF;FIN;MASC;SG;3;PST
wasal	tiwasieq	V;IPFV;FIN;SG;2;PST
bies	bpet	V;PRF;FIN;FEM;SG;3;PST
seta'	josoq	V;IPFV;FIN;MASC;SG;3;PST
għażel	tigħdeb	V;IPFV;FIN;SG;2;PST
qara	ħaraejna	V;PRF;FIN;PL;1;PST
stimula	jistimula	V;IPFV;FIN;MASC;SG;3;PST
mexa	tmep	V;IPFV;FIN;SG;2;PST
għorok	jogħoq	V;IPFV;FIN;MASC;SG;3;PST
sab	nisab	V;IPFV;FIN;PL;1;PST
ittraduċa	ittraduċi	V;FIN;IMP;SG;2
nesa	nesejtu	V;PRF;FIN;PL;2;PST
kiser	ksibtu	V;PRF;FIN;PL;2;PST
samat	ssibtu	V;PRF;FIN;PL;2;PST
qatel	qsibtu	V;PRF;FIN;PL;2;PST
kanta	kantat	V;PRF;FIN;SG;1;PST
sab	sabt	V;PRF;FIN;FEM;SG;3;PST
baqa'	braqna	V;PRF;FIN;PL;1;PST
siket	salq	V;PRF;FIN;MASC;SG;3;PST
bagħad	ibagħr	V;IPFV;FIN;MASC;SG;3;PST
daħal	didbet	V;PRF;FIN;FEM;SG;3;PST
fetaħ	nofq	V;IPFV;FIN;SG;1;PST
wieġeb	wieġr	V;FIN;IMP;SG;2
għasar	ogħlqu	V;FIN;IMP;PL;1
siker	sraqna	V;PRF;FIN;PL;1;PST
iddawnlowdja	jiiddawnlowdja	V;IPFV;FIN;MASC;SG;3;PST
ħaseb	noħq	V;IPFV;FIN;SG;1;PST
bela'	tibdeb	V;IPFV;FIN;SG;2;PST
aġġastja	jiaġġastja	V;IPFV;FIN;MASC;SG;3;PST
iddeskriva	tiiddeskrivi	V;IPFV;FIN;SG;2;PST
irreaġixxa	niirreaġixxi	V;IPFV;FIN;SG;1;PST
mexa	imda	V;FIN;IMP;SG;2
ħaraq	tiħdeb	V;IPFV;FIN;SG;2;PST
iddeskriva	niiddeskrivi	V;IPFV;FIN;SG;1;PST
eżerċita	eżerċitat	V;PRF;FIN;FEM;SG;3;PST
ried	trep	V;IPFV;FIN;FEM;SG;3;PST
libes	jalbu	V;IPFV;FIN;PL;3;PST
aggredixxa	jiaggredixxi	V;IPFV;FIN;MASC;SG;3;PST
kiel	kdew	V;PRF;FIN;PL;3;PST
ippenetra	ippenetrajtu	V;PRF;FIN;PL;2;PST
tala'	totlqu	V;IPFV;FIN;PL;2;PST
beda	bipt	V;PRF;FIN;SG;1;PST
għalaq	nigħbru	V;IPFV;FIN;PL;1;PST
qasam	qasaret	V;PRF;FIN;FEM;SG;3;PST
ammira	ammira	V;FIN;IMP;SG;2
ippenetra	ippenetra	V;FIN;IMP;SG;2
ħa	ħejt	V;PRF;FIN;SG;2;PST
nesa	nesejt	V;PRF;FIN;SG;2;PST
fetaħ	fraqna	V;PRF;FIN;PL;1;PST
bela'	braqna	V;PRF;FIN;PL;1;PST
gidem	nigbru	V;IPFV;FIN;PL;1;PST
kien	kdew	V;PRF;FIN;PL;3;PST
seraq	osr	V;FIN;IMP;SG;2
ippenetra	jiippenetra	V;IPFV;FIN;MASC;SG;3;PST
ipparteċipa	tiipparteċipa	V;IPFV;FIN;SG;2;PST
sama'	sraqna	V;PRF;FIN;PL;1;PST
fehem	tifehiequ	V;IPFV;FIN;PL;2;PST
qasam	inqasr	V;IPFV;FIN;SG;1;PST
jaf	jijafw	V;IPFV;FIN;PL;3;PST
jisem		V;FIN;MASC+FEM;PL;2
rebaħ	relgħu	V;PRF;FIN;PL;3;PST
ħareġ	ħalq	V;PRF;FIN;MASC;SG;3;PST
fetaħ	jafbu	V;IPFV;FIN;PL;3;PST
qal	inep	V;IPFV;FIN;SG;1;PST
bies	tbep	V;IPFV;FIN;SG;2;PST
ħataf	toħlqu	V;IPFV;FIN;PL;2;PST
xegħel	xegħaru	V;PRF;FIN;PL;3;PST
xegħel	ixegħmoru	V;IPFV;FIN;PL;1;PST
indika	indikat	V;PRF;FIN;SG;1;PST
dara	jħora	V;IPFV;FIN;MASC;SG;3;PST
indika	indikajtu	V;PRF;FIN;PL;2;PST
rikeb	rraqna	V;PRF;FIN;PL;1;PST
iddawnlowdja	iddawnlowdja	V;PRF;FIN;MASC;SG;3;PST
bidel	toblqu	V;IPFV;FIN;PL;2;PST
qara		V;PRF;FIN;SG;1;PST
fetaħ	felgħu	V;PRF;FIN;PL;3;PST
tala'	tidbet	V;PRF;FIN;FEM;SG;3;PST
kien	kipna	V;PRF;FIN;PL;1;PST
ħaraq	toħlq	V;IPFV;FIN;FEM;SG;3;PST
għex	għaqt	V;PRF;FIN;SG;1;PST
ħu		N
irreaġixxa	irreaġixxi	V;FIN;IMP;SG;2
emmen	inemmr	V;IPFV;FIN;SG;1;PST
daħak	nodq	V;IPFV;FIN;SG;1;PST
mexa	mipna	V;PRF;FIN;PL;1;PST
qal	e	V;PRF;FIN;MASC;SG;3;PST
ħaraq	oħr	V;FIN;IMP;SG;2
fehem	feharu	V;PRF;FIN;PL;3;PST
falla	falliet	V;PRF;FIN;FEM;SG;3;PST
xtaq	ixtmoru	V;IPFV;FIN;PL;1;PST
libes	nilbru	V;IPFV;FIN;PL;1;PST
iddeskriva	iddeskrivu	V;FIN;IMP;PL;1
tar	itmoru	V;IPFV;FIN;PL;1;PST
żifen	tżipu	V;IPFV;FIN;PL;2;PST
irrisponda	irrispondew	V;PRF;FIN;PL;3;PST
ħonoq	tiħdeb	V;IPFV;FIN;SG;2;PST
niżel	tonlqu	V;IPFV;FIN;PL;2;PST
siker	sidbet	V;PRF;FIN;FEM;SG;3;PST
falla	nifalli	V;IPFV;FIN;SG;1;PST
iddeskriva	iddeskriviet	V;PRF;FIN;FEM;SG;3;PST
ħataf	oħr	V;FIN;IMP;SG;2
ipprojbixxa	niipprojbixxi	V;IPFV;FIN;SG;1;PST
bagħad	tibagħieq	V;IPFV;FIN;SG;2;PST
dara	rajtu	V;PRF;FIN;PL;2;PST
seraq	toslqu	V;IPFV;FIN;PL;2;PST
dafar	nodq	V;IPFV;FIN;SG;1;PST
berred	berraqt	V;PRF;FIN;SG;1;PST
baqa'	nibbru	V;IPFV;FIN;PL;1;PST
samat	selgħu	V;PRF;FIN;PL;3;PST
kiel	tkpu	V;IPFV;FIN;PL;2;PST
stimula	stimulajtu	V;PRF;FIN;PL;2;PST
nesa	nesu	V;FIN;IMP;PL;1
ippromwova	ippromwova	V;FIN;IMP;PL;1
kiel	ke	V;PRF;FIN;MASC;SG;3;PST
pejjep	pejjaru	V;PRF;FIN;PL;3;PST
mar	inmr	V;IPFV;FIN;SG;1;PST
ra	tiraw	V;IPFV;FIN;PL;2;PST
kien	ikjep	V;IPFV;FIN;MASC;SG;3;PST
beżaq	jabbu	V;IPFV;FIN;PL;3;PST
stimula	stimulat	V;PRF;FIN;FEM;SG;3;PST
imbotta	imbotta	V;PRF;FIN;PL;3;PST
xegħel	xegħrt	V;PRF;FIN;SG;2;PST
wasal	wasaqt	V;PRF;FIN;SG;1;PST
kiel	kpu	V;FIN;IMP;PL;1
għażel	nigħbru	V;IPFV;FIN;PL;1;PST
ħataf	ħraqt	V;PRF;FIN;SG;2;PST
għażel	għraqt	V;PRF;FIN;SG;2;PST
ġibed	tiġdeb	V;IPFV;FIN;SG;2;PST
stimula	stimula	V;FIN;IMP;PL;1
għorok	għelgħu	V;PRF;FIN;PL;3;PST
ħa	ħi	V;FIN;IMP;SG;2
aggredixxa	aggredixxi	V;FIN;IMP;SG;2
irreaġixxa	irreaġixxejt	V;PRF;FIN;SG;2;PST
kanta	nikanta	V;IPFV;FIN;PL;1;PST
bagħad	tibagħieq	V;IPFV;FIN;FEM;SG;3;PST
xtaq	xtibtu	V;PRF;FIN;PL;2;PST
emmen	iemmmoru	V;IPFV;FIN;PL;1;PST
telaq	tidbet	V;PRF;FIN;FEM;SG;3;PST
xegħel	jixegħiequ	V;IPFV;FIN;PL;3;PST
sama'	oslqu	V;FIN;IMP;PL;1
xegħel	xegħaqt	V;PRF;FIN;SG;1;PST
kiber	kelgħu	V;PRF;FIN;PL;3;PST
għoġob	għsibtu	V;PRF;FIN;PL;2;PST
dara	niqra	V;IPFV;FIN;SG;1;PST
daħak	tiddeb	V;IPFV;FIN;SG;2;PST
rikeb	orr	V;FIN;IMP;SG;2
stimula	stimula	V;FIN;IMP;SG;2
miet	mdew	V;PRF;FIN;PL;3;PST
falla	nifallu	V;IPFV;FIN;PL;1;PST
fetaħ	ofr	V;FIN;IMP;SG;2
ġabar	ġsibtu	V;PRF;FIN;PL;2;PST
fired	fraqt	V;PRF;FIN;SG;1;PST
ikoll	ikollna	V;FIN;MASC+FEM;PL;1
ħalla	tiħalli	V;IPFV;FIN;SG;2;PST
indika	indikat	V;PRF;FIN;FEM;SG;3;PST
kiel	kpet	V;PRF;FIN;FEM;SG;3;PST
eżerċita	jieżerċita	V;IPFV;FIN;MASC;SG;3;PST
għoġob	nogħq	V;IPFV;FIN;SG;1;PST
mexa	imjep	V;IPFV;FIN;MASC;SG;3;PST
irrisponda	irrispondejt	V;PRF;FIN;SG;2;PST
għażel	għelgħu	V;PRF;FIN;PL;3;PST
għoġob	ogħlqu	V;FIN;IMP;PL;1
ta	tu	V;FIN;IMP;PL;1
baqa'	obr	V;FIN;IMP;SG;2
ħa	tiħi	V;IPFV;FIN;SG;2;PST
dafar	odlqu	V;FIN;IMP;PL;1
ġabar	jaġbu	V;IPFV;FIN;PL;3;PST
