ngi	pungni	V;IRR;PL;3;PST
nu	thunam	V;SG;2;non{FUT}
la	lungana	V;IRR;SG;1;PST
ma	ngmana	V;IRR;SG;1;PST
na	thunam	V;SG;2;non{FUT}
i	ngi	V;IRR;SG;1
mi	numi	V;IRR;PC;2
e		V;PL;1;PST
ntha	bni	V;SG;1;PST
na	nne	V;IRR;PC;2;PST
mi	mina	V;SG;1;PST
ma	tjma	V;IRR;SG;2
la	thuli	V;IRR;SG;2;PST
mi	pubim	V;PL;3;non{FUT}
mi	ngubina	V;PC;1;PST
rdi	kuddu	V;IRR;PL;3
mu		V;PC;1;PST
mi	mi	V;SG;3;non{FUT}
ntji	nuntjana	V;PL;2;PST
rdu		V;IRR;PL;1
mu	nmure	V;IRR;PC;2;PST
ma	tjmana	V;SG;2;PST
ya	puena	V;PC;3;PST
la	kulnu	V;IRR;PL;3
mu	pmu	V;IRR;SG;1+INCL
bi	tjbina	V;SG;2;PST
bu	pburene	V;PC;3;PST
li		V;SG;1;PST
na	yunnana	V;SG;3;PST
bu	ngbuna	V;IRR;SG;1;PST
a	kue	V;IRR;PC;3
bi	ngbi	V;IRR;PL;1
ya	nubuni	V;PL;2;PST
ntha	tana	V;SG;1+INCL;PST
bi	nbi	V;IRR;PL;2
me	ngubena	V;PL;1;PST
be	uy	V;IRR;SG;3;PST
mu	pmuren	V;IRR;PC;3;PST
nu	nunge	V;IRR;PC;1
mu	ngmu	V;IRR;SG;1
na	nngana	V;PL;1;PST
e	ngiem	V;SG;1;non{FUT}
ntji	ntjngam	V;PL;1;non{FUT}
ntji	pirine	V;IRR;PC;3;PST
ntji	ntjne	V;IRR;PC;2;PST
ni	nni	V;IRR;PL;2
be	buni	V;SG;3;PST
nu	pirine	V;IRR;PC;3;PST
a	ngana	V;PC;1;PST
ngu	ngunge	V;IRR;PC;1
rra	bana	V;SG;3;PST
buy	tjbuyna	V;SG;2;PST
ni	tjni	V;IRR;SG;2
nga	thungam	V;SG;2;non{FUT}
mi	nuy	V;IRR;PL;2;PST
na	nunam	V;PL;2;non{FUT}
ba	thu	V;IRR;SG;2
ntji	ntjungi	V;IRR;SG;1
me	nuy	V;IRR;PL;2;PST
rru	ngirrum	V;SG;1;non{FUT}
a	ne	V;IRR;PC;1;PST
bi	kbi	V;IRR;SG;3
rdi		V;PL;1;PST
ni	tjnina	V;SG;2;PST
rri	tjrrina	V;SG;2;PST
ma	tjimam	V;SG;1+INCL;non{FUT}
me	ngube	V;IRR;PC;1
mu	pmurena	V;PL;3;PST
e	nile	V;PC;2;PST
rdi	ngudden	V;PC;1;PST
na	kunnu	V;IRR;PL;3
rdu	ngudan	V;IRR;PL;1;PST
la	kule	V;IRR;PC;3
bi		V;IRR;PL;3
ni		V;PL;2;non{FUT}
nu	nngana	V;SG;1;PST
la	pulni	V;IRR;PL;3;PST
bu		V;IRR;PL;2;PST
ntji	thuntjana	V;SG;2;PST
ngi	tjingang	V;IRR;SG;1+INCL;PST
ni	ne	V;IRR;PC;2
ntha	nuyena	V;IRR;PL;2;PST
ngu	ngungana	V;IRR;SG;1;PST
ma	pmarena	V;IRR;PL;3;PST
buy	ne	V;IRR;PC;2
ya	ngubni	V;PL;1;PST
buy	ngbuyren	V;IRR;PC;1;PST
li	ngliren	V;IRR;PC;1;PST
bi	pbirene	V;PC;3;PST
bi		V;SG;2;non{FUT}
li		V;SG;2;non{FUT}
na	nungi	V;IRR;SG;1
a	pui	V;IRR;SG;1+INCL
bi	ne	V;IRR;PC;2
ntji	tjintjang	V;IRR;SG;1+INCL;PST
i	ni	V;IRR;PL;2
ba	ngubne	V;PC;1;PST
be	nguby	V;IRR;PC;1;PST
mu	pmurena	V;IRR;PL;3;PST
bu	kbu	V;IRR;PC;3
nu	yunnana	V;SG;3;PST
nu	tjinang	V;IRR;SG;1+INCL;PST
rra	nuu	V;IRR;PL;2
na	pirine	V;IRR;PC;3;PST
ba	nubuni	V;PL;2;PST
ma	nilma	V;PC;2;PST
e	tjie	V;SG;1+INCL;PST
la	pulni	V;PL;3;PST
rra	puana	V;PC;3;PST
rru		V;SG;1;PST
nu	punam	V;PL;3;non{FUT}
ngi	ngne	V;IRR;PC;2;PST
be	nguban	V;PL;1;non{FUT}
nga	pirine	V;IRR;PC;3;PST
rdu	nuddana	V;IRR;PL;2;PST
ngu	ngungam	V;SG;1;non{FUT}
a	nui	V;IRR;PL;2
bi		V;SG;1;PST
a	ngana	V;PL;1;PST
nu	nune	V;IRR;PC;2
e	tjiem	V;SG;1+INCL;non{FUT}
a	nuana	V;PC;2;PST
la	tjilang	V;IRR;SG;1+INCL;PST
i	pirene	V;PC;3;PST
ma	ngma	V;IRR;SG;1
mi	nim	V;SG;2;non{FUT}
ba	ban	V;SG;1;non{FUT}
ma	nmare	V;IRR;PC;2;PST
mi	ngubi	V;IRR;PC;1
rri	ne	V;IRR;PC;2
bi	dibim	V;SG;3;non{FUT}
rru		V;PL;2;non{FUT}
be	tjian	V;SG;2;PST
buy	tjibuym	V;SG;1+INCL;non{FUT}
ye	bu	V;IRR;SG;1
ngu	thungana	V;SG;2;PST
ngu	tjinga	V;IRR;SG;2
ntha	nua	V;IRR;PL;2
e		V;SG;1;PST
bi	pbirena	V;PL;3;PST
ntha	ngubni	V;PL;1;PST
ngu	ngungi	V;IRR;SG;1
e		V;PL;1;non{FUT}
ba	ngiangi	V;IRR;SG;1;PST
rru	tjirrum	V;SG;1+INCL;non{FUT}
rru		V;IRR;SG;1+INCL;PST
rdu		V;PC;2;PST
rri	ngrrina	V;IRR;SG;1;PST
ngi	pirine	V;IRR;PC;3;PST
rdi	nuddini	V;PL;2;PST
rra	ne	V;IRR;PC;2
la	kuli	V;IRR;SG;3
li	tjlina	V;IRR;SG;2;PST
i	nili	V;PL;2;PST
la	nuli	V;IRR;PL;2
ba	tana	V;IRR;SG;2;PST
buy	nilbuy	V;PL;2;PST
mi	mi	V;IRR;SG;3
ye	bu	V;IRR;SG;3
e		V;IRR;PL;3
la	pirine	V;IRR;PC;3;PST
e	diem	V;SG;3;non{FUT}
be	nua	V;IRR;PL;2
ntha	tana	V;IRR;SG;2;PST
na	nne	V;IRR;PC;1;PST
rra	pubana	V;IRR;PL;3;PST
ntha	bu	V;IRR;SG;3
i	dina	V;IRR;SG;3;PST
be	pam	V;SG;3;non{FUT}
na	tjina	V;SG;1+INCL;PST
la	lungam	V;SG;1;non{FUT}
ntha	ban	V;SG;1;non{FUT}
ya	ban	V;SG;1;non{FUT}
ngu	ngngam	V;PL;1;non{FUT}
e	nile	V;PL;2;PST
nga	pungam	V;PL;3;non{FUT}
ni	nginim	V;SG;1;non{FUT}
li	ne	V;IRR;PC;2
a	kui	V;IRR;SG;3
ngi	ngne	V;IRR;PC;1;PST
rru	tjrruna	V;SG;2;PST
la	lungi	V;IRR;SG;1
rdi		V;IRR;PC;2
ntji	ntjunge	V;IRR;PC;1
be	nguby	V;IRR;PL;1;PST
ba	puena	V;PC;3;PST
rra	ngingam	V;SG;1;non{FUT}
rra	thubana	V;IRR;SG;1+INCL;PST
ngi	ngnni	V;IRR;PL;2;PST
ngu	pirine	V;IRR;PC;3;PST
rdi	puddene	V;PC;3;PST
nga	pungni	V;PL;3;PST
i	nire	V;IRR;PC;2;PST
e		V;IRR;SG;1+INCL;PST
ngu	ngnni	V;IRR;PL;2;PST
ye	nuban	V;PL;2;non{FUT}
ma		V;IRR;PL;2;PST
bu	tjibu	V;SG;1+INCL;PST
be	puby	V;IRR;PL;3;PST
bi	pbiren	V;IRR;PC;3;PST
rru	prrurena	V;IRR;PL;3;PST
na	kune	V;IRR;PC;3
rdu		V;IRR;PC;2
buy		V;IRR;PL;2;PST
la	nule	V;IRR;PC;2
rdi	pudan	V;PL;3;non{FUT}
ngu	nungam	V;PL;2;non{FUT}
la	puli	V;IRR;SG;1+INCL
la	nule	V;IRR;PC;2
rdu		V;PL;1;PST
bu	nbu	V;IRR;PL;2
ye	ngiangi	V;IRR;SG;1;PST
nga	ngunge	V;IRR;PC;1
la	tjilang	V;IRR;SG;1+INCL;PST
nu	nngana	V;PL;1;PST
ntji	ntjngana	V;SG;1;PST
nu	nunana	V;PC;2;PST
li	kli	V;IRR;SG;3
rdi		V;PC;2;PST
ngi	tjinga	V;SG;1+INCL;PST
i	diim	V;SG;3;non{FUT}
ba	nuban	V;PL;2;non{FUT}
ngi	pungni	V;IRR;PL;3;PST
nu	thunam	V;SG;2;non{FUT}
la	lungana	V;IRR;SG;1;PST
ma	mungana	V;IRR;SG;1;PST
na	thunam	V;SG;2;non{FUT}
i	ngi	V;IRR;SG;1
mi	numi	V;IRR;PC;2
e		V;PL;1;PST
ntha	nthngana	V;SG;1;PST
na	nne	V;IRR;PC;2;PST
mi	mina	V;SG;1;PST
ma	tjima	V;IRR;SG;2
la	thuli	V;IRR;SG;2;PST
mi	pubim	V;PL;3;non{FUT}
mi	ngubina	V;PC;1;PST
rdi	kurdnu	V;IRR;PL;3
mu	ngubuna	V;PC;1;PST
mi	mi	V;SG;3;non{FUT}
ntji	nubuni	V;PL;2;PST
rdu	rdungi	V;IRR;PL;1
mu	nuuna	V;IRR;PC;2;PST
ma	thumana	V;SG;2;PST
ya	puena	V;PC;3;PST
la	kulnu	V;IRR;PL;3
mu	pumu	V;IRR;SG;1+INCL
bi	tjian	V;SG;2;PST
bu	puena	V;PC;3;PST
li		V;SG;1;PST
na	yunnana	V;SG;3;PST
bu	ngiangi	V;IRR;SG;1;PST
a	kue	V;IRR;PC;3
bi	ngubu	V;IRR;PL;1
ya	nubuni	V;PL;2;PST
ntha	tjintha	V;SG;1+INCL;PST
bi	nua	V;IRR;PL;2
me	ngubena	V;PL;1;PST
be	uy	V;IRR;SG;3;PST
mu	pumuna	V;IRR;PC;3;PST
nu	nunge	V;IRR;PC;1
mu	u	V;IRR;SG;1
na	nngana	V;PL;1;PST
e	ngiem	V;SG;1;non{FUT}
ntji	nguban	V;PL;1;non{FUT}
ntji	pintange	V;IRR;PC;3;PST
ntji	nuby	V;IRR;PC;2;PST
ni	nni	V;IRR;PL;2
be	buni	V;SG;3;PST
nu	pirine	V;IRR;PC;3;PST
a	ngana	V;PC;1;PST
ngu	ngunge	V;IRR;PC;1
rra	bana	V;SG;3;PST
buy	tjiban	V;SG;2;PST
ni	tjni	V;IRR;SG;2
nga	thungam	V;SG;2;non{FUT}
mi	nuy	V;IRR;PL;2;PST
na	nunam	V;PL;2;non{FUT}
ba	thu	V;IRR;SG;2
ntji	bu	V;IRR;SG;1
me	nuy	V;IRR;PL;2;PST
rru	rrungam	V;SG;1;non{FUT}
a	ne	V;IRR;PC;1;PST
bi	bu	V;IRR;SG;3
rdi	rdngana	V;PL;1;PST
ni	tjnina	V;SG;2;PST
rri	thurrana	V;SG;2;PST
ma	thumam	V;SG;1+INCL;non{FUT}
me	ngube	V;IRR;PC;1
mu	pumuna	V;PL;3;PST
e	nile	V;PC;2;PST
rdi	rdngana	V;PC;1;PST
na	kunnu	V;IRR;PL;3
rdu	rdngan	V;IRR;PL;1;PST
la	kule	V;IRR;PC;3
bi	kubu	V;IRR;PL;3
ni		V;PL;2;non{FUT}
nu	nngana	V;SG;1;PST
la	pulni	V;IRR;PL;3;PST
bu	nuyena	V;IRR;PL;2;PST
ntji	tjintan	V;SG;2;PST
ngi	tjingang	V;IRR;SG;1+INCL;PST
ni	ne	V;IRR;PC;2
ntha	nthnni	V;IRR;PL;2;PST
ngu	ngungana	V;IRR;SG;1;PST
ma	pumni	V;IRR;PL;3;PST
buy	nubu	V;IRR;PC;2
ya	ngubni	V;PL;1;PST
buy	nguby	V;IRR;PC;1;PST
li	ngliren	V;IRR;PC;1;PST
bi	puena	V;PC;3;PST
bi	dan	V;SG;2;non{FUT}
li		V;SG;2;non{FUT}
na	nungi	V;IRR;SG;1
a	pui	V;IRR;SG;1+INCL
bi	nubu	V;IRR;PC;2
ntji	thubuy	V;IRR;SG;1+INCL;PST
i	ni	V;IRR;PL;2
ba	ngubne	V;PC;1;PST
be	nguby	V;IRR;PC;1;PST
mu	puuna	V;IRR;PL;3;PST
bu	kuy	V;IRR;PC;3
nu	yunnana	V;SG;3;PST
nu	tjinang	V;IRR;SG;1+INCL;PST
rra	nuu	V;IRR;PL;2
na	pirine	V;IRR;PC;3;PST
ba	nubuni	V;PL;2;PST
ma	numana	V;PC;2;PST
e	tjie	V;SG;1+INCL;PST
la	pulni	V;PL;3;PST
rra	puana	V;PC;3;PST
rru	rrngana	V;SG;1;PST
nu	punam	V;PL;3;non{FUT}
ngi	ngne	V;IRR;PC;2;PST
be	nguban	V;PL;1;non{FUT}
nga	pirine	V;IRR;PC;3;PST
rdu	rdnni	V;IRR;PL;2;PST
ngu	ngungam	V;SG;1;non{FUT}
a	nui	V;IRR;PL;2
bi	bni	V;SG;1;PST
a	ngana	V;PL;1;PST
nu	nune	V;IRR;PC;2
e	tjiem	V;SG;1+INCL;non{FUT}
a	nuana	V;PC;2;PST
la	tjilang	V;IRR;SG;1+INCL;PST
i	pirene	V;PC;3;PST
ma	mungi	V;IRR;SG;1
mi	nim	V;SG;2;non{FUT}
ba	ban	V;SG;1;non{FUT}
ma	mne	V;IRR;PC;2;PST
mi	ngubi	V;IRR;PC;1
rri	nurre	V;IRR;PC;2
bi	pam	V;SG;3;non{FUT}
rru	nurram	V;PL;2;non{FUT}
be	tjian	V;SG;2;PST
buy	thuban	V;SG;1+INCL;non{FUT}
ye	ngye	V;IRR;SG;1
ngu	thungana	V;SG;2;PST
ngu	tjinga	V;IRR;SG;2
ntha	nunthi	V;IRR;PL;2
e		V;SG;1;PST
bi	pubni	V;PL;3;PST
ntha	nthngana	V;PL;1;PST
ngu	ngungi	V;IRR;SG;1
e		V;PL;1;non{FUT}
ba	ngiangi	V;IRR;SG;1;PST
rru	thurram	V;SG;1+INCL;non{FUT}
rru	tjirrang	V;IRR;SG;1+INCL;PST
rdu	nurdana	V;PC;2;PST
rri	rrungana	V;IRR;SG;1;PST
ngi	pirine	V;IRR;PC;3;PST
rdi	nurdana	V;PL;2;PST
rra	ne	V;IRR;PC;2
la	kuli	V;IRR;SG;3
li	tjlina	V;IRR;SG;2;PST
i	nili	V;PL;2;PST
la	nuli	V;IRR;PL;2
ba	tana	V;IRR;SG;2;PST
buy	nubuni	V;PL;2;PST
mi	mi	V;IRR;SG;3
ye	kye	V;IRR;SG;3
e		V;IRR;PL;3
la	pirine	V;IRR;PC;3;PST
e	diem	V;SG;3;non{FUT}
be	nua	V;IRR;PL;2
ntha	thunthi	V;IRR;SG;2;PST
na	nne	V;IRR;PC;1;PST
rra	pubana	V;IRR;PL;3;PST
ntha	kunthi	V;IRR;SG;3
i	dina	V;IRR;SG;3;PST
be	pam	V;SG;3;non{FUT}
na	tjina	V;SG;1+INCL;PST
la	lungam	V;SG;1;non{FUT}
ntha	nthungam	V;SG;1;non{FUT}
ya	ban	V;SG;1;non{FUT}
ngu	ngngam	V;PL;1;non{FUT}
e	nile	V;PL;2;PST
nga	pungam	V;PL;3;non{FUT}
ni	nginim	V;SG;1;non{FUT}
li	ne	V;IRR;PC;2
a	kui	V;IRR;SG;3
ngi	ngne	V;IRR;PC;1;PST
rru	thurrana	V;SG;2;PST
la	lungi	V;IRR;SG;1
rdi	nurde	V;IRR;PC;2
ntji	ngubu	V;IRR;PC;1
be	nguby	V;IRR;PL;1;PST
ba	puena	V;PC;3;PST
rra	ngingam	V;SG;1;non{FUT}
rra	thubana	V;IRR;SG;1+INCL;PST
ngi	ngnni	V;IRR;PL;2;PST
ngu	pirine	V;IRR;PC;3;PST
rdi	purdana	V;PC;3;PST
nga	pungni	V;PL;3;PST
i	nire	V;IRR;PC;2;PST
e		V;IRR;SG;1+INCL;PST
ngu	ngnni	V;IRR;PL;2;PST
ye		V;PL;2;non{FUT}
ma	mnni	V;IRR;PL;2;PST
bu	tana	V;SG;1+INCL;PST
be	puby	V;IRR;PL;3;PST
bi	piange	V;IRR;PC;3;PST
rru	purrni	V;IRR;PL;3;PST
na	kune	V;IRR;PC;3
rdu	nurde	V;IRR;PC;2
buy	nuyena	V;IRR;PL;2;PST
la	nule	V;IRR;PC;2
rdi	purdam	V;PL;3;non{FUT}
ngu	nungam	V;PL;2;non{FUT}
la	puli	V;IRR;SG;1+INCL
la	nule	V;IRR;PC;2
rdu	rdngana	V;PL;1;PST
bu	nua	V;IRR;PL;2
ye	ngyena	V;IRR;SG;1;PST
nga	ngunge	V;IRR;PC;1
la	tjilang	V;IRR;SG;1+INCL;PST
nu	nngana	V;PL;1;PST
ntji	bni	V;SG;1;PST
nu	nunana	V;PC;2;PST
li	kli	V;IRR;SG;3
rdi	nurdana	V;PC;2;PST
ngi	tjinga	V;SG;1+INCL;PST
i	diim	V;SG;3;non{FUT}
ba	nuban	V;PL;2;non{FUT}
