s-koʼok	s-koʼok	V;IPFV;PL;PRS
hidod̥	hidod̥	N;PL
cewaj	cewajad	V;IPFV;PL;FUT
gegosid	gegosid	V;IPFV;PL;PRS
s-baga	s-bagaad	V;IPFV;PL;FUT
ʼelidag	ʼelidag	N;PL
s̥oak	s̥oidiñ	V;IMP;PL;PRS
cicwi	cicwiad	V;IPFV;SG;FUT
gaʼa	gaʼa	V;IPFV;SG;PRS
mu:	mu:	V;PRF;PL;PRS
ke:k	ke:k	V;PRF;PL;PRS
heʼed̥kad	heʼed̥kadad	V;IPFV;SG;FUT
ʼelid	ʼelid	V;PRF;SG;PRS
ʼul	ʼul	V;PRF;PL;PRS
dai	dai	V;PRF;SG;PRS
ca:ŋgo	ca:ŋgo	N;SG
hi:wodag	hi:wodag	N;SG
s-añi:lmagĭ	s-añi:lmagiñ	V;IMP;PL;PRS
jisk	jisk	N;PL
hodai	hodai	N;PL
lo:go	lo:go	V;IPFV;PL;PRS
ʼuʼad	ʼuʼad	V;PRF;PL;PRS
cuʼimad	cuʼimadiñ	V;IMP;PL;PRS
kuint	kuint	V;IPFV;PL;PRS
wamigid	wahogiñ	V;IMP;SG;PRS
s-padma	s-padmaiñ	V;IMP;PL;PRS
pikcult	pikcultad	V;IPFV;SG;FUT
baʼa	ba	V;PRF;PL;PRS
gegosid	gegosd̥ad	V;IPFV;PL;FUT
ʼod̥pig	ʼod̥pi	V;PRF;PL;PRS
heʼed̥kad	heʼed̥kad	V;IPFV;SG;PRS
ceposid	ceposidiñ	V;IMP;SG;PRS
s̥onhin	s̥onhid	V;IPFV;PL;FUT
s-ke:gaj	s-ke:gajad	V;IPFV;PL;FUT
hewek	hewekiñ	V;IMP;PL;PRS
ʼeñigadad	ʼeñigadad	V;IPFV;PL;PRS
ke:li	ke:li	N;PL
gaʼa	gaʼa	V;IPFV;PL;PRS
celpig	celpi	V;IPFV;SG;PRS
gaswua	gaswuaiñ	V;IMP;PL;PRS
huawĭ	huawĭ	N;PL
wegid	wegidad	V;IPFV;PL;FUT
s̥aʼi	s̥aʼi	N;PL
ha:l	ha:l	N;SG
wu:lo	wu::l	N;SG
hi:nk	hii	V;PRF;SG;PRS
ba:ñimad	ba:ñimad	V;IPFV;PL;PRS
elpig	elpiñ	V;IMP;PL;PRS
a:gid	a:giñ	V;IMP;PL;PRS
ta:lkomad	ta:lkomad	V;PRF;SG;PRS
pimiando	pimiando	N;PL
gatwikud̥	gatwikud̥	N;PL
kulañmad	kulañmadiñ	V;IMP;PL;PRS
ceposid	ceposidiñ	V;IMP;PL;PRS
waid	waid	V;PRF;SG;PRS
s-hewhogĭ	s-hewhogiñ	V;IMP;PL;PRS
cendad	cendadad	V;IPFV;PL;FUT
nowĭ	nowĭ	N;PL
cehia	cehia	N;SG
koʼa	koʼa	V;IPFV;SG;PRS
to:n	tpla	N;PL
jewed̥mad	jewed̥madiñ	V;IMP;PL;PRS
dagkon	kagkonad	V;IPFV;SG;FUT
med̥	med̥iñ	V;IMP;PL;PRS
s̥a:mud	s̥a:mud	V;PRF;SG;PRS
pikcult	pikcultiñ	V;IMP;PL;PRS
ʼoimed̥	ʼoimed̥	V;IPFV;SG;PRS
ñu:kud	ñu:kudad	V;IPFV;PL;FUT
s-ce:dagĭ	s-ce:dagid	V;IPFV;PL;FUT
gaʼikud̥	gaʼikud̥	N;PL
si:s̥p	si:s̥p	V;PRF;SG;PRS
ʼeñga	ʼeñgaad	V;IPFV;SG;FUT
s̥onhin	s̥onhid	V;IPFV;SG;FUT
ke:k	ke:k	V;IPFV;SG;PRS
ñeʼe	ñeʼe	V;PRF;SG;PRS
gaʼikud̥	gaʼikud̥	N;SG
cicwikud̥	cicwikud̥	N;PL
ʼuʼuhig	ʼuʼuhig	N;SG
s-wagima	s-wagimaiñ	V;IMP;SG;PRS
cicwi	cicwi	V;IPFV;PL;PRS
je:ñ	je:ñ	V;PRF;SG;PRS
mu:ñ	mu:l	N;SG
s-tohă	s-tohad	V;IPFV;SG;FUT
s-kaidag	s-kaidagad	V;IPFV;PL;FUT
hewek	hewek	V;PRF;PL;PRS
ʼu:s	ʼu:s	N;PL
Ju:kam	Ju:kam	N;PL
gaʼa	gaʼa	V;PRF;SG;PRS
s-padma	s-padmaad	V;IPFV;PL;FUT
ʼiʼihog	ʼiʼihog	V;PRF;SG;PRS
wacwi	wacwiiñ	V;IMP;PL;PRS
a:gid	a:gigiñ	V;IMP;SG;PRS
ʼu:gk	ʼudmad	V;IPFV;SG;FUT
ʼi:bhĕ	ʼi:bhĕ	V;IPFV;SG;PRS
mas̥camakud̥	mas̥camakud̥	N;SG
ki:	ki:	N;PL
ʼiʼihog	ʼiʼihog	V;PRF;PL;PRS
s-muʼuk	s-muʼukad	V;IPFV;PL;FUT
ba:bas	ba:bas	N;PL
s-ba:bigĭ	s-ba:bigiñ	V;IMP;PL;PRS
waw	waw	N;SG
celpig	celpid	V;IPFV;SG;FUT
ñu:kud	ñu:kud	V;PRF;SG;PRS
gegosid	gegosidiñ	V;IMP;PL;PRS
ʼi:e	ʼi:e	V;IPFV;PL;PRS
s-ce:dagĭ	s-ce:dagĭ	V;IPFV;PL;PRS
ka:k	ka:k	N;PL
mul	mul	V;PRF;PL;PRS
wegid	wegid	V;PRF;SG;PRS
ta:ts̥akud̥	ta:ts̥akud̥	N;PL
s-muʼuk	s-muʼuk	V;IPFV;PL;PRS
s̥a:mud	s̥a:mudiñ	V;IMP;PL;PRS
s-moik	s-moidad	V;IPFV;SG;FUT
hikck	hikck	V;IPFV;SG;PRS
celpig	celpigiñ	V;IMP;SG;PRS
huks̥an	huks̥a	V;PRF;SG;PRS
si:s̥p	si:s̥piñ	V;IMP;PL;PRS
s-hewhogĭ	s-hewhogid	V;IPFV;SG;FUT
koʼa	koʼa	V;PRF;SG;PRS
huhuʼid	huhuʼid	V;IPFV;PL;FUT
ka:	ka:ad	V;IPFV;PL;FUT
pla:njakud̥	pla:njakud̥	N;SG
wua		V;PRF;PL;PRS
hewek	hewekad	V;IPFV;PL;FUT
wu:d̥	wu:id	V;IPFV;PL;PRS
nolawt	nolawt	V;PRF;SG;PRS
ʼed̥apig	ʼed̥apĭ	V;IPFV;PL;PRS
s-ba:bigĭ	s-ba:bigĭ	V;IPFV;PL;PRS
geʼej	geʼej	V;IPFV;SG;PRS
golon	gologiñ	V;IMP;SG;PRS
ku:bsmad	ku:bsmad	V;PRF;PL;PRS
si:s̥p	si:s̥pad	V;IPFV;PL;FUT
gatwid	kutwid	V;PRF;SG;PRS
na:d	na:d	V;IPFV;SG;PRS
ʼeʼeñga	ʼeʼeñga	N;SG
cicwi	cicwiiñ	V;IMP;PL;PRS
ʼed̥apig	ʼed̥api	V;IPFV;SG;PRS
ba:bas	ba:bas	N;SG
ñeʼe	ñeʼe	V;PRF;PL;PRS
hagpig	hagpi	V;PRF;SG;PRS
gegosid	gegos:	V;PRF;SG;PRS
s-da:pk	s-da:pk	V;IPFV;SG;PRS
ʼiʼihog	ʼiʼihogad	V;IPFV;PL;FUT
na:d	na:d	V;IPFV;PL;PRS
waid	waidiñ	V;IMP;SG;PRS
daʼa	daʼa	V;PRF;SG;PRS
bisc	bisc	V;IPFV;PL;PRS
dahă	da:k	V;PRF;PL;PRS
wamigĭ	wḁapĭ	V;PRF;SG;PRS
ʼi:wagĭ	ʼi:wagĭ	N;PL
bei	bei	V;PRF;SG;PRS
ha:s̥añ	ha:s̥a	N;SG
cipkan	cipkañ	V;IMP;PL;PRS
s-heʼek	s-heʼekad	V;IPFV;PL;FUT
ceʼewidakud̥	ceʼewidakud̥	N;SG
ku:bsmad	ku:bsmadiñ	V;IMP;SG;PRS
ʼoksga	ʼoksga	N;SG
s-wihonig	s-wihonidad	V;IPFV;SG;FUT
daʼa	daʼa	V;IPFV;SG;PRS
ʼu:gk	ʼu:ks̥ad	V;IPFV;PL;FUT
ka:	ka:	V;PRF;PL;PRS
kuint	kuintad	V;IPFV;SG;FUT
hagpig	hagpĭ	V;IPFV;PL;PRS
ʼeñigadad	ʼeñigadadad	V;IPFV;PL;FUT
s̥onwuikud̥	s̥onwuikud̥	N;SG
hi:nk	hidmad	V;IPFV;SG;FUT
ʼoksi	ʼoksi	N;PL
ʼoilmad	ʼoilmadiñ	V;IMP;SG;PRS
s̥awoñ	s̥awoñiñ	V;IMP;SG;PRS
s-ap	s-apad	V;IPFV;PL;FUT
hoa	hoa	N;PL
wopopig	wopopid	V;IPFV;PL;FUT
s-ap	s-apiñ	V;IMP;SG;PRS
sitol	sitol	N;SG
ʼi:e	ʼi:ead	V;IPFV;SG;FUT
s̥a:mud	s̥a:mudad	V;IPFV;PL;FUT
s-hu:kĭ	s-hu:kigiñ	V;IMP;SG;PRS
elpig	elpĭ	V;IPFV;PL;PRS
ʼiʼihog	ʼiʼihogiñ	V;IMP;PL;PRS
ʼoilmad	ʼoilmad	V;IPFV;SG;PRS
kuintakud̥	kuintakud̥	N;PL
gogs	gogs	N;SG
ka:	ka:iñ	V;IMP;PL;PRS
tapial	wopial	N;SG
daʼa	daʼa	V;PRF;PL;PRS
pa:nt	pa:id	V;IPFV;SG;PRS
wuhios̥a	wuhios̥a	N;PL
a:gid	a:gi	V;IPFV;SG;PRS
kulañ	kulañ	N;PL
heʼed̥kad	heʼed̥kad	V;PRF;SG;PRS
cu:wĭ	cu:wĭ	N;SG
s-tonĭ	s-toniñ	V;IMP;PL;PRS
wosonakud̥	wosonakud̥	N;PL
mu:ñ	muco	N;PL
tlo:gi	tlo:gi	N;PL
ʼoʼohan	ʼoʼohan	V;IPFV;PL;PRS
cu:kug	cu:kug	N;SG
gatwikud̥	gatwikud̥	N;SG
wua		V;IMP;PL;PRS
gaʼa	gaʼaiñ	V;IMP;PL;PRS
giʼipig	giʼipigad	V;IPFV;PL;FUT
med̥	med̥	V;IPFV;SG;PRS
na:d	na:d	V;PRF;SG;PRS
ñu:kud	ñu:kudiñ	V;IMP;SG;PRS
da:k	da:	N;SG
s-cuk	s-cuk	V;IPFV;PL;PRS
koʼokolmad	koʼokolmad	V;IPFV;SG;PRS
ʼoimed̥	ʼoimed̥iñ	V;IMP;SG;PRS
med̥	med̥	V;IPFV;SG;PRS
haiwañ	haiwañ	N;SG
s-he:pid	s-he:pid	V;IPFV;SG;PRS
pisaltakud̥	pisaltakud̥	N;SG
li:wa	li:la	N;SG
s̥a:mud	s̥a:mudad	V;IPFV;SG;FUT
dagkon	wapgkon	V;IPFV;PL;PRS
s-we:c	s-we:c	V;IPFV;PL;PRS
ʼalidag	ʼalidag	N;PL
s-ke:g	s-ke:giñ	V;IMP;PL;PRS
ʼon	ʼon	N;SG
s̥oak	s̥oid	V;IPFV;SG;PRS
pa:nt	pa::	V;PRF;SG;PRS
ju:k	ju:kad	V;IPFV;SG;FUT
ñeok	ñed̥ad	V;IPFV;PL;FUT
ʼoilmad	ʼoilmadiñ	V;IMP;PL;PRS
s-wegĭ	s-wegĭ	V;IPFV;PL;PRS
ʼeñigadad	ʼeñigadad	V;PRF;SG;PRS
s-baga	s-bagaiñ	V;IMP;PL;PRS
huhuʼid	huhuʼid	V;IPFV;SG;FUT
mu:	mu:	V;PRF;SG;PRS
ʼonpig	ʼonpiñ	V;IMP;PL;PRS
muʼa	muʼa	V;PRF;PL;PRS
wakon	s-kon	V;IPFV;SG;PRS
s̥onpig	s̥onpigiñ	V;IMP;PL;PRS
si:s̥p	si:s̥p	V;PRF;PL;PRS
ceggia	ceggia	V;IPFV;PL;PRS
s-ju:k	s-ju:k	V;IPFV;SG;PRS
hagpig	hagpid	V;IPFV;SG;FUT
kuint	kuintad	V;IPFV;PL;FUT
woson	woso	V;PRF;SG;PRS
wamigĭ	wahogid	V;IPFV;SG;FUT
ʼoʼohan	ʼoʼohanad	V;IPFV;PL;FUT
woson	wosŏ	V;IPFV;PL;PRS
tod̥k	tod̥kad	V;IPFV;PL;FUT
s-oam	s-oidiñ	V;IMP;PL;PRS
ko:ji	ko:ji	N;PL
ju:k	ju:k	V;IPFV;SG;PRS
s-bi:dagĭ	s-bi:dagid	V;IPFV;PL;FUT
nolawt	nolawtad	V;IPFV;PL;FUT
wainom	wainom	N;SG
wakonakud̥	wakonakud̥	N;PL
cendad	cendadad	V;IPFV;SG;FUT
hagpig	hagpi	V;IPFV;SG;PRS
ñeok	ñe	V;PRF;PL;PRS
ʼonpig	ʼonpid	V;IPFV;PL;FUT
na:d	na:diñ	V;IMP;PL;PRS
ñeʼe	ñeʼeiñ	V;IMP;PL;PRS
ʼelid	ʼelid	V;IPFV;PL;PRS
lo:go	lo:goiñ	V;IMP;SG;PRS
siwĭ	siwĭiñ	V;IMP;PL;PRS
ma:k	ma:giñ	V;IMP;SG;PRS
s-kawk	s-kawkiñ	V;IMP;PL;PRS
mehĭ	mehĭ	N;PL
wu:s̥ad	wu:s̥añ	V;IMP;PL;PRS
koʼa	koʼa	V;PRF;PL;PRS
dagkon	s-gkon	V;IPFV;SG;PRS
kamis̥	kamis̥	N;SG
sitolmad	sitolmad	V;PRF;PL;PRS
ʼeñga	ʼeñgaad	V;IPFV;PL;FUT
ʼoʼohana	ʼoʼohana	N;PL
we:nag	we:nag	N;SG
wakon	kukon	V;PRF;PL;PRS
dahă	da:siñ	V;IMP;PL;PRS
a:gid	a:gi	V;PRF;SG;PRS
wakon	kukon	V;PRF;SG;PRS
keickwa	keickwaad	V;IPFV;PL;FUT
ba:b	ba:b	N;PL
s-he:pid	s-he:pidiñ	V;IMP;PL;PRS
s̥onpig	s̥onpigad	V;IPFV;PL;FUT
hewek	hewekad	V;IPFV;SG;FUT
s-moik	s-moidiñ	V;IMP;PL;PRS
Ci:no	Ci:la	N;SG
med̥	med̥iñ	V;IMP;PL;PRS
siʼi	siʼgiñ	V;IMP;SG;PRS
bisc	bisc	V;PRF;PL;PRS
wakon	wekoniñ	V;IMP;PL;PRS
kaij	kaigiñ	V;IMP;SG;PRS
ʼi:e	ʼi:e	V;PRF;PL;PRS
wu:s̥	wu::	V;PRF;SG;PRS
pisalt	pisalt	V;PRF;SG;PRS
hukpig	hukpi	V;PRF;PL;PRS
maistla	maistla	N;PL
ka:c	ka:cad	V;IPFV;PL;FUT
s-kaidag	s-kaidagiñ	V;IMP;PL;PRS
s-oam	s-oid	V;IPFV;SG;PRS
cuʼimad	cuʼimadad	V;IPFV;SG;FUT
s̥onpig	s̥onpig	V;PRF;SG;PRS
ʼoimed̥	ʼoimed̥iñ	V;IMP;PL;PRS
wu:s̥ad	wu:s̥agiñ	V;IMP;SG;PRS
baʼa	baidiñ	V;IMP;SG;PRS
s-ape	s-ape	V;IPFV;SG;PRS
s-wihonig	s-wihonid	V;IPFV;SG;PRS
ceposid	cepos	V;PRF;PL;PRS
ku:bsmad	ku:bsmad	V;IPFV;SG;PRS
wu:s̥ad	wu:s̥ad	V;IPFV;PL;FUT
ñeʼe	ñeʼead	V;IPFV;SG;FUT
ke:k	ke:kad	V;IPFV;SG;FUT
cipkan	cipkad	V;IPFV;PL;FUT
sitolmad	sitolmadiñ	V;IMP;PL;PRS
hihidod̥	hihidod̥iñ	V;IMP;PL;PRS
kuint	kuint	V;IPFV;SG;PRS
bisc	biscad	V;IPFV;SG;FUT
hu:kajid	hu:kajid	V;IPFV;PL;FUT
s-wohocid	s-wohocd̥ad	V;IPFV;PL;FUT
waid	waidad	V;IPFV;SG;FUT
