darba	darbatee	V;MASC;SG;3;PST
kolf	kolfaajiraa	V;MASC;SG;3;PRS
jalqaba	jalqabaaajiraa	V;SG;1;PRS
arg	niargnnaa	V;PL;1;FUT
cuqaas	nicuqaastanii	V;PL;3;FUT
ergaa	niergaataa	V;MASC;SG;3;FUT
bilbil	bilbilnee	V;PL;1;PST
afuuf	afuufuu	V;NFIN
gogooks	gogooksaajirtaa	V;SG;2;PRS
tur	niturdhaa	V;SG;1;FUT
jaalala	nijaalalattaa	V;SG;2;FUT
fuudh	nifuudhttuu	V;PL;2;FUT
dhandham	dhandhamaajirtaa	V;SG;2;PRS
hurguf	hurgufaajiranii	V;PL;3;PRS
eeg	eegaajiraa	V;MASC;SG;3;PRS
iyy	iyyuu	V;NFIN
yaada	yaadaaajirtaa	V;SG;2;PRS
fid	fidaajiraa	V;PL;1;PRS
qabdii	niqabdiittuu	V;PL;2;FUT
nyaa	nyaattanii	V;PL;2;PST
heerum	heerumaajiraa	V;PL;1;PRS
nagaa gaafa	nagaa gaafatanii	V;PL;3;PST
hojje	hojjeaajirtii	V;FEM;SG;3;PRS
ijaar	niijaarttaa	V;SG;2;FUT
tol	nitoltaa	V;MASC;SG;3;FUT
fuudh	fuudhaajiranii	V;PL;3;PRS
tol	nitolttii	V;FEM;SG;3;FUT
ka'	ka'aajirtii	V;FEM;SG;3;PRS
fayy	fayyaajiraa	V;MASC;SG;3;PRS
mur	muraajiranii	V;PL;3;PRS
tuq	tuqaajiraa	V;PL;1;PRS
barsiis	barsiisaajirtuu	V;PL;2;PRS
safar	nisafartaa	V;MASC;SG;3;FUT
dhaaba	dhaabaaajirtaa	V;SG;2;PRS
jalqaba	jalqabaaajirtaa	V;SG;2;PRS
ajjees	ajjeesaajirtii	V;FEM;SG;3;PRS
arga	argaaajiraa	V;SG;1;PRS
ciniin	ciniinaajirtaa	V;SG;2;PRS
arga	argauu	V;NFIN
jibb	jibbaajiraa	V;MASC;SG;3;PRS
balleess	balleessttee	V;SG;2;PST
ba'a	ba'aaajiraa	V;SG;1;PRS
ilaal	ilaalttanii	V;PL;2;PST
haxxifa	nihaxxifataa	V;MASC;SG;3;FUT
fuumfa	fuumfatee	V;MASC;SG;3;PST
jalqaba	jalqabadhee	V;SG;1;PST
hurguf	nihurguftanii	V;PL;3;FUT
cuuf	cuuftanii	V;PL;3;PST
barsiis	barsiisaajiranii	V;PL;3;PRS
aman	niamandhaa	V;SG;1;FUT
iyy	niiyyttaa	V;SG;2;FUT
ka'	nika'tanii	V;PL;3;FUT
taa'	taa'nee	V;PL;1;PST
dhaabadhu	dhaabadhuaajirtaa	V;SG;2;PRS
qabu	niqabuttaa	V;SG;2;FUT
tur	niturttaa	V;SG;2;FUT
bit	bittee	V;MASC;SG;3;PST
gurgur	gurgurttanii	V;PL;2;PST
qabu	qabuaajiraa	V;SG;1;PRS
fayy	fayyttee	V;SG;2;PST
deemi	nideeminnaa	V;PL;1;FUT
kolf	nikolfttii	V;FEM;SG;3;FUT
fayy	fayyaajiraa	V;PL;1;PRS
waliin hira	waliin hiratee	V;MASC;SG;3;PST
haat	haatnee	V;PL;1;PST
dhuf	dhufdhee	V;SG;1;PST
barsiis	barsiisttee	V;FEM;SG;3;PST
qabdii	qabdiiaajirtii	V;FEM;SG;3;PRS
qabdii	qabdiittanii	V;PL;2;PST
barsiis	nibarsiisttaa	V;SG;2;FUT
fix	fixdhee	V;SG;1;PST
dhandham	dhandhamaajiranii	V;PL;3;PRS
bit	bitdhee	V;SG;1;PST
barsiis	barsiisdhee	V;SG;1;PST
boo'	niboo'ttii	V;FEM;SG;3;FUT
mur	nimurttaa	V;SG;2;FUT
arga	argaaajirtuu	V;PL;2;PRS
boo'	boo'aajirtii	V;FEM;SG;3;PRS
dhuf	dhufuu	V;NFIN
barbaad	barbaadaajirtuu	V;PL;2;PRS
haat	nihaattaa	V;MASC;SG;3;FUT
dubbis	dubbisaajiraa	V;PL;1;PRS
kolf	kolfnee	V;PL;1;PST
haxxifa	nihaxxifannaa	V;PL;1;FUT
jiraa	jiraanee	V;PL;1;PST
tuq	tuqaajiraa	V;SG;1;PRS
dhal	dhalaajiraa	V;SG;1;PRS
du'	nidu'ttii	V;FEM;SG;3;FUT
sirbu	sirbuaajiranii	V;PL;3;PRS
dachaasu	dachaasuttee	V;FEM;SG;3;PST
qabu	qabuttanii	V;PL;2;PST
dhal	nidhalttuu	V;PL;2;FUT
du'	du'aajiraa	V;PL;1;PRS
harkis	harkisttee	V;SG;2;PST
galata	galatauu	V;NFIN
fayy	fayyttee	V;FEM;SG;3;PST
dubbis	dubbisaajiranii	V;PL;3;PRS
fid	nifidnnaa	V;PL;1;FUT
dhuf	dhufaajiraa	V;SG;1;PRS
afuuf	afuufttanii	V;PL;2;PST
arg	niargtaa	V;MASC;SG;3;FUT
hurguf	hurgufaajiraa	V;PL;1;PRS
ta'	ta'aajiraa	V;MASC;SG;3;PRS
ba'a	ba'aaajiraa	V;MASC;SG;3;PRS
guddina	guddinanee	V;PL;1;PST
qabu	qabuaajirtii	V;FEM;SG;3;PRS
dhandham	nidhandhamttaa	V;SG;2;FUT
gogooks	nigogooksdhaa	V;SG;1;FUT
taa'	taa'aajiranii	V;PL;3;PRS
kolf	nikolftanii	V;PL;3;FUT
huba	hubaaajiranii	V;PL;3;PRS
deemaa	nideemaatanii	V;PL;3;FUT
du'	nidu'ttuu	V;PL;2;FUT
tur	turttanii	V;PL;2;PST
fayy	fayyaajirtaa	V;SG;2;PRS
dhagay	dhagaydhee	V;SG;1;PST
qabu	niqabuttii	V;FEM;SG;3;FUT
jiraa	jiraauu	V;NFIN
ergaa	niergaattii	V;FEM;SG;3;FUT
miicc	miicctee	V;MASC;SG;3;PST
ban	nibanttuu	V;PL;2;FUT
du'	du'aajirtii	V;FEM;SG;3;PRS
dhaabadhu	dhaabadhuaajiraa	V;PL;1;PRS
dhug	dhugaajiraa	V;PL;1;PRS
ba'a	ba'atanii	V;PL;3;PST
fiig	nifiignnaa	V;PL;1;FUT
bilcheess	bilcheessdhee	V;SG;1;PST
tol	tolaajirtii	V;FEM;SG;3;PRS
cuuf	cuufaajiraa	V;PL;1;PRS
fayy	fayydhee	V;SG;1;PST
deemaa	deemaanee	V;PL;1;PST
fuumfa	fuumfaaajiraa	V;SG;1;PRS
dhuf	nidhufttaa	V;SG;2;FUT
deemaa	deemaaaajirtuu	V;PL;2;PRS
yaada	yaadaaajiraa	V;SG;1;PRS
taa'	nitaa'ttii	V;FEM;SG;3;FUT
sirbu	sirbutanii	V;PL;3;PST
guddina	guddinauu	V;NFIN
dhagay	dhagayaajirtuu	V;PL;2;PRS
huba	hubauu	V;NFIN
jaalala	nijaalalattii	V;FEM;SG;3;FUT
dhaabadhu	nidhaabadhuttuu	V;PL;2;FUT
beek	beekaajiraa	V;MASC;SG;3;PRS
afuuf	niafuufdhaa	V;SG;1;FUT
gargaarsa	gargaarsatee	V;MASC;SG;3;PST
boo'	niboo'taa	V;MASC;SG;3;FUT
tuq	tuqttanii	V;PL;2;PST
dhiib	dhiibaajiraa	V;MASC;SG;3;PRS
gurgur	nigurgurttuu	V;PL;2;FUT
mur	muraajirtuu	V;PL;2;PRS
hojje	nihojjetaa	V;MASC;SG;3;FUT
harkis	harkisaajiraa	V;PL;1;PRS
hojje	hojjeuu	V;NFIN
yaada	yaadaaajiraa	V;MASC;SG;3;PRS
tuq	tuqnee	V;PL;1;PST
nagaa gaafa	nagaa gaafaaajirtaa	V;SG;2;PRS
qabdii	qabdiittee	V;FEM;SG;3;PST
qabu	qabuaajiraa	V;MASC;SG;3;PRS
gaafa	gaafanee	V;PL;1;PST
taa'	nitaa'tanii	V;PL;3;FUT
arga	argaaajiranii	V;PL;3;PRS
ajjees	ajjeestee	V;MASC;SG;3;PST
darba	nidarbattaa	V;SG;2;FUT
kuf	kufaajiranii	V;PL;3;PRS
dhal	dhalttee	V;SG;2;PST
harkis	harkisaajirtuu	V;PL;2;PRS
waliin hira	waliin hirattanii	V;PL;2;PST
baarreess	nibaarreessttuu	V;PL;2;FUT
kolf	kolftanii	V;PL;3;PST
jedh	jedhuu	V;NFIN
ergaa	ergaaaajiraa	V;MASC;SG;3;PRS
tuq	nituqtaa	V;MASC;SG;3;FUT
balleess	niballeessdhaa	V;SG;1;FUT
dhug	dhugtanii	V;PL;3;PST
bara	baraaajiraa	V;PL;1;PRS
safar	safartanii	V;PL;3;PST
deemaa	deemaaaajiraa	V;SG;1;PRS
miicc	miiccaajiraa	V;SG;1;PRS
harkis	harkisttanii	V;PL;2;PST
barbaad	nibarbaadtaa	V;MASC;SG;3;FUT
waliin hira	waliin hiranee	V;PL;1;PST
ka'	ka'aajiraa	V;SG;1;PRS
afuuf	afuufaajiraa	V;MASC;SG;3;PRS
hurguf	hurgufdhee	V;SG;1;PST
ciniin	niciniindhaa	V;SG;1;FUT
dhaabadhu	dhaabadhuaajiraa	V;MASC;SG;3;PRS
heerum	heerumaajirtuu	V;PL;2;PRS
du'	du'aajiranii	V;PL;3;PRS
sirbu	nisirbuttuu	V;PL;2;FUT
ijaar	ijaaraajirtuu	V;PL;2;PRS
balleess	niballeessttuu	V;PL;2;FUT
titisa	nititisattaa	V;SG;2;FUT
taa'	taa'aajirtii	V;FEM;SG;3;PRS
bit	bittanii	V;PL;3;PST
jiraa	nijiraadhaa	V;SG;1;FUT
miicc	nimiiccttuu	V;PL;2;FUT
jiraa	jiraattee	V;FEM;SG;3;PST
fayy	nifayytanii	V;PL;3;FUT
waliin hira	niwaliin hirataa	V;MASC;SG;3;FUT
fiig	fiigaajiranii	V;PL;3;PRS
mur	nimurnnaa	V;PL;1;FUT
tuq	tuqaajiranii	V;PL;3;PRS
galata	nigalatatanii	V;PL;3;FUT
fid	nifidttii	V;FEM;SG;3;FUT
fuumfa	fuumfaaajiraa	V;MASC;SG;3;PRS
bilbil	bilbilaajiraa	V;MASC;SG;3;PRS
dalagaa	nidalagaattaa	V;SG;2;FUT
ergaa	ergaadhee	V;SG;1;PST
arga	niargattuu	V;PL;2;FUT
hayyam	hayyamttanii	V;PL;2;PST
dubbis	dubbisaajirtii	V;FEM;SG;3;PRS
hurguf	hurgufuu	V;NFIN
du'	nidu'taa	V;MASC;SG;3;FUT
dubba	nidubbannaa	V;PL;1;FUT
tol	tolaajiranii	V;PL;3;PRS
mur	nimurttii	V;FEM;SG;3;FUT
dhuf	nidhufttuu	V;PL;2;FUT
harkis	niharkisttii	V;FEM;SG;3;FUT
dachaasu	dachaasuaajiraa	V;MASC;SG;3;PRS
dhal	dhalaajiraa	V;PL;1;PRS
boo'	boo'aajiraa	V;PL;1;PRS
yaada	yaadaaajirtii	V;FEM;SG;3;PRS
hayyam	hayyamaajiraa	V;SG;1;PRS
dubbis	dubbisaajiraa	V;SG;1;PRS
dhug	nidhugtaa	V;MASC;SG;3;FUT
ijaar	ijaarttanii	V;PL;2;PST
haat	haattanii	V;PL;3;PST
harkis	niharkisttaa	V;SG;2;FUT
safar	safaraajiranii	V;PL;3;PRS
dhiib	dhiibttee	V;FEM;SG;3;PST
deemi	deemittee	V;FEM;SG;3;PST
dhandham	nidhandhamttuu	V;PL;2;FUT
sirbu	sirbuaajiraa	V;SG;1;PRS
dachaasu	dachaasuttee	V;SG;2;PST
deemaa	nideemaattuu	V;PL;2;FUT
arga	niargannaa	V;PL;1;FUT
dhal	dhalttanii	V;PL;2;PST
jaalala	jaalalaaajiraa	V;PL;1;PRS
ajjees	ajjeesaajiraa	V;SG;1;PRS
gargaarsa	nigargaarsataa	V;MASC;SG;3;FUT
dalagaa	dalagaattee	V;SG;2;PST
kuf	kufnee	V;PL;1;PST
dhiib	dhiibtee	V;MASC;SG;3;PST
dhaabadhu	dhaabadhutanii	V;PL;3;PST
fuudh	fuudhtee	V;MASC;SG;3;PST
weellis	weellisaajiraa	V;MASC;SG;3;PRS
dubbis	dubbisaajirtaa	V;SG;2;PRS
fid	fidttee	V;SG;2;PST
bilcheess	nibilcheesstanii	V;PL;3;FUT
ergaa	niergaatanii	V;PL;3;FUT
gurgur	gurguraajiraa	V;PL;1;PRS
dalagaa	dalagaatee	V;MASC;SG;3;PST
dhandham	dhandhamttee	V;SG;2;PST
miicc	nimiiccdhaa	V;SG;1;FUT
huba	hubaaajiraa	V;MASC;SG;3;PRS
arg	niargtanii	V;PL;3;FUT
taa'	taa'aajiraa	V;PL;1;PRS
hojje	nihojjetanii	V;PL;3;FUT
bilcheess	bilcheessttanii	V;PL;2;PST
miicc	miiccaajiranii	V;PL;3;PRS
jaalala	jaalalaaajiraa	V;MASC;SG;3;PRS
dhiib	nidhiibtanii	V;PL;3;FUT
ciniin	ciniinaajiraa	V;PL;1;PRS
tol	tolttee	V;FEM;SG;3;PST
bara	nibarattaa	V;SG;2;FUT
arga	argattee	V;SG;2;PST
fuudh	fuudhttanii	V;PL;2;PST
bit	bitttanii	V;PL;2;PST
dhiib	dhiibdhee	V;SG;1;PST
heerum	heerumaajirtaa	V;SG;2;PRS
cuuf	cuufaajirtii	V;FEM;SG;3;PRS
darba	darbanee	V;PL;1;PST
utaal	utaaluu	V;NFIN
ergaa	ergaauu	V;NFIN
ajjees	niajjeestanii	V;PL;3;FUT
sirbu	sirbunee	V;PL;1;PST
kenn	nikennttaa	V;SG;2;FUT
cuqaas	cuqaasaajiranii	V;PL;3;PRS
baarreess	nibaarreessttii	V;FEM;SG;3;FUT
boo'	boo'aajirtaa	V;SG;2;PRS
taa'	nitaa'nnaa	V;PL;1;FUT
ajjees	niajjeesnnaa	V;PL;1;FUT
arga	argaaajirtii	V;FEM;SG;3;PRS
tol	nitoldhaa	V;SG;1;FUT
dhug	dhugdhee	V;SG;1;PST
dubba	dubbaaajiraa	V;PL;1;PRS
weellis	niweellisttaa	V;SG;2;FUT
harkis	harkisaajirtaa	V;SG;2;PRS
hayyam	hayyamtanii	V;PL;3;PST
aman	amanaajiranii	V;PL;3;PRS
hurguf	nihurgufdhaa	V;SG;1;FUT
galata	nigalatannaa	V;PL;1;FUT
raf	nirafttuu	V;PL;2;FUT
guddina	guddinattee	V;SG;2;PST
arga	niargatanii	V;PL;3;FUT
ilaal	ilaalaajiranii	V;PL;3;PRS
beek	nibeeknnaa	V;PL;1;FUT
bara	nibarataa	V;MASC;SG;3;FUT
kuf	nikufnnaa	V;PL;1;FUT
dhandham	dhandhamaajirtuu	V;PL;2;PRS
kolf	kolfaajiraa	V;SG;1;PRS
cuuf	cuufttee	V;SG;2;PST
baarreess	baarreessaajiranii	V;PL;3;PRS
jalqaba	jalqabattanii	V;PL;2;PST
dalagaa	dalagaattee	V;FEM;SG;3;PST
yaada	yaadaaajirtii	V;FEM;SG;3;PRS
hayyam	nihayyamttaa	V;SG;2;FUT
fuudh	fuudhaajiraa	V;SG;1;PRS
haxxifa	haxxifaaajiraa	V;PL;1;PRS
weellis	weellisttanii	V;PL;2;PST
kolf	kolfaajirtuu	V;PL;2;PRS
sirbu	sirbuaajirtuu	V;PL;2;PRS
utaal	utaaldhee	V;SG;1;PST
huba	hubattanii	V;PL;2;PST
fid	fiduu	V;NFIN
gurgur	gurgurtee	V;MASC;SG;3;PST
weellis	weellisttee	V;FEM;SG;3;PST
haat	haatttee	V;FEM;SG;3;PST
raf	raftanii	V;PL;3;PST
nyaa	nyaatanii	V;PL;3;PST
miicc	miiccaajirtuu	V;PL;2;PRS
deemi	deeminee	V;PL;1;PST
dubba	nidubbattuu	V;PL;2;FUT
geggeess	geggeessaajiraa	V;PL;1;PRS
ta'	ta'ttee	V;SG;2;PST
safar	safaraajiraa	V;PL;1;PRS
nyaa	nyaaaajiranii	V;PL;3;PRS
ta'	ta'ttanii	V;PL;2;PST
quunam	quunamttee	V;FEM;SG;3;PST
jiraa	nijiraataa	V;MASC;SG;3;FUT
bara	baraaajiraa	V;SG;1;PRS
fix	nifixdhaa	V;SG;1;FUT
huba	nihubannaa	V;PL;1;FUT
haxxifa	nihaxxifatanii	V;PL;3;FUT
boo'	niboo'ttaa	V;SG;2;FUT
ciniin	ciniinuu	V;NFIN
gurgur	nigurgurttaa	V;SG;2;FUT
dubba	dubbattanii	V;PL;2;PST
harkis	harkistanii	V;PL;3;PST
fid	fidaajiraa	V;SG;1;PRS
haat	nihaatttuu	V;PL;2;FUT
haxxifa	haxxifadhee	V;SG;1;PST
tuq	nituqttuu	V;PL;2;FUT
geggeess	nigeggeessttaa	V;SG;2;FUT
mur	murtee	V;MASC;SG;3;PST
gogooks	gogooksttee	V;SG;2;PST
jaalala	nijaalalataa	V;MASC;SG;3;FUT
gogooks	nigogookstaa	V;MASC;SG;3;FUT
barbaad	nibarbaadnnaa	V;PL;1;FUT
titisa	titisattee	V;SG;2;PST
gaafa	nigaafatanii	V;PL;3;FUT
dhal	nidhaltanii	V;PL;3;FUT
ban	banaajirtuu	V;PL;2;PRS
fid	fidttanii	V;PL;2;PST
miicc	nimiiccnnaa	V;PL;1;FUT
tur	niturtaa	V;MASC;SG;3;FUT
dalagaa	dalagaatanii	V;PL;3;PST
gurgur	gurgurnee	V;PL;1;PST
ciniin	ciniindhee	V;SG;1;PST
raf	rafaajirtii	V;FEM;SG;3;PRS
dhandham	dhandhamttanii	V;PL;2;PST
darba	darbaaajiraa	V;MASC;SG;3;PRS
raf	rafuu	V;NFIN
fuumfa	nifuumfatanii	V;PL;3;FUT
afuuf	afuufaajirtaa	V;SG;2;PRS
ijaar	niijaarttuu	V;PL;2;FUT
nyaa	nyaaaajirtuu	V;PL;2;PRS
eeg	eegttee	V;SG;2;PST
jedh	nijedhttaa	V;SG;2;FUT
ajjees	ajjeesaajirtuu	V;PL;2;PRS
guddina	guddinaaajirtii	V;FEM;SG;3;PRS
mur	murtanii	V;PL;3;PST
deemaa	nideemaataa	V;MASC;SG;3;FUT
raf	rafaajiraa	V;PL;1;PRS
fuudh	nifuudhdhaa	V;SG;1;FUT
utaal	utaalttanii	V;PL;2;PST
taa'	nitaa'ttaa	V;SG;2;FUT
heerum	heerumaajiraa	V;SG;1;PRS
fedha	nifedhannaa	V;PL;1;FUT
barbaad	barbaadaajiraa	V;PL;1;PRS
fuudh	fuudhdhee	V;SG;1;PST
iyy	niiyynnaa	V;PL;1;FUT
ta'	nita'dhaa	V;SG;1;FUT
jiraa	jiraaaajirtii	V;FEM;SG;3;PRS
dhal	dhalnee	V;PL;1;PST
taa'	taa'aajirtaa	V;SG;2;PRS
nagaa gaafa	ninagaa gaafadhaa	V;SG;1;FUT
weellis	weellistanii	V;PL;3;PST
taa'	nitaa'ttuu	V;PL;2;FUT
deemaa	deemaaaajirtaa	V;SG;2;PRS
hojje	hojjeaajirtaa	V;SG;2;PRS
kenn	nikenntaa	V;MASC;SG;3;FUT
dhaabadhu	dhaabadhuaajiraa	V;SG;1;PRS
galata	nigalatadhaa	V;SG;1;FUT
titisa	titisauu	V;NFIN
haxxifa	haxxifauu	V;NFIN
fuumfa	fuumfaaajirtii	V;FEM;SG;3;PRS
dhal	dhalaajirtaa	V;SG;2;PRS
miicc	miicctanii	V;PL;3;PST
ergaa	ergaanee	V;PL;1;PST
gargaarsa	gargaarsattee	V;FEM;SG;3;PST
deemi	deemiuu	V;NFIN
fedha	fedhaaajiraa	V;SG;1;PRS
kolf	kolfttee	V;FEM;SG;3;PST
quunam	quunamtee	V;MASC;SG;3;PST
